[ 2017-03-14T13:21:25+08:00 ] 127.0.0.1 /
INFO: [ app_init ] --START--
INFO: Run Behavior\BuildLiteBehavior [ RunTime:0.000017s ]
INFO: [ app_init ] --END-- [ RunTime:0.000688s ]
INFO: [ app_begin ] --START--
INFO: Run Behavior\ReadHtmlCacheBehavior [ RunTime:0.000728s ]
INFO: [ app_begin ] --END-- [ RunTime:0.000778s ]
SQL: SHOW COLUMNS FROM `opinion` [ RunTime:0.0343s ]
SQL: SELECT * FROM `opinion` WHERE ( name='title' ) LIMIT 1   [ RunTime:0.0344s ]
SQL: SELECT * FROM `opinion` WHERE ( name='logo' ) LIMIT 1   [ RunTime:0.0337s ]
SQL: SHOW COLUMNS FROM `content` [ RunTime:0.0340s ]
SQL: SELECT * FROM `content` WHERE ( name='topNewsTitle' ) LIMIT 1   [ RunTime:0.0342s ]
SQL: SELECT * FROM `content` WHERE ( name='topNewsText' ) LIMIT 1   [ RunTime:0.0333s ]
SQL: SELECT * FROM `content` WHERE ( name='warn' ) LIMIT 1   [ RunTime:0.0337s ]
SQL: SHOW COLUMNS FROM `news` [ RunTime:0.0342s ]
SQL: SELECT * FROM `news` ORDER BY date desc  [ RunTime:0.0394s ]
INFO: [ view_parse ] --START--
INFO: [ template_filter ] --START--
INFO: Run Behavior\ContentReplaceBehavior [ RunTime:0.000095s ]
INFO: [ template_filter ] --END-- [ RunTime:0.000146s ]
NOTIC: [8192] mysql_connect(): The mysql extension is deprecated and will be removed in the future: use mysqli or PDO instead D:\xampp\htdocs\shop\Runtime\Cache\Home\2f412aae274b751dca883838bf7e7502.php 第 62 行.
NOTIC: [8] Undefined variable: des D:\xampp\htdocs\shop\Runtime\Cache\Home\2f412aae274b751dca883838bf7e7502.php 第 62 行.
NOTIC: [8] Undefined variable: des D:\xampp\htdocs\shop\Runtime\Cache\Home\2f412aae274b751dca883838bf7e7502.php 第 62 行.
NOTIC: [8] Undefined variable: des D:\xampp\htdocs\shop\Runtime\Cache\Home\2f412aae274b751dca883838bf7e7502.php 第 62 行.
NOTIC: [8] Undefined variable: des D:\xampp\htdocs\shop\Runtime\Cache\Home\2f412aae274b751dca883838bf7e7502.php 第 62 行.
NOTIC: [8] Undefined variable: des D:\xampp\htdocs\shop\Runtime\Cache\Home\2f412aae274b751dca883838bf7e7502.php 第 62 行.
NOTIC: [8] Undefined variable: des D:\xampp\htdocs\shop\Runtime\Cache\Home\2f412aae274b751dca883838bf7e7502.php 第 62 行.
NOTIC: [8] Undefined variable: des D:\xampp\htdocs\shop\Runtime\Cache\Home\2f412aae274b751dca883838bf7e7502.php 第 62 行.
NOTIC: [8] Undefined variable: des D:\xampp\htdocs\shop\Runtime\Cache\Home\2f412aae274b751dca883838bf7e7502.php 第 62 行.
NOTIC: [8] Undefined variable: des D:\xampp\htdocs\shop\Runtime\Cache\Home\2f412aae274b751dca883838bf7e7502.php 第 62 行.
NOTIC: [8] Undefined variable: des D:\xampp\htdocs\shop\Runtime\Cache\Home\2f412aae274b751dca883838bf7e7502.php 第 62 行.
NOTIC: [8] Undefined variable: des D:\xampp\htdocs\shop\Runtime\Cache\Home\2f412aae274b751dca883838bf7e7502.php 第 62 行.
NOTIC: [8] Undefined variable: des D:\xampp\htdocs\shop\Runtime\Cache\Home\2f412aae274b751dca883838bf7e7502.php 第 62 行.
NOTIC: [8] Undefined variable: des D:\xampp\htdocs\shop\Runtime\Cache\Home\2f412aae274b751dca883838bf7e7502.php 第 62 行.
NOTIC: [8] Undefined variable: des D:\xampp\htdocs\shop\Runtime\Cache\Home\2f412aae274b751dca883838bf7e7502.php 第 62 行.
NOTIC: [8] Undefined variable: des D:\xampp\htdocs\shop\Runtime\Cache\Home\2f412aae274b751dca883838bf7e7502.php 第 62 行.
NOTIC: [8] Undefined variable: des D:\xampp\htdocs\shop\Runtime\Cache\Home\2f412aae274b751dca883838bf7e7502.php 第 62 行.
NOTIC: [8] Undefined variable: des D:\xampp\htdocs\shop\Runtime\Cache\Home\2f412aae274b751dca883838bf7e7502.php 第 62 行.
NOTIC: [8] Undefined variable: des D:\xampp\htdocs\shop\Runtime\Cache\Home\2f412aae274b751dca883838bf7e7502.php 第 62 行.
NOTIC: [8] Undefined variable: des D:\xampp\htdocs\shop\Runtime\Cache\Home\2f412aae274b751dca883838bf7e7502.php 第 62 行.
NOTIC: [8] Undefined variable: des D:\xampp\htdocs\shop\Runtime\Cache\Home\2f412aae274b751dca883838bf7e7502.php 第 62 行.
NOTIC: [8] Undefined variable: des D:\xampp\htdocs\shop\Runtime\Cache\Home\2f412aae274b751dca883838bf7e7502.php 第 62 行.
NOTIC: [8] Undefined variable: color D:\xampp\htdocs\shop\Runtime\Cache\Home\2f412aae274b751dca883838bf7e7502.php 第 62 行.
NOTIC: [8] Undefined variable: color D:\xampp\htdocs\shop\Runtime\Cache\Home\2f412aae274b751dca883838bf7e7502.php 第 62 行.
NOTIC: [8] Undefined variable: color D:\xampp\htdocs\shop\Runtime\Cache\Home\2f412aae274b751dca883838bf7e7502.php 第 62 行.
NOTIC: [8] Undefined variable: color D:\xampp\htdocs\shop\Runtime\Cache\Home\2f412aae274b751dca883838bf7e7502.php 第 62 行.
NOTIC: [8] Undefined variable: color D:\xampp\htdocs\shop\Runtime\Cache\Home\2f412aae274b751dca883838bf7e7502.php 第 62 行.
NOTIC: [8] Undefined variable: color D:\xampp\htdocs\shop\Runtime\Cache\Home\2f412aae274b751dca883838bf7e7502.php 第 62 行.
NOTIC: [8] Undefined variable: color D:\xampp\htdocs\shop\Runtime\Cache\Home\2f412aae274b751dca883838bf7e7502.php 第 62 行.
NOTIC: [8] Undefined variable: color D:\xampp\htdocs\shop\Runtime\Cache\Home\2f412aae274b751dca883838bf7e7502.php 第 62 行.
NOTIC: [8] Undefined variable: color D:\xampp\htdocs\shop\Runtime\Cache\Home\2f412aae274b751dca883838bf7e7502.php 第 62 行.
NOTIC: [8] Undefined variable: color D:\xampp\htdocs\shop\Runtime\Cache\Home\2f412aae274b751dca883838bf7e7502.php 第 62 行.
NOTIC: [8] Undefined variable: color D:\xampp\htdocs\shop\Runtime\Cache\Home\2f412aae274b751dca883838bf7e7502.php 第 62 行.
NOTIC: [8] Undefined variable: color D:\xampp\htdocs\shop\Runtime\Cache\Home\2f412aae274b751dca883838bf7e7502.php 第 62 行.
NOTIC: [8] Undefined variable: color D:\xampp\htdocs\shop\Runtime\Cache\Home\2f412aae274b751dca883838bf7e7502.php 第 62 行.
NOTIC: [8] Undefined variable: color D:\xampp\htdocs\shop\Runtime\Cache\Home\2f412aae274b751dca883838bf7e7502.php 第 62 行.
NOTIC: [8] Undefined variable: color D:\xampp\htdocs\shop\Runtime\Cache\Home\2f412aae274b751dca883838bf7e7502.php 第 62 行.
NOTIC: [8] Undefined variable: color D:\xampp\htdocs\shop\Runtime\Cache\Home\2f412aae274b751dca883838bf7e7502.php 第 62 行.
NOTIC: [8] Undefined variable: color D:\xampp\htdocs\shop\Runtime\Cache\Home\2f412aae274b751dca883838bf7e7502.php 第 62 行.
NOTIC: [8] Undefined variable: color D:\xampp\htdocs\shop\Runtime\Cache\Home\2f412aae274b751dca883838bf7e7502.php 第 62 行.
NOTIC: [8] Undefined variable: color D:\xampp\htdocs\shop\Runtime\Cache\Home\2f412aae274b751dca883838bf7e7502.php 第 62 行.
NOTIC: [8] Undefined variable: color D:\xampp\htdocs\shop\Runtime\Cache\Home\2f412aae274b751dca883838bf7e7502.php 第 62 行.
NOTIC: [8] Undefined variable: color D:\xampp\htdocs\shop\Runtime\Cache\Home\2f412aae274b751dca883838bf7e7502.php 第 62 行.
INFO: Run Behavior\ParseTemplateBehavior [ RunTime:2.420106s ]
INFO: [ view_parse ] --END-- [ RunTime:2.420187s ]
INFO: [ view_filter ] --START--
INFO: Run Behavior\WriteHtmlCacheBehavior [ RunTime:0.019723s ]
INFO: [ view_filter ] --END-- [ RunTime:0.019783s ]
INFO: [ app_end ] --START--
INFO: Run Behavior\ShowPageTraceBehavior [ RunTime:0.018974s ]
INFO: [ app_end ] --END-- [ RunTime:0.019043s ]

[ 2017-03-14T13:21:29+08:00 ] 127.0.0.1 /
INFO: [ app_init ] --START--
INFO: Run Behavior\BuildLiteBehavior [ RunTime:0.000011s ]
INFO: [ app_init ] --END-- [ RunTime:0.000372s ]
INFO: [ app_begin ] --START--
INFO: Run Behavior\ReadHtmlCacheBehavior [ RunTime:0.000525s ]
INFO: [ app_begin ] --END-- [ RunTime:0.000575s ]
SQL: SHOW COLUMNS FROM `opinion` [ RunTime:0.0702s ]
SQL: SELECT * FROM `opinion` WHERE ( name='title' ) LIMIT 1   [ RunTime:0.1015s ]
SQL: SELECT * FROM `opinion` WHERE ( name='logo' ) LIMIT 1   [ RunTime:0.0412s ]
SQL: SHOW COLUMNS FROM `content` [ RunTime:0.0439s ]
SQL: SELECT * FROM `content` WHERE ( name='topNewsTitle' ) LIMIT 1   [ RunTime:0.0653s ]
SQL: SELECT * FROM `content` WHERE ( name='topNewsText' ) LIMIT 1   [ RunTime:0.0490s ]
SQL: SELECT * FROM `content` WHERE ( name='warn' ) LIMIT 1   [ RunTime:0.0595s ]
SQL: SHOW COLUMNS FROM `news` [ RunTime:0.0611s ]
SQL: SELECT * FROM `news` ORDER BY date desc  [ RunTime:0.0376s ]
INFO: [ view_parse ] --START--
INFO: [ template_filter ] --START--
INFO: Run Behavior\ContentReplaceBehavior [ RunTime:0.000078s ]
INFO: [ template_filter ] --END-- [ RunTime:0.000119s ]
NOTIC: [8192] mysql_connect(): The mysql extension is deprecated and will be removed in the future: use mysqli or PDO instead D:\xampp\htdocs\shop\Runtime\Cache\Home\2f412aae274b751dca883838bf7e7502.php 第 62 行.
NOTIC: [8] Undefined variable: des D:\xampp\htdocs\shop\Runtime\Cache\Home\2f412aae274b751dca883838bf7e7502.php 第 62 行.
NOTIC: [8] Undefined variable: des D:\xampp\htdocs\shop\Runtime\Cache\Home\2f412aae274b751dca883838bf7e7502.php 第 62 行.
NOTIC: [8] Undefined variable: des D:\xampp\htdocs\shop\Runtime\Cache\Home\2f412aae274b751dca883838bf7e7502.php 第 62 行.
NOTIC: [8] Undefined variable: des D:\xampp\htdocs\shop\Runtime\Cache\Home\2f412aae274b751dca883838bf7e7502.php 第 62 行.
NOTIC: [8] Undefined variable: des D:\xampp\htdocs\shop\Runtime\Cache\Home\2f412aae274b751dca883838bf7e7502.php 第 62 行.
NOTIC: [8] Undefined variable: des D:\xampp\htdocs\shop\Runtime\Cache\Home\2f412aae274b751dca883838bf7e7502.php 第 62 行.
NOTIC: [8] Undefined variable: des D:\xampp\htdocs\shop\Runtime\Cache\Home\2f412aae274b751dca883838bf7e7502.php 第 62 行.
NOTIC: [8] Undefined variable: des D:\xampp\htdocs\shop\Runtime\Cache\Home\2f412aae274b751dca883838bf7e7502.php 第 62 行.
NOTIC: [8] Undefined variable: des D:\xampp\htdocs\shop\Runtime\Cache\Home\2f412aae274b751dca883838bf7e7502.php 第 62 行.
NOTIC: [8] Undefined variable: des D:\xampp\htdocs\shop\Runtime\Cache\Home\2f412aae274b751dca883838bf7e7502.php 第 62 行.
NOTIC: [8] Undefined variable: des D:\xampp\htdocs\shop\Runtime\Cache\Home\2f412aae274b751dca883838bf7e7502.php 第 62 行.
NOTIC: [8] Undefined variable: des D:\xampp\htdocs\shop\Runtime\Cache\Home\2f412aae274b751dca883838bf7e7502.php 第 62 行.
NOTIC: [8] Undefined variable: des D:\xampp\htdocs\shop\Runtime\Cache\Home\2f412aae274b751dca883838bf7e7502.php 第 62 行.
NOTIC: [8] Undefined variable: des D:\xampp\htdocs\shop\Runtime\Cache\Home\2f412aae274b751dca883838bf7e7502.php 第 62 行.
NOTIC: [8] Undefined variable: des D:\xampp\htdocs\shop\Runtime\Cache\Home\2f412aae274b751dca883838bf7e7502.php 第 62 行.
NOTIC: [8] Undefined variable: des D:\xampp\htdocs\shop\Runtime\Cache\Home\2f412aae274b751dca883838bf7e7502.php 第 62 行.
NOTIC: [8] Undefined variable: des D:\xampp\htdocs\shop\Runtime\Cache\Home\2f412aae274b751dca883838bf7e7502.php 第 62 行.
NOTIC: [8] Undefined variable: des D:\xampp\htdocs\shop\Runtime\Cache\Home\2f412aae274b751dca883838bf7e7502.php 第 62 行.
NOTIC: [8] Undefined variable: des D:\xampp\htdocs\shop\Runtime\Cache\Home\2f412aae274b751dca883838bf7e7502.php 第 62 行.
NOTIC: [8] Undefined variable: des D:\xampp\htdocs\shop\Runtime\Cache\Home\2f412aae274b751dca883838bf7e7502.php 第 62 行.
NOTIC: [8] Undefined variable: des D:\xampp\htdocs\shop\Runtime\Cache\Home\2f412aae274b751dca883838bf7e7502.php 第 62 行.
NOTIC: [8] Undefined variable: color D:\xampp\htdocs\shop\Runtime\Cache\Home\2f412aae274b751dca883838bf7e7502.php 第 62 行.
NOTIC: [8] Undefined variable: color D:\xampp\htdocs\shop\Runtime\Cache\Home\2f412aae274b751dca883838bf7e7502.php 第 62 行.
NOTIC: [8] Undefined variable: color D:\xampp\htdocs\shop\Runtime\Cache\Home\2f412aae274b751dca883838bf7e7502.php 第 62 行.
NOTIC: [8] Undefined variable: color D:\xampp\htdocs\shop\Runtime\Cache\Home\2f412aae274b751dca883838bf7e7502.php 第 62 行.
NOTIC: [8] Undefined variable: color D:\xampp\htdocs\shop\Runtime\Cache\Home\2f412aae274b751dca883838bf7e7502.php 第 62 行.
NOTIC: [8] Undefined variable: color D:\xampp\htdocs\shop\Runtime\Cache\Home\2f412aae274b751dca883838bf7e7502.php 第 62 行.
NOTIC: [8] Undefined variable: color D:\xampp\htdocs\shop\Runtime\Cache\Home\2f412aae274b751dca883838bf7e7502.php 第 62 行.
NOTIC: [8] Undefined variable: color D:\xampp\htdocs\shop\Runtime\Cache\Home\2f412aae274b751dca883838bf7e7502.php 第 62 行.
NOTIC: [8] Undefined variable: color D:\xampp\htdocs\shop\Runtime\Cache\Home\2f412aae274b751dca883838bf7e7502.php 第 62 行.
NOTIC: [8] Undefined variable: color D:\xampp\htdocs\shop\Runtime\Cache\Home\2f412aae274b751dca883838bf7e7502.php 第 62 行.
NOTIC: [8] Undefined variable: color D:\xampp\htdocs\shop\Runtime\Cache\Home\2f412aae274b751dca883838bf7e7502.php 第 62 行.
NOTIC: [8] Undefined variable: color D:\xampp\htdocs\shop\Runtime\Cache\Home\2f412aae274b751dca883838bf7e7502.php 第 62 行.
NOTIC: [8] Undefined variable: color D:\xampp\htdocs\shop\Runtime\Cache\Home\2f412aae274b751dca883838bf7e7502.php 第 62 行.
NOTIC: [8] Undefined variable: color D:\xampp\htdocs\shop\Runtime\Cache\Home\2f412aae274b751dca883838bf7e7502.php 第 62 行.
NOTIC: [8] Undefined variable: color D:\xampp\htdocs\shop\Runtime\Cache\Home\2f412aae274b751dca883838bf7e7502.php 第 62 行.
NOTIC: [8] Undefined variable: color D:\xampp\htdocs\shop\Runtime\Cache\Home\2f412aae274b751dca883838bf7e7502.php 第 62 行.
NOTIC: [8] Undefined variable: color D:\xampp\htdocs\shop\Runtime\Cache\Home\2f412aae274b751dca883838bf7e7502.php 第 62 行.
NOTIC: [8] Undefined variable: color D:\xampp\htdocs\shop\Runtime\Cache\Home\2f412aae274b751dca883838bf7e7502.php 第 62 行.
NOTIC: [8] Undefined variable: color D:\xampp\htdocs\shop\Runtime\Cache\Home\2f412aae274b751dca883838bf7e7502.php 第 62 行.
NOTIC: [8] Undefined variable: color D:\xampp\htdocs\shop\Runtime\Cache\Home\2f412aae274b751dca883838bf7e7502.php 第 62 行.
NOTIC: [8] Undefined variable: color D:\xampp\htdocs\shop\Runtime\Cache\Home\2f412aae274b751dca883838bf7e7502.php 第 62 行.
INFO: Run Behavior\ParseTemplateBehavior [ RunTime:2.332282s ]
INFO: [ view_parse ] --END-- [ RunTime:2.332325s ]
INFO: [ view_filter ] --START--
INFO: Run Behavior\WriteHtmlCacheBehavior [ RunTime:0.000577s ]
INFO: [ view_filter ] --END-- [ RunTime:0.000617s ]
INFO: [ app_end ] --START--
INFO: Run Behavior\ShowPageTraceBehavior [ RunTime:0.000587s ]
INFO: [ app_end ] --END-- [ RunTime:0.000630s ]

[ 2017-03-14T13:21:42+08:00 ] 127.0.0.1 /
INFO: [ app_init ] --START--
INFO: Run Behavior\BuildLiteBehavior [ RunTime:0.000011s ]
INFO: [ app_init ] --END-- [ RunTime:0.000530s ]
INFO: [ app_begin ] --START--
INFO: Run Behavior\ReadHtmlCacheBehavior [ RunTime:0.000892s ]
INFO: [ app_begin ] --END-- [ RunTime:0.000946s ]
SQL: SHOW COLUMNS FROM `opinion` [ RunTime:0.0330s ]
SQL: SELECT * FROM `opinion` WHERE ( name='title' ) LIMIT 1   [ RunTime:0.0326s ]
SQL: SELECT * FROM `opinion` WHERE ( name='logo' ) LIMIT 1   [ RunTime:0.0323s ]
SQL: SHOW COLUMNS FROM `content` [ RunTime:0.0337s ]
SQL: SELECT * FROM `content` WHERE ( name='topNewsTitle' ) LIMIT 1   [ RunTime:0.0321s ]
SQL: SELECT * FROM `content` WHERE ( name='topNewsText' ) LIMIT 1   [ RunTime:0.0332s ]
SQL: SELECT * FROM `content` WHERE ( name='warn' ) LIMIT 1   [ RunTime:0.0324s ]
SQL: SHOW COLUMNS FROM `news` [ RunTime:0.0325s ]
SQL: SELECT * FROM `news` ORDER BY date desc  [ RunTime:0.0383s ]
INFO: [ view_parse ] --START--
INFO: [ template_filter ] --START--
INFO: Run Behavior\ContentReplaceBehavior [ RunTime:0.000093s ]
INFO: [ template_filter ] --END-- [ RunTime:0.000143s ]
NOTIC: [8192] mysql_connect(): The mysql extension is deprecated and will be removed in the future: use mysqli or PDO instead D:\xampp\htdocs\shop\Runtime\Cache\Home\2f412aae274b751dca883838bf7e7502.php 第 62 行.
NOTIC: [8] Undefined variable: des D:\xampp\htdocs\shop\Runtime\Cache\Home\2f412aae274b751dca883838bf7e7502.php 第 62 行.
NOTIC: [8] Undefined variable: des D:\xampp\htdocs\shop\Runtime\Cache\Home\2f412aae274b751dca883838bf7e7502.php 第 62 行.
NOTIC: [8] Undefined variable: des D:\xampp\htdocs\shop\Runtime\Cache\Home\2f412aae274b751dca883838bf7e7502.php 第 62 行.
NOTIC: [8] Undefined variable: des D:\xampp\htdocs\shop\Runtime\Cache\Home\2f412aae274b751dca883838bf7e7502.php 第 62 行.
NOTIC: [8] Undefined variable: des D:\xampp\htdocs\shop\Runtime\Cache\Home\2f412aae274b751dca883838bf7e7502.php 第 62 行.
NOTIC: [8] Undefined variable: des D:\xampp\htdocs\shop\Runtime\Cache\Home\2f412aae274b751dca883838bf7e7502.php 第 62 行.
NOTIC: [8] Undefined variable: des D:\xampp\htdocs\shop\Runtime\Cache\Home\2f412aae274b751dca883838bf7e7502.php 第 62 行.
NOTIC: [8] Undefined variable: des D:\xampp\htdocs\shop\Runtime\Cache\Home\2f412aae274b751dca883838bf7e7502.php 第 62 行.
NOTIC: [8] Undefined variable: des D:\xampp\htdocs\shop\Runtime\Cache\Home\2f412aae274b751dca883838bf7e7502.php 第 62 行.
NOTIC: [8] Undefined variable: des D:\xampp\htdocs\shop\Runtime\Cache\Home\2f412aae274b751dca883838bf7e7502.php 第 62 行.
NOTIC: [8] Undefined variable: des D:\xampp\htdocs\shop\Runtime\Cache\Home\2f412aae274b751dca883838bf7e7502.php 第 62 行.
NOTIC: [8] Undefined variable: des D:\xampp\htdocs\shop\Runtime\Cache\Home\2f412aae274b751dca883838bf7e7502.php 第 62 行.
NOTIC: [8] Undefined variable: des D:\xampp\htdocs\shop\Runtime\Cache\Home\2f412aae274b751dca883838bf7e7502.php 第 62 行.
NOTIC: [8] Undefined variable: des D:\xampp\htdocs\shop\Runtime\Cache\Home\2f412aae274b751dca883838bf7e7502.php 第 62 行.
NOTIC: [8] Undefined variable: des D:\xampp\htdocs\shop\Runtime\Cache\Home\2f412aae274b751dca883838bf7e7502.php 第 62 行.
NOTIC: [8] Undefined variable: des D:\xampp\htdocs\shop\Runtime\Cache\Home\2f412aae274b751dca883838bf7e7502.php 第 62 行.
NOTIC: [8] Undefined variable: des D:\xampp\htdocs\shop\Runtime\Cache\Home\2f412aae274b751dca883838bf7e7502.php 第 62 行.
NOTIC: [8] Undefined variable: des D:\xampp\htdocs\shop\Runtime\Cache\Home\2f412aae274b751dca883838bf7e7502.php 第 62 行.
NOTIC: [8] Undefined variable: des D:\xampp\htdocs\shop\Runtime\Cache\Home\2f412aae274b751dca883838bf7e7502.php 第 62 行.
NOTIC: [8] Undefined variable: des D:\xampp\htdocs\shop\Runtime\Cache\Home\2f412aae274b751dca883838bf7e7502.php 第 62 行.
NOTIC: [8] Undefined variable: des D:\xampp\htdocs\shop\Runtime\Cache\Home\2f412aae274b751dca883838bf7e7502.php 第 62 行.
NOTIC: [8] Undefined variable: color D:\xampp\htdocs\shop\Runtime\Cache\Home\2f412aae274b751dca883838bf7e7502.php 第 62 行.
NOTIC: [8] Undefined variable: color D:\xampp\htdocs\shop\Runtime\Cache\Home\2f412aae274b751dca883838bf7e7502.php 第 62 行.
NOTIC: [8] Undefined variable: color D:\xampp\htdocs\shop\Runtime\Cache\Home\2f412aae274b751dca883838bf7e7502.php 第 62 行.
NOTIC: [8] Undefined variable: color D:\xampp\htdocs\shop\Runtime\Cache\Home\2f412aae274b751dca883838bf7e7502.php 第 62 行.
NOTIC: [8] Undefined variable: color D:\xampp\htdocs\shop\Runtime\Cache\Home\2f412aae274b751dca883838bf7e7502.php 第 62 行.
NOTIC: [8] Undefined variable: color D:\xampp\htdocs\shop\Runtime\Cache\Home\2f412aae274b751dca883838bf7e7502.php 第 62 行.
NOTIC: [8] Undefined variable: color D:\xampp\htdocs\shop\Runtime\Cache\Home\2f412aae274b751dca883838bf7e7502.php 第 62 行.
NOTIC: [8] Undefined variable: color D:\xampp\htdocs\shop\Runtime\Cache\Home\2f412aae274b751dca883838bf7e7502.php 第 62 行.
NOTIC: [8] Undefined variable: color D:\xampp\htdocs\shop\Runtime\Cache\Home\2f412aae274b751dca883838bf7e7502.php 第 62 行.
NOTIC: [8] Undefined variable: color D:\xampp\htdocs\shop\Runtime\Cache\Home\2f412aae274b751dca883838bf7e7502.php 第 62 行.
NOTIC: [8] Undefined variable: color D:\xampp\htdocs\shop\Runtime\Cache\Home\2f412aae274b751dca883838bf7e7502.php 第 62 行.
NOTIC: [8] Undefined variable: color D:\xampp\htdocs\shop\Runtime\Cache\Home\2f412aae274b751dca883838bf7e7502.php 第 62 行.
NOTIC: [8] Undefined variable: color D:\xampp\htdocs\shop\Runtime\Cache\Home\2f412aae274b751dca883838bf7e7502.php 第 62 行.
NOTIC: [8] Undefined variable: color D:\xampp\htdocs\shop\Runtime\Cache\Home\2f412aae274b751dca883838bf7e7502.php 第 62 行.
NOTIC: [8] Undefined variable: color D:\xampp\htdocs\shop\Runtime\Cache\Home\2f412aae274b751dca883838bf7e7502.php 第 62 行.
NOTIC: [8] Undefined variable: color D:\xampp\htdocs\shop\Runtime\Cache\Home\2f412aae274b751dca883838bf7e7502.php 第 62 行.
NOTIC: [8] Undefined variable: color D:\xampp\htdocs\shop\Runtime\Cache\Home\2f412aae274b751dca883838bf7e7502.php 第 62 行.
NOTIC: [8] Undefined variable: color D:\xampp\htdocs\shop\Runtime\Cache\Home\2f412aae274b751dca883838bf7e7502.php 第 62 行.
NOTIC: [8] Undefined variable: color D:\xampp\htdocs\shop\Runtime\Cache\Home\2f412aae274b751dca883838bf7e7502.php 第 62 行.
NOTIC: [8] Undefined variable: color D:\xampp\htdocs\shop\Runtime\Cache\Home\2f412aae274b751dca883838bf7e7502.php 第 62 行.
NOTIC: [8] Undefined variable: color D:\xampp\htdocs\shop\Runtime\Cache\Home\2f412aae274b751dca883838bf7e7502.php 第 62 行.
INFO: Run Behavior\ParseTemplateBehavior [ RunTime:1.642869s ]
INFO: [ view_parse ] --END-- [ RunTime:1.642924s ]
INFO: [ view_filter ] --START--
INFO: Run Behavior\WriteHtmlCacheBehavior [ RunTime:0.000549s ]
INFO: [ view_filter ] --END-- [ RunTime:0.000599s ]
INFO: [ app_end ] --START--
INFO: Run Behavior\ShowPageTraceBehavior [ RunTime:0.000585s ]
INFO: [ app_end ] --END-- [ RunTime:0.000629s ]

[ 2017-03-14T13:21:44+08:00 ] 127.0.0.1 /
INFO: [ app_init ] --START--
INFO: Run Behavior\BuildLiteBehavior [ RunTime:0.000011s ]
INFO: [ app_init ] --END-- [ RunTime:0.000528s ]
INFO: [ app_begin ] --START--
INFO: Run Behavior\ReadHtmlCacheBehavior [ RunTime:0.000596s ]
INFO: [ app_begin ] --END-- [ RunTime:0.000637s ]
SQL: SHOW COLUMNS FROM `opinion` [ RunTime:0.0342s ]
SQL: SELECT * FROM `opinion` WHERE ( name='title' ) LIMIT 1   [ RunTime:0.0333s ]
SQL: SELECT * FROM `opinion` WHERE ( name='logo' ) LIMIT 1   [ RunTime:0.0335s ]
SQL: SHOW COLUMNS FROM `content` [ RunTime:0.0336s ]
SQL: SELECT * FROM `content` WHERE ( name='topNewsTitle' ) LIMIT 1   [ RunTime:0.0348s ]
SQL: SELECT * FROM `content` WHERE ( name='topNewsText' ) LIMIT 1   [ RunTime:0.0339s ]
SQL: SELECT * FROM `content` WHERE ( name='warn' ) LIMIT 1   [ RunTime:0.0334s ]
SQL: SHOW COLUMNS FROM `news` [ RunTime:0.0338s ]
SQL: SELECT * FROM `news` ORDER BY date desc  [ RunTime:0.0392s ]
INFO: [ view_parse ] --START--
INFO: [ template_filter ] --START--
INFO: Run Behavior\ContentReplaceBehavior [ RunTime:0.000077s ]
INFO: [ template_filter ] --END-- [ RunTime:0.000118s ]
NOTIC: [8192] mysql_connect(): The mysql extension is deprecated and will be removed in the future: use mysqli or PDO instead D:\xampp\htdocs\shop\Runtime\Cache\Home\2f412aae274b751dca883838bf7e7502.php 第 62 行.
NOTIC: [8] Undefined variable: des D:\xampp\htdocs\shop\Runtime\Cache\Home\2f412aae274b751dca883838bf7e7502.php 第 62 行.
NOTIC: [8] Undefined variable: des D:\xampp\htdocs\shop\Runtime\Cache\Home\2f412aae274b751dca883838bf7e7502.php 第 62 行.
NOTIC: [8] Undefined variable: des D:\xampp\htdocs\shop\Runtime\Cache\Home\2f412aae274b751dca883838bf7e7502.php 第 62 行.
NOTIC: [8] Undefined variable: des D:\xampp\htdocs\shop\Runtime\Cache\Home\2f412aae274b751dca883838bf7e7502.php 第 62 行.
NOTIC: [8] Undefined variable: des D:\xampp\htdocs\shop\Runtime\Cache\Home\2f412aae274b751dca883838bf7e7502.php 第 62 行.
NOTIC: [8] Undefined variable: des D:\xampp\htdocs\shop\Runtime\Cache\Home\2f412aae274b751dca883838bf7e7502.php 第 62 行.
NOTIC: [8] Undefined variable: des D:\xampp\htdocs\shop\Runtime\Cache\Home\2f412aae274b751dca883838bf7e7502.php 第 62 行.
NOTIC: [8] Undefined variable: des D:\xampp\htdocs\shop\Runtime\Cache\Home\2f412aae274b751dca883838bf7e7502.php 第 62 行.
NOTIC: [8] Undefined variable: des D:\xampp\htdocs\shop\Runtime\Cache\Home\2f412aae274b751dca883838bf7e7502.php 第 62 行.
NOTIC: [8] Undefined variable: des D:\xampp\htdocs\shop\Runtime\Cache\Home\2f412aae274b751dca883838bf7e7502.php 第 62 行.
NOTIC: [8] Undefined variable: des D:\xampp\htdocs\shop\Runtime\Cache\Home\2f412aae274b751dca883838bf7e7502.php 第 62 行.
NOTIC: [8] Undefined variable: des D:\xampp\htdocs\shop\Runtime\Cache\Home\2f412aae274b751dca883838bf7e7502.php 第 62 行.
NOTIC: [8] Undefined variable: des D:\xampp\htdocs\shop\Runtime\Cache\Home\2f412aae274b751dca883838bf7e7502.php 第 62 行.
NOTIC: [8] Undefined variable: des D:\xampp\htdocs\shop\Runtime\Cache\Home\2f412aae274b751dca883838bf7e7502.php 第 62 行.
NOTIC: [8] Undefined variable: des D:\xampp\htdocs\shop\Runtime\Cache\Home\2f412aae274b751dca883838bf7e7502.php 第 62 行.
NOTIC: [8] Undefined variable: des D:\xampp\htdocs\shop\Runtime\Cache\Home\2f412aae274b751dca883838bf7e7502.php 第 62 行.
NOTIC: [8] Undefined variable: des D:\xampp\htdocs\shop\Runtime\Cache\Home\2f412aae274b751dca883838bf7e7502.php 第 62 行.
NOTIC: [8] Undefined variable: des D:\xampp\htdocs\shop\Runtime\Cache\Home\2f412aae274b751dca883838bf7e7502.php 第 62 行.
NOTIC: [8] Undefined variable: des D:\xampp\htdocs\shop\Runtime\Cache\Home\2f412aae274b751dca883838bf7e7502.php 第 62 行.
NOTIC: [8] Undefined variable: des D:\xampp\htdocs\shop\Runtime\Cache\Home\2f412aae274b751dca883838bf7e7502.php 第 62 行.
NOTIC: [8] Undefined variable: des D:\xampp\htdocs\shop\Runtime\Cache\Home\2f412aae274b751dca883838bf7e7502.php 第 62 行.
NOTIC: [8] Undefined variable: color D:\xampp\htdocs\shop\Runtime\Cache\Home\2f412aae274b751dca883838bf7e7502.php 第 62 行.
NOTIC: [8] Undefined variable: color D:\xampp\htdocs\shop\Runtime\Cache\Home\2f412aae274b751dca883838bf7e7502.php 第 62 行.
NOTIC: [8] Undefined variable: color D:\xampp\htdocs\shop\Runtime\Cache\Home\2f412aae274b751dca883838bf7e7502.php 第 62 行.
NOTIC: [8] Undefined variable: color D:\xampp\htdocs\shop\Runtime\Cache\Home\2f412aae274b751dca883838bf7e7502.php 第 62 行.
NOTIC: [8] Undefined variable: color D:\xampp\htdocs\shop\Runtime\Cache\Home\2f412aae274b751dca883838bf7e7502.php 第 62 行.
NOTIC: [8] Undefined variable: color D:\xampp\htdocs\shop\Runtime\Cache\Home\2f412aae274b751dca883838bf7e7502.php 第 62 行.
NOTIC: [8] Undefined variable: color D:\xampp\htdocs\shop\Runtime\Cache\Home\2f412aae274b751dca883838bf7e7502.php 第 62 行.
NOTIC: [8] Undefined variable: color D:\xampp\htdocs\shop\Runtime\Cache\Home\2f412aae274b751dca883838bf7e7502.php 第 62 行.
NOTIC: [8] Undefined variable: color D:\xampp\htdocs\shop\Runtime\Cache\Home\2f412aae274b751dca883838bf7e7502.php 第 62 行.
NOTIC: [8] Undefined variable: color D:\xampp\htdocs\shop\Runtime\Cache\Home\2f412aae274b751dca883838bf7e7502.php 第 62 行.
NOTIC: [8] Undefined variable: color D:\xampp\htdocs\shop\Runtime\Cache\Home\2f412aae274b751dca883838bf7e7502.php 第 62 行.
NOTIC: [8] Undefined variable: color D:\xampp\htdocs\shop\Runtime\Cache\Home\2f412aae274b751dca883838bf7e7502.php 第 62 行.
NOTIC: [8] Undefined variable: color D:\xampp\htdocs\shop\Runtime\Cache\Home\2f412aae274b751dca883838bf7e7502.php 第 62 行.
NOTIC: [8] Undefined variable: color D:\xampp\htdocs\shop\Runtime\Cache\Home\2f412aae274b751dca883838bf7e7502.php 第 62 行.
NOTIC: [8] Undefined variable: color D:\xampp\htdocs\shop\Runtime\Cache\Home\2f412aae274b751dca883838bf7e7502.php 第 62 行.
NOTIC: [8] Undefined variable: color D:\xampp\htdocs\shop\Runtime\Cache\Home\2f412aae274b751dca883838bf7e7502.php 第 62 行.
NOTIC: [8] Undefined variable: color D:\xampp\htdocs\shop\Runtime\Cache\Home\2f412aae274b751dca883838bf7e7502.php 第 62 行.
NOTIC: [8] Undefined variable: color D:\xampp\htdocs\shop\Runtime\Cache\Home\2f412aae274b751dca883838bf7e7502.php 第 62 行.
NOTIC: [8] Undefined variable: color D:\xampp\htdocs\shop\Runtime\Cache\Home\2f412aae274b751dca883838bf7e7502.php 第 62 行.
NOTIC: [8] Undefined variable: color D:\xampp\htdocs\shop\Runtime\Cache\Home\2f412aae274b751dca883838bf7e7502.php 第 62 行.
NOTIC: [8] Undefined variable: color D:\xampp\htdocs\shop\Runtime\Cache\Home\2f412aae274b751dca883838bf7e7502.php 第 62 行.
INFO: Run Behavior\ParseTemplateBehavior [ RunTime:1.617066s ]
INFO: [ view_parse ] --END-- [ RunTime:1.617125s ]
INFO: [ view_filter ] --START--
INFO: Run Behavior\WriteHtmlCacheBehavior [ RunTime:0.000585s ]
INFO: [ view_filter ] --END-- [ RunTime:0.000646s ]
INFO: [ app_end ] --START--
INFO: Run Behavior\ShowPageTraceBehavior [ RunTime:0.000799s ]
INFO: [ app_end ] --END-- [ RunTime:0.000873s ]

[ 2017-03-14T13:21:47+08:00 ] 127.0.0.1 /
INFO: [ app_init ] --START--
INFO: Run Behavior\BuildLiteBehavior [ RunTime:0.000012s ]
INFO: [ app_init ] --END-- [ RunTime:0.000591s ]
INFO: [ app_begin ] --START--
INFO: Run Behavior\ReadHtmlCacheBehavior [ RunTime:0.000758s ]
INFO: [ app_begin ] --END-- [ RunTime:0.000936s ]
SQL: SHOW COLUMNS FROM `opinion` [ RunTime:0.0366s ]
SQL: SELECT * FROM `opinion` WHERE ( name='title' ) LIMIT 1   [ RunTime:0.0341s ]
SQL: SELECT * FROM `opinion` WHERE ( name='logo' ) LIMIT 1   [ RunTime:0.0335s ]
SQL: SHOW COLUMNS FROM `content` [ RunTime:0.0346s ]
SQL: SELECT * FROM `content` WHERE ( name='topNewsTitle' ) LIMIT 1   [ RunTime:0.0332s ]
SQL: SELECT * FROM `content` WHERE ( name='topNewsText' ) LIMIT 1   [ RunTime:0.0333s ]
SQL: SELECT * FROM `content` WHERE ( name='warn' ) LIMIT 1   [ RunTime:0.0332s ]
SQL: SHOW COLUMNS FROM `news` [ RunTime:0.0485s ]
SQL: SELECT * FROM `news` ORDER BY date desc  [ RunTime:0.0371s ]
INFO: [ view_parse ] --START--
INFO: [ template_filter ] --START--
INFO: Run Behavior\ContentReplaceBehavior [ RunTime:0.000131s ]
INFO: [ template_filter ] --END-- [ RunTime:0.000194s ]
NOTIC: [8192] mysql_connect(): The mysql extension is deprecated and will be removed in the future: use mysqli or PDO instead D:\xampp\htdocs\shop\Runtime\Cache\Home\2f412aae274b751dca883838bf7e7502.php 第 62 行.
NOTIC: [8] Undefined variable: des D:\xampp\htdocs\shop\Runtime\Cache\Home\2f412aae274b751dca883838bf7e7502.php 第 62 行.
NOTIC: [8] Undefined variable: des D:\xampp\htdocs\shop\Runtime\Cache\Home\2f412aae274b751dca883838bf7e7502.php 第 62 行.
NOTIC: [8] Undefined variable: des D:\xampp\htdocs\shop\Runtime\Cache\Home\2f412aae274b751dca883838bf7e7502.php 第 62 行.
NOTIC: [8] Undefined variable: des D:\xampp\htdocs\shop\Runtime\Cache\Home\2f412aae274b751dca883838bf7e7502.php 第 62 行.
NOTIC: [8] Undefined variable: des D:\xampp\htdocs\shop\Runtime\Cache\Home\2f412aae274b751dca883838bf7e7502.php 第 62 行.
NOTIC: [8] Undefined variable: des D:\xampp\htdocs\shop\Runtime\Cache\Home\2f412aae274b751dca883838bf7e7502.php 第 62 行.
NOTIC: [8] Undefined variable: des D:\xampp\htdocs\shop\Runtime\Cache\Home\2f412aae274b751dca883838bf7e7502.php 第 62 行.
NOTIC: [8] Undefined variable: des D:\xampp\htdocs\shop\Runtime\Cache\Home\2f412aae274b751dca883838bf7e7502.php 第 62 行.
NOTIC: [8] Undefined variable: des D:\xampp\htdocs\shop\Runtime\Cache\Home\2f412aae274b751dca883838bf7e7502.php 第 62 行.
NOTIC: [8] Undefined variable: des D:\xampp\htdocs\shop\Runtime\Cache\Home\2f412aae274b751dca883838bf7e7502.php 第 62 行.
NOTIC: [8] Undefined variable: des D:\xampp\htdocs\shop\Runtime\Cache\Home\2f412aae274b751dca883838bf7e7502.php 第 62 行.
NOTIC: [8] Undefined variable: des D:\xampp\htdocs\shop\Runtime\Cache\Home\2f412aae274b751dca883838bf7e7502.php 第 62 行.
NOTIC: [8] Undefined variable: des D:\xampp\htdocs\shop\Runtime\Cache\Home\2f412aae274b751dca883838bf7e7502.php 第 62 行.
NOTIC: [8] Undefined variable: des D:\xampp\htdocs\shop\Runtime\Cache\Home\2f412aae274b751dca883838bf7e7502.php 第 62 行.
NOTIC: [8] Undefined variable: des D:\xampp\htdocs\shop\Runtime\Cache\Home\2f412aae274b751dca883838bf7e7502.php 第 62 行.
NOTIC: [8] Undefined variable: des D:\xampp\htdocs\shop\Runtime\Cache\Home\2f412aae274b751dca883838bf7e7502.php 第 62 行.
NOTIC: [8] Undefined variable: des D:\xampp\htdocs\shop\Runtime\Cache\Home\2f412aae274b751dca883838bf7e7502.php 第 62 行.
NOTIC: [8] Undefined variable: des D:\xampp\htdocs\shop\Runtime\Cache\Home\2f412aae274b751dca883838bf7e7502.php 第 62 行.
NOTIC: [8] Undefined variable: des D:\xampp\htdocs\shop\Runtime\Cache\Home\2f412aae274b751dca883838bf7e7502.php 第 62 行.
NOTIC: [8] Undefined variable: des D:\xampp\htdocs\shop\Runtime\Cache\Home\2f412aae274b751dca883838bf7e7502.php 第 62 行.
NOTIC: [8] Undefined variable: des D:\xampp\htdocs\shop\Runtime\Cache\Home\2f412aae274b751dca883838bf7e7502.php 第 62 行.
NOTIC: [8] Undefined variable: color D:\xampp\htdocs\shop\Runtime\Cache\Home\2f412aae274b751dca883838bf7e7502.php 第 62 行.
NOTIC: [8] Undefined variable: color D:\xampp\htdocs\shop\Runtime\Cache\Home\2f412aae274b751dca883838bf7e7502.php 第 62 行.
NOTIC: [8] Undefined variable: color D:\xampp\htdocs\shop\Runtime\Cache\Home\2f412aae274b751dca883838bf7e7502.php 第 62 行.
NOTIC: [8] Undefined variable: color D:\xampp\htdocs\shop\Runtime\Cache\Home\2f412aae274b751dca883838bf7e7502.php 第 62 行.
NOTIC: [8] Undefined variable: color D:\xampp\htdocs\shop\Runtime\Cache\Home\2f412aae274b751dca883838bf7e7502.php 第 62 行.
NOTIC: [8] Undefined variable: color D:\xampp\htdocs\shop\Runtime\Cache\Home\2f412aae274b751dca883838bf7e7502.php 第 62 行.
NOTIC: [8] Undefined variable: color D:\xampp\htdocs\shop\Runtime\Cache\Home\2f412aae274b751dca883838bf7e7502.php 第 62 行.
NOTIC: [8] Undefined variable: color D:\xampp\htdocs\shop\Runtime\Cache\Home\2f412aae274b751dca883838bf7e7502.php 第 62 行.
NOTIC: [8] Undefined variable: color D:\xampp\htdocs\shop\Runtime\Cache\Home\2f412aae274b751dca883838bf7e7502.php 第 62 行.
NOTIC: [8] Undefined variable: color D:\xampp\htdocs\shop\Runtime\Cache\Home\2f412aae274b751dca883838bf7e7502.php 第 62 行.
NOTIC: [8] Undefined variable: color D:\xampp\htdocs\shop\Runtime\Cache\Home\2f412aae274b751dca883838bf7e7502.php 第 62 行.
NOTIC: [8] Undefined variable: color D:\xampp\htdocs\shop\Runtime\Cache\Home\2f412aae274b751dca883838bf7e7502.php 第 62 行.
NOTIC: [8] Undefined variable: color D:\xampp\htdocs\shop\Runtime\Cache\Home\2f412aae274b751dca883838bf7e7502.php 第 62 行.
NOTIC: [8] Undefined variable: color D:\xampp\htdocs\shop\Runtime\Cache\Home\2f412aae274b751dca883838bf7e7502.php 第 62 行.
NOTIC: [8] Undefined variable: color D:\xampp\htdocs\shop\Runtime\Cache\Home\2f412aae274b751dca883838bf7e7502.php 第 62 行.
NOTIC: [8] Undefined variable: color D:\xampp\htdocs\shop\Runtime\Cache\Home\2f412aae274b751dca883838bf7e7502.php 第 62 行.
NOTIC: [8] Undefined variable: color D:\xampp\htdocs\shop\Runtime\Cache\Home\2f412aae274b751dca883838bf7e7502.php 第 62 行.
NOTIC: [8] Undefined variable: color D:\xampp\htdocs\shop\Runtime\Cache\Home\2f412aae274b751dca883838bf7e7502.php 第 62 行.
NOTIC: [8] Undefined variable: color D:\xampp\htdocs\shop\Runtime\Cache\Home\2f412aae274b751dca883838bf7e7502.php 第 62 行.
NOTIC: [8] Undefined variable: color D:\xampp\htdocs\shop\Runtime\Cache\Home\2f412aae274b751dca883838bf7e7502.php 第 62 行.
NOTIC: [8] Undefined variable: color D:\xampp\htdocs\shop\Runtime\Cache\Home\2f412aae274b751dca883838bf7e7502.php 第 62 行.
INFO: Run Behavior\ParseTemplateBehavior [ RunTime:2.620410s ]
INFO: [ view_parse ] --END-- [ RunTime:2.620464s ]
INFO: [ view_filter ] --START--
INFO: Run Behavior\WriteHtmlCacheBehavior [ RunTime:0.000684s ]
INFO: [ view_filter ] --END-- [ RunTime:0.000721s ]
INFO: [ app_end ] --START--
INFO: Run Behavior\ShowPageTraceBehavior [ RunTime:0.000781s ]
INFO: [ app_end ] --END-- [ RunTime:0.000824s ]

[ 2017-03-14T13:21:50+08:00 ] 127.0.0.1 /
INFO: [ app_init ] --START--
INFO: Run Behavior\BuildLiteBehavior [ RunTime:0.000011s ]
INFO: [ app_init ] --END-- [ RunTime:0.000500s ]
INFO: [ app_begin ] --START--
INFO: Run Behavior\ReadHtmlCacheBehavior [ RunTime:0.000819s ]
INFO: [ app_begin ] --END-- [ RunTime:0.000920s ]
SQL: SHOW COLUMNS FROM `opinion` [ RunTime:0.0335s ]
SQL: SELECT * FROM `opinion` WHERE ( name='title' ) LIMIT 1   [ RunTime:0.0328s ]
SQL: SELECT * FROM `opinion` WHERE ( name='logo' ) LIMIT 1   [ RunTime:0.0691s ]
SQL: SHOW COLUMNS FROM `content` [ RunTime:0.0973s ]
SQL: SELECT * FROM `content` WHERE ( name='topNewsTitle' ) LIMIT 1   [ RunTime:0.0589s ]
SQL: SELECT * FROM `content` WHERE ( name='topNewsText' ) LIMIT 1   [ RunTime:0.0448s ]
SQL: SELECT * FROM `content` WHERE ( name='warn' ) LIMIT 1   [ RunTime:0.0661s ]
SQL: SHOW COLUMNS FROM `news` [ RunTime:0.0411s ]
SQL: SELECT * FROM `news` ORDER BY date desc  [ RunTime:0.1017s ]
INFO: [ view_parse ] --START--
INFO: [ template_filter ] --START--
INFO: Run Behavior\ContentReplaceBehavior [ RunTime:0.000076s ]
INFO: [ template_filter ] --END-- [ RunTime:0.000116s ]
NOTIC: [8192] mysql_connect(): The mysql extension is deprecated and will be removed in the future: use mysqli or PDO instead D:\xampp\htdocs\shop\Runtime\Cache\Home\2f412aae274b751dca883838bf7e7502.php 第 62 行.
NOTIC: [8] Undefined variable: des D:\xampp\htdocs\shop\Runtime\Cache\Home\2f412aae274b751dca883838bf7e7502.php 第 62 行.
NOTIC: [8] Undefined variable: des D:\xampp\htdocs\shop\Runtime\Cache\Home\2f412aae274b751dca883838bf7e7502.php 第 62 行.
NOTIC: [8] Undefined variable: des D:\xampp\htdocs\shop\Runtime\Cache\Home\2f412aae274b751dca883838bf7e7502.php 第 62 行.
NOTIC: [8] Undefined variable: des D:\xampp\htdocs\shop\Runtime\Cache\Home\2f412aae274b751dca883838bf7e7502.php 第 62 行.
NOTIC: [8] Undefined variable: des D:\xampp\htdocs\shop\Runtime\Cache\Home\2f412aae274b751dca883838bf7e7502.php 第 62 行.
NOTIC: [8] Undefined variable: des D:\xampp\htdocs\shop\Runtime\Cache\Home\2f412aae274b751dca883838bf7e7502.php 第 62 行.
NOTIC: [8] Undefined variable: des D:\xampp\htdocs\shop\Runtime\Cache\Home\2f412aae274b751dca883838bf7e7502.php 第 62 行.
NOTIC: [8] Undefined variable: des D:\xampp\htdocs\shop\Runtime\Cache\Home\2f412aae274b751dca883838bf7e7502.php 第 62 行.
NOTIC: [8] Undefined variable: des D:\xampp\htdocs\shop\Runtime\Cache\Home\2f412aae274b751dca883838bf7e7502.php 第 62 行.
NOTIC: [8] Undefined variable: des D:\xampp\htdocs\shop\Runtime\Cache\Home\2f412aae274b751dca883838bf7e7502.php 第 62 行.
NOTIC: [8] Undefined variable: des D:\xampp\htdocs\shop\Runtime\Cache\Home\2f412aae274b751dca883838bf7e7502.php 第 62 行.
NOTIC: [8] Undefined variable: des D:\xampp\htdocs\shop\Runtime\Cache\Home\2f412aae274b751dca883838bf7e7502.php 第 62 行.
NOTIC: [8] Undefined variable: des D:\xampp\htdocs\shop\Runtime\Cache\Home\2f412aae274b751dca883838bf7e7502.php 第 62 行.
NOTIC: [8] Undefined variable: des D:\xampp\htdocs\shop\Runtime\Cache\Home\2f412aae274b751dca883838bf7e7502.php 第 62 行.
NOTIC: [8] Undefined variable: des D:\xampp\htdocs\shop\Runtime\Cache\Home\2f412aae274b751dca883838bf7e7502.php 第 62 行.
NOTIC: [8] Undefined variable: des D:\xampp\htdocs\shop\Runtime\Cache\Home\2f412aae274b751dca883838bf7e7502.php 第 62 行.
NOTIC: [8] Undefined variable: des D:\xampp\htdocs\shop\Runtime\Cache\Home\2f412aae274b751dca883838bf7e7502.php 第 62 行.
NOTIC: [8] Undefined variable: des D:\xampp\htdocs\shop\Runtime\Cache\Home\2f412aae274b751dca883838bf7e7502.php 第 62 行.
NOTIC: [8] Undefined variable: des D:\xampp\htdocs\shop\Runtime\Cache\Home\2f412aae274b751dca883838bf7e7502.php 第 62 行.
NOTIC: [8] Undefined variable: des D:\xampp\htdocs\shop\Runtime\Cache\Home\2f412aae274b751dca883838bf7e7502.php 第 62 行.
NOTIC: [8] Undefined variable: des D:\xampp\htdocs\shop\Runtime\Cache\Home\2f412aae274b751dca883838bf7e7502.php 第 62 行.
NOTIC: [8] Undefined variable: color D:\xampp\htdocs\shop\Runtime\Cache\Home\2f412aae274b751dca883838bf7e7502.php 第 62 行.
NOTIC: [8] Undefined variable: color D:\xampp\htdocs\shop\Runtime\Cache\Home\2f412aae274b751dca883838bf7e7502.php 第 62 行.
NOTIC: [8] Undefined variable: color D:\xampp\htdocs\shop\Runtime\Cache\Home\2f412aae274b751dca883838bf7e7502.php 第 62 行.
NOTIC: [8] Undefined variable: color D:\xampp\htdocs\shop\Runtime\Cache\Home\2f412aae274b751dca883838bf7e7502.php 第 62 行.
NOTIC: [8] Undefined variable: color D:\xampp\htdocs\shop\Runtime\Cache\Home\2f412aae274b751dca883838bf7e7502.php 第 62 行.
NOTIC: [8] Undefined variable: color D:\xampp\htdocs\shop\Runtime\Cache\Home\2f412aae274b751dca883838bf7e7502.php 第 62 行.
NOTIC: [8] Undefined variable: color D:\xampp\htdocs\shop\Runtime\Cache\Home\2f412aae274b751dca883838bf7e7502.php 第 62 行.
NOTIC: [8] Undefined variable: color D:\xampp\htdocs\shop\Runtime\Cache\Home\2f412aae274b751dca883838bf7e7502.php 第 62 行.
NOTIC: [8] Undefined variable: color D:\xampp\htdocs\shop\Runtime\Cache\Home\2f412aae274b751dca883838bf7e7502.php 第 62 行.
NOTIC: [8] Undefined variable: color D:\xampp\htdocs\shop\Runtime\Cache\Home\2f412aae274b751dca883838bf7e7502.php 第 62 行.
NOTIC: [8] Undefined variable: color D:\xampp\htdocs\shop\Runtime\Cache\Home\2f412aae274b751dca883838bf7e7502.php 第 62 行.
NOTIC: [8] Undefined variable: color D:\xampp\htdocs\shop\Runtime\Cache\Home\2f412aae274b751dca883838bf7e7502.php 第 62 行.
NOTIC: [8] Undefined variable: color D:\xampp\htdocs\shop\Runtime\Cache\Home\2f412aae274b751dca883838bf7e7502.php 第 62 行.
NOTIC: [8] Undefined variable: color D:\xampp\htdocs\shop\Runtime\Cache\Home\2f412aae274b751dca883838bf7e7502.php 第 62 行.
NOTIC: [8] Undefined variable: color D:\xampp\htdocs\shop\Runtime\Cache\Home\2f412aae274b751dca883838bf7e7502.php 第 62 行.
NOTIC: [8] Undefined variable: color D:\xampp\htdocs\shop\Runtime\Cache\Home\2f412aae274b751dca883838bf7e7502.php 第 62 行.
NOTIC: [8] Undefined variable: color D:\xampp\htdocs\shop\Runtime\Cache\Home\2f412aae274b751dca883838bf7e7502.php 第 62 行.
NOTIC: [8] Undefined variable: color D:\xampp\htdocs\shop\Runtime\Cache\Home\2f412aae274b751dca883838bf7e7502.php 第 62 行.
NOTIC: [8] Undefined variable: color D:\xampp\htdocs\shop\Runtime\Cache\Home\2f412aae274b751dca883838bf7e7502.php 第 62 行.
NOTIC: [8] Undefined variable: color D:\xampp\htdocs\shop\Runtime\Cache\Home\2f412aae274b751dca883838bf7e7502.php 第 62 行.
NOTIC: [8] Undefined variable: color D:\xampp\htdocs\shop\Runtime\Cache\Home\2f412aae274b751dca883838bf7e7502.php 第 62 行.
INFO: Run Behavior\ParseTemplateBehavior [ RunTime:1.889759s ]
INFO: [ view_parse ] --END-- [ RunTime:1.889827s ]
INFO: [ view_filter ] --START--
INFO: Run Behavior\WriteHtmlCacheBehavior [ RunTime:0.000680s ]
INFO: [ view_filter ] --END-- [ RunTime:0.000744s ]

[ 2017-03-14T13:21:52+08:00 ] 127.0.0.1 /
INFO: [ app_init ] --START--
INFO: Run Behavior\BuildLiteBehavior [ RunTime:0.000011s ]
INFO: [ app_init ] --END-- [ RunTime:0.000590s ]
INFO: [ app_begin ] --START--
INFO: Run Behavior\ReadHtmlCacheBehavior [ RunTime:0.000748s ]
INFO: [ app_begin ] --END-- [ RunTime:0.000791s ]
SQL: SHOW COLUMNS FROM `opinion` [ RunTime:0.0821s ]
SQL: SELECT * FROM `opinion` WHERE ( name='title' ) LIMIT 1   [ RunTime:0.0324s ]
SQL: SELECT * FROM `opinion` WHERE ( name='logo' ) LIMIT 1   [ RunTime:0.0345s ]
SQL: SHOW COLUMNS FROM `content` [ RunTime:0.0360s ]
SQL: SELECT * FROM `content` WHERE ( name='topNewsTitle' ) LIMIT 1   [ RunTime:0.0326s ]
SQL: SELECT * FROM `content` WHERE ( name='topNewsText' ) LIMIT 1   [ RunTime:0.0330s ]
SQL: SELECT * FROM `content` WHERE ( name='warn' ) LIMIT 1   [ RunTime:0.0363s ]
SQL: SHOW COLUMNS FROM `news` [ RunTime:0.0330s ]
SQL: SELECT * FROM `news` ORDER BY date desc  [ RunTime:0.0392s ]
INFO: [ view_parse ] --START--
INFO: [ template_filter ] --START--
INFO: Run Behavior\ContentReplaceBehavior [ RunTime:0.000081s ]
INFO: [ template_filter ] --END-- [ RunTime:0.000125s ]
NOTIC: [8192] mysql_connect(): The mysql extension is deprecated and will be removed in the future: use mysqli or PDO instead D:\xampp\htdocs\shop\Runtime\Cache\Home\2f412aae274b751dca883838bf7e7502.php 第 62 行.
NOTIC: [8] Undefined variable: des D:\xampp\htdocs\shop\Runtime\Cache\Home\2f412aae274b751dca883838bf7e7502.php 第 62 行.
NOTIC: [8] Undefined variable: des D:\xampp\htdocs\shop\Runtime\Cache\Home\2f412aae274b751dca883838bf7e7502.php 第 62 行.
NOTIC: [8] Undefined variable: des D:\xampp\htdocs\shop\Runtime\Cache\Home\2f412aae274b751dca883838bf7e7502.php 第 62 行.
NOTIC: [8] Undefined variable: des D:\xampp\htdocs\shop\Runtime\Cache\Home\2f412aae274b751dca883838bf7e7502.php 第 62 行.
NOTIC: [8] Undefined variable: des D:\xampp\htdocs\shop\Runtime\Cache\Home\2f412aae274b751dca883838bf7e7502.php 第 62 行.
NOTIC: [8] Undefined variable: des D:\xampp\htdocs\shop\Runtime\Cache\Home\2f412aae274b751dca883838bf7e7502.php 第 62 行.
NOTIC: [8] Undefined variable: des D:\xampp\htdocs\shop\Runtime\Cache\Home\2f412aae274b751dca883838bf7e7502.php 第 62 行.
NOTIC: [8] Undefined variable: des D:\xampp\htdocs\shop\Runtime\Cache\Home\2f412aae274b751dca883838bf7e7502.php 第 62 行.
NOTIC: [8] Undefined variable: des D:\xampp\htdocs\shop\Runtime\Cache\Home\2f412aae274b751dca883838bf7e7502.php 第 62 行.
NOTIC: [8] Undefined variable: des D:\xampp\htdocs\shop\Runtime\Cache\Home\2f412aae274b751dca883838bf7e7502.php 第 62 行.
NOTIC: [8] Undefined variable: des D:\xampp\htdocs\shop\Runtime\Cache\Home\2f412aae274b751dca883838bf7e7502.php 第 62 行.
NOTIC: [8] Undefined variable: des D:\xampp\htdocs\shop\Runtime\Cache\Home\2f412aae274b751dca883838bf7e7502.php 第 62 行.
NOTIC: [8] Undefined variable: des D:\xampp\htdocs\shop\Runtime\Cache\Home\2f412aae274b751dca883838bf7e7502.php 第 62 行.
NOTIC: [8] Undefined variable: des D:\xampp\htdocs\shop\Runtime\Cache\Home\2f412aae274b751dca883838bf7e7502.php 第 62 行.
NOTIC: [8] Undefined variable: des D:\xampp\htdocs\shop\Runtime\Cache\Home\2f412aae274b751dca883838bf7e7502.php 第 62 行.
NOTIC: [8] Undefined variable: des D:\xampp\htdocs\shop\Runtime\Cache\Home\2f412aae274b751dca883838bf7e7502.php 第 62 行.
NOTIC: [8] Undefined variable: des D:\xampp\htdocs\shop\Runtime\Cache\Home\2f412aae274b751dca883838bf7e7502.php 第 62 行.
NOTIC: [8] Undefined variable: des D:\xampp\htdocs\shop\Runtime\Cache\Home\2f412aae274b751dca883838bf7e7502.php 第 62 行.
NOTIC: [8] Undefined variable: des D:\xampp\htdocs\shop\Runtime\Cache\Home\2f412aae274b751dca883838bf7e7502.php 第 62 行.
NOTIC: [8] Undefined variable: des D:\xampp\htdocs\shop\Runtime\Cache\Home\2f412aae274b751dca883838bf7e7502.php 第 62 行.
NOTIC: [8] Undefined variable: des D:\xampp\htdocs\shop\Runtime\Cache\Home\2f412aae274b751dca883838bf7e7502.php 第 62 行.
NOTIC: [8] Undefined variable: color D:\xampp\htdocs\shop\Runtime\Cache\Home\2f412aae274b751dca883838bf7e7502.php 第 62 行.
NOTIC: [8] Undefined variable: color D:\xampp\htdocs\shop\Runtime\Cache\Home\2f412aae274b751dca883838bf7e7502.php 第 62 行.
NOTIC: [8] Undefined variable: color D:\xampp\htdocs\shop\Runtime\Cache\Home\2f412aae274b751dca883838bf7e7502.php 第 62 行.
NOTIC: [8] Undefined variable: color D:\xampp\htdocs\shop\Runtime\Cache\Home\2f412aae274b751dca883838bf7e7502.php 第 62 行.
NOTIC: [8] Undefined variable: color D:\xampp\htdocs\shop\Runtime\Cache\Home\2f412aae274b751dca883838bf7e7502.php 第 62 行.
NOTIC: [8] Undefined variable: color D:\xampp\htdocs\shop\Runtime\Cache\Home\2f412aae274b751dca883838bf7e7502.php 第 62 行.
NOTIC: [8] Undefined variable: color D:\xampp\htdocs\shop\Runtime\Cache\Home\2f412aae274b751dca883838bf7e7502.php 第 62 行.
NOTIC: [8] Undefined variable: color D:\xampp\htdocs\shop\Runtime\Cache\Home\2f412aae274b751dca883838bf7e7502.php 第 62 行.
NOTIC: [8] Undefined variable: color D:\xampp\htdocs\shop\Runtime\Cache\Home\2f412aae274b751dca883838bf7e7502.php 第 62 行.
NOTIC: [8] Undefined variable: color D:\xampp\htdocs\shop\Runtime\Cache\Home\2f412aae274b751dca883838bf7e7502.php 第 62 行.
NOTIC: [8] Undefined variable: color D:\xampp\htdocs\shop\Runtime\Cache\Home\2f412aae274b751dca883838bf7e7502.php 第 62 行.
NOTIC: [8] Undefined variable: color D:\xampp\htdocs\shop\Runtime\Cache\Home\2f412aae274b751dca883838bf7e7502.php 第 62 行.
NOTIC: [8] Undefined variable: color D:\xampp\htdocs\shop\Runtime\Cache\Home\2f412aae274b751dca883838bf7e7502.php 第 62 行.
NOTIC: [8] Undefined variable: color D:\xampp\htdocs\shop\Runtime\Cache\Home\2f412aae274b751dca883838bf7e7502.php 第 62 行.
NOTIC: [8] Undefined variable: color D:\xampp\htdocs\shop\Runtime\Cache\Home\2f412aae274b751dca883838bf7e7502.php 第 62 行.
NOTIC: [8] Undefined variable: color D:\xampp\htdocs\shop\Runtime\Cache\Home\2f412aae274b751dca883838bf7e7502.php 第 62 行.
NOTIC: [8] Undefined variable: color D:\xampp\htdocs\shop\Runtime\Cache\Home\2f412aae274b751dca883838bf7e7502.php 第 62 行.
NOTIC: [8] Undefined variable: color D:\xampp\htdocs\shop\Runtime\Cache\Home\2f412aae274b751dca883838bf7e7502.php 第 62 行.
NOTIC: [8] Undefined variable: color D:\xampp\htdocs\shop\Runtime\Cache\Home\2f412aae274b751dca883838bf7e7502.php 第 62 行.
NOTIC: [8] Undefined variable: color D:\xampp\htdocs\shop\Runtime\Cache\Home\2f412aae274b751dca883838bf7e7502.php 第 62 行.
NOTIC: [8] Undefined variable: color D:\xampp\htdocs\shop\Runtime\Cache\Home\2f412aae274b751dca883838bf7e7502.php 第 62 行.
INFO: Run Behavior\ParseTemplateBehavior [ RunTime:1.599824s ]
INFO: [ view_parse ] --END-- [ RunTime:1.599889s ]
INFO: [ view_filter ] --START--
INFO: Run Behavior\WriteHtmlCacheBehavior [ RunTime:0.000584s ]
INFO: [ view_filter ] --END-- [ RunTime:0.000620s ]

[ 2017-03-14T13:21:54+08:00 ] 127.0.0.1 /
INFO: [ app_init ] --START--
INFO: Run Behavior\BuildLiteBehavior [ RunTime:0.000011s ]
INFO: [ app_init ] --END-- [ RunTime:0.000537s ]
INFO: [ app_begin ] --START--
INFO: Run Behavior\ReadHtmlCacheBehavior [ RunTime:0.000689s ]
INFO: [ app_begin ] --END-- [ RunTime:0.000746s ]
SQL: SHOW COLUMNS FROM `opinion` [ RunTime:0.0342s ]
SQL: SELECT * FROM `opinion` WHERE ( name='title' ) LIMIT 1   [ RunTime:0.0331s ]
SQL: SELECT * FROM `opinion` WHERE ( name='logo' ) LIMIT 1   [ RunTime:0.0332s ]
SQL: SHOW COLUMNS FROM `content` [ RunTime:0.0338s ]
SQL: SELECT * FROM `content` WHERE ( name='topNewsTitle' ) LIMIT 1   [ RunTime:0.0339s ]
SQL: SELECT * FROM `content` WHERE ( name='topNewsText' ) LIMIT 1   [ RunTime:0.0338s ]
SQL: SELECT * FROM `content` WHERE ( name='warn' ) LIMIT 1   [ RunTime:0.0337s ]
SQL: SHOW COLUMNS FROM `news` [ RunTime:0.0348s ]
SQL: SELECT * FROM `news` ORDER BY date desc  [ RunTime:0.0380s ]
INFO: [ view_parse ] --START--
INFO: [ template_filter ] --START--
INFO: Run Behavior\ContentReplaceBehavior [ RunTime:0.000085s ]
INFO: [ template_filter ] --END-- [ RunTime:0.000130s ]
NOTIC: [8192] mysql_connect(): The mysql extension is deprecated and will be removed in the future: use mysqli or PDO instead D:\xampp\htdocs\shop\Runtime\Cache\Home\2f412aae274b751dca883838bf7e7502.php 第 62 行.
NOTIC: [8] Undefined variable: des D:\xampp\htdocs\shop\Runtime\Cache\Home\2f412aae274b751dca883838bf7e7502.php 第 62 行.
NOTIC: [8] Undefined variable: des D:\xampp\htdocs\shop\Runtime\Cache\Home\2f412aae274b751dca883838bf7e7502.php 第 62 行.
NOTIC: [8] Undefined variable: des D:\xampp\htdocs\shop\Runtime\Cache\Home\2f412aae274b751dca883838bf7e7502.php 第 62 行.
NOTIC: [8] Undefined variable: des D:\xampp\htdocs\shop\Runtime\Cache\Home\2f412aae274b751dca883838bf7e7502.php 第 62 行.
NOTIC: [8] Undefined variable: des D:\xampp\htdocs\shop\Runtime\Cache\Home\2f412aae274b751dca883838bf7e7502.php 第 62 行.
NOTIC: [8] Undefined variable: des D:\xampp\htdocs\shop\Runtime\Cache\Home\2f412aae274b751dca883838bf7e7502.php 第 62 行.
NOTIC: [8] Undefined variable: des D:\xampp\htdocs\shop\Runtime\Cache\Home\2f412aae274b751dca883838bf7e7502.php 第 62 行.
NOTIC: [8] Undefined variable: des D:\xampp\htdocs\shop\Runtime\Cache\Home\2f412aae274b751dca883838bf7e7502.php 第 62 行.
NOTIC: [8] Undefined variable: des D:\xampp\htdocs\shop\Runtime\Cache\Home\2f412aae274b751dca883838bf7e7502.php 第 62 行.
NOTIC: [8] Undefined variable: des D:\xampp\htdocs\shop\Runtime\Cache\Home\2f412aae274b751dca883838bf7e7502.php 第 62 行.
NOTIC: [8] Undefined variable: des D:\xampp\htdocs\shop\Runtime\Cache\Home\2f412aae274b751dca883838bf7e7502.php 第 62 行.
NOTIC: [8] Undefined variable: des D:\xampp\htdocs\shop\Runtime\Cache\Home\2f412aae274b751dca883838bf7e7502.php 第 62 行.
NOTIC: [8] Undefined variable: des D:\xampp\htdocs\shop\Runtime\Cache\Home\2f412aae274b751dca883838bf7e7502.php 第 62 行.
NOTIC: [8] Undefined variable: des D:\xampp\htdocs\shop\Runtime\Cache\Home\2f412aae274b751dca883838bf7e7502.php 第 62 行.
NOTIC: [8] Undefined variable: des D:\xampp\htdocs\shop\Runtime\Cache\Home\2f412aae274b751dca883838bf7e7502.php 第 62 行.
NOTIC: [8] Undefined variable: des D:\xampp\htdocs\shop\Runtime\Cache\Home\2f412aae274b751dca883838bf7e7502.php 第 62 行.
NOTIC: [8] Undefined variable: des D:\xampp\htdocs\shop\Runtime\Cache\Home\2f412aae274b751dca883838bf7e7502.php 第 62 行.
NOTIC: [8] Undefined variable: des D:\xampp\htdocs\shop\Runtime\Cache\Home\2f412aae274b751dca883838bf7e7502.php 第 62 行.
NOTIC: [8] Undefined variable: des D:\xampp\htdocs\shop\Runtime\Cache\Home\2f412aae274b751dca883838bf7e7502.php 第 62 行.
NOTIC: [8] Undefined variable: des D:\xampp\htdocs\shop\Runtime\Cache\Home\2f412aae274b751dca883838bf7e7502.php 第 62 行.
NOTIC: [8] Undefined variable: des D:\xampp\htdocs\shop\Runtime\Cache\Home\2f412aae274b751dca883838bf7e7502.php 第 62 行.
NOTIC: [8] Undefined variable: color D:\xampp\htdocs\shop\Runtime\Cache\Home\2f412aae274b751dca883838bf7e7502.php 第 62 行.
NOTIC: [8] Undefined variable: color D:\xampp\htdocs\shop\Runtime\Cache\Home\2f412aae274b751dca883838bf7e7502.php 第 62 行.
NOTIC: [8] Undefined variable: color D:\xampp\htdocs\shop\Runtime\Cache\Home\2f412aae274b751dca883838bf7e7502.php 第 62 行.
NOTIC: [8] Undefined variable: color D:\xampp\htdocs\shop\Runtime\Cache\Home\2f412aae274b751dca883838bf7e7502.php 第 62 行.
NOTIC: [8] Undefined variable: color D:\xampp\htdocs\shop\Runtime\Cache\Home\2f412aae274b751dca883838bf7e7502.php 第 62 行.
NOTIC: [8] Undefined variable: color D:\xampp\htdocs\shop\Runtime\Cache\Home\2f412aae274b751dca883838bf7e7502.php 第 62 行.
NOTIC: [8] Undefined variable: color D:\xampp\htdocs\shop\Runtime\Cache\Home\2f412aae274b751dca883838bf7e7502.php 第 62 行.
NOTIC: [8] Undefined variable: color D:\xampp\htdocs\shop\Runtime\Cache\Home\2f412aae274b751dca883838bf7e7502.php 第 62 行.
NOTIC: [8] Undefined variable: color D:\xampp\htdocs\shop\Runtime\Cache\Home\2f412aae274b751dca883838bf7e7502.php 第 62 行.
NOTIC: [8] Undefined variable: color D:\xampp\htdocs\shop\Runtime\Cache\Home\2f412aae274b751dca883838bf7e7502.php 第 62 行.
NOTIC: [8] Undefined variable: color D:\xampp\htdocs\shop\Runtime\Cache\Home\2f412aae274b751dca883838bf7e7502.php 第 62 行.
NOTIC: [8] Undefined variable: color D:\xampp\htdocs\shop\Runtime\Cache\Home\2f412aae274b751dca883838bf7e7502.php 第 62 行.
NOTIC: [8] Undefined variable: color D:\xampp\htdocs\shop\Runtime\Cache\Home\2f412aae274b751dca883838bf7e7502.php 第 62 行.
NOTIC: [8] Undefined variable: color D:\xampp\htdocs\shop\Runtime\Cache\Home\2f412aae274b751dca883838bf7e7502.php 第 62 行.
NOTIC: [8] Undefined variable: color D:\xampp\htdocs\shop\Runtime\Cache\Home\2f412aae274b751dca883838bf7e7502.php 第 62 行.
NOTIC: [8] Undefined variable: color D:\xampp\htdocs\shop\Runtime\Cache\Home\2f412aae274b751dca883838bf7e7502.php 第 62 行.
NOTIC: [8] Undefined variable: color D:\xampp\htdocs\shop\Runtime\Cache\Home\2f412aae274b751dca883838bf7e7502.php 第 62 行.
NOTIC: [8] Undefined variable: color D:\xampp\htdocs\shop\Runtime\Cache\Home\2f412aae274b751dca883838bf7e7502.php 第 62 行.
NOTIC: [8] Undefined variable: color D:\xampp\htdocs\shop\Runtime\Cache\Home\2f412aae274b751dca883838bf7e7502.php 第 62 行.
NOTIC: [8] Undefined variable: color D:\xampp\htdocs\shop\Runtime\Cache\Home\2f412aae274b751dca883838bf7e7502.php 第 62 行.
NOTIC: [8] Undefined variable: color D:\xampp\htdocs\shop\Runtime\Cache\Home\2f412aae274b751dca883838bf7e7502.php 第 62 行.
INFO: Run Behavior\ParseTemplateBehavior [ RunTime:1.666865s ]
INFO: [ view_parse ] --END-- [ RunTime:1.666910s ]
INFO: [ view_filter ] --START--
INFO: Run Behavior\WriteHtmlCacheBehavior [ RunTime:0.000530s ]
INFO: [ view_filter ] --END-- [ RunTime:0.000577s ]

[ 2017-03-14T13:21:56+08:00 ] 127.0.0.1 /
INFO: [ app_init ] --START--
INFO: Run Behavior\BuildLiteBehavior [ RunTime:0.000013s ]
INFO: [ app_init ] --END-- [ RunTime:0.000525s ]
INFO: [ app_begin ] --START--
INFO: Run Behavior\ReadHtmlCacheBehavior [ RunTime:0.000496s ]
INFO: [ app_begin ] --END-- [ RunTime:0.000541s ]
SQL: SHOW COLUMNS FROM `opinion` [ RunTime:0.0328s ]
SQL: SELECT * FROM `opinion` WHERE ( name='title' ) LIMIT 1   [ RunTime:0.0329s ]
SQL: SELECT * FROM `opinion` WHERE ( name='logo' ) LIMIT 1   [ RunTime:0.0343s ]
SQL: SHOW COLUMNS FROM `content` [ RunTime:0.0326s ]
SQL: SELECT * FROM `content` WHERE ( name='topNewsTitle' ) LIMIT 1   [ RunTime:0.0337s ]
SQL: SELECT * FROM `content` WHERE ( name='topNewsText' ) LIMIT 1   [ RunTime:0.0328s ]
SQL: SELECT * FROM `content` WHERE ( name='warn' ) LIMIT 1   [ RunTime:0.0331s ]
SQL: SHOW COLUMNS FROM `news` [ RunTime:0.0326s ]
SQL: SELECT * FROM `news` ORDER BY date desc  [ RunTime:0.0391s ]
INFO: [ view_parse ] --START--
INFO: [ template_filter ] --START--
INFO: Run Behavior\ContentReplaceBehavior [ RunTime:0.000116s ]
INFO: [ template_filter ] --END-- [ RunTime:0.000199s ]
NOTIC: [8192] mysql_connect(): The mysql extension is deprecated and will be removed in the future: use mysqli or PDO instead D:\xampp\htdocs\shop\Runtime\Cache\Home\2f412aae274b751dca883838bf7e7502.php 第 62 行.
NOTIC: [8] Undefined variable: des D:\xampp\htdocs\shop\Runtime\Cache\Home\2f412aae274b751dca883838bf7e7502.php 第 62 行.
NOTIC: [8] Undefined variable: des D:\xampp\htdocs\shop\Runtime\Cache\Home\2f412aae274b751dca883838bf7e7502.php 第 62 行.
NOTIC: [8] Undefined variable: des D:\xampp\htdocs\shop\Runtime\Cache\Home\2f412aae274b751dca883838bf7e7502.php 第 62 行.
NOTIC: [8] Undefined variable: des D:\xampp\htdocs\shop\Runtime\Cache\Home\2f412aae274b751dca883838bf7e7502.php 第 62 行.
NOTIC: [8] Undefined variable: des D:\xampp\htdocs\shop\Runtime\Cache\Home\2f412aae274b751dca883838bf7e7502.php 第 62 行.
NOTIC: [8] Undefined variable: des D:\xampp\htdocs\shop\Runtime\Cache\Home\2f412aae274b751dca883838bf7e7502.php 第 62 行.
NOTIC: [8] Undefined variable: des D:\xampp\htdocs\shop\Runtime\Cache\Home\2f412aae274b751dca883838bf7e7502.php 第 62 行.
NOTIC: [8] Undefined variable: des D:\xampp\htdocs\shop\Runtime\Cache\Home\2f412aae274b751dca883838bf7e7502.php 第 62 行.
NOTIC: [8] Undefined variable: des D:\xampp\htdocs\shop\Runtime\Cache\Home\2f412aae274b751dca883838bf7e7502.php 第 62 行.
NOTIC: [8] Undefined variable: des D:\xampp\htdocs\shop\Runtime\Cache\Home\2f412aae274b751dca883838bf7e7502.php 第 62 行.
NOTIC: [8] Undefined variable: des D:\xampp\htdocs\shop\Runtime\Cache\Home\2f412aae274b751dca883838bf7e7502.php 第 62 行.
NOTIC: [8] Undefined variable: des D:\xampp\htdocs\shop\Runtime\Cache\Home\2f412aae274b751dca883838bf7e7502.php 第 62 行.
NOTIC: [8] Undefined variable: des D:\xampp\htdocs\shop\Runtime\Cache\Home\2f412aae274b751dca883838bf7e7502.php 第 62 行.
NOTIC: [8] Undefined variable: des D:\xampp\htdocs\shop\Runtime\Cache\Home\2f412aae274b751dca883838bf7e7502.php 第 62 行.
NOTIC: [8] Undefined variable: des D:\xampp\htdocs\shop\Runtime\Cache\Home\2f412aae274b751dca883838bf7e7502.php 第 62 行.
NOTIC: [8] Undefined variable: des D:\xampp\htdocs\shop\Runtime\Cache\Home\2f412aae274b751dca883838bf7e7502.php 第 62 行.
NOTIC: [8] Undefined variable: des D:\xampp\htdocs\shop\Runtime\Cache\Home\2f412aae274b751dca883838bf7e7502.php 第 62 行.
NOTIC: [8] Undefined variable: des D:\xampp\htdocs\shop\Runtime\Cache\Home\2f412aae274b751dca883838bf7e7502.php 第 62 行.
NOTIC: [8] Undefined variable: des D:\xampp\htdocs\shop\Runtime\Cache\Home\2f412aae274b751dca883838bf7e7502.php 第 62 行.
NOTIC: [8] Undefined variable: des D:\xampp\htdocs\shop\Runtime\Cache\Home\2f412aae274b751dca883838bf7e7502.php 第 62 行.
NOTIC: [8] Undefined variable: des D:\xampp\htdocs\shop\Runtime\Cache\Home\2f412aae274b751dca883838bf7e7502.php 第 62 行.
NOTIC: [8] Undefined variable: color D:\xampp\htdocs\shop\Runtime\Cache\Home\2f412aae274b751dca883838bf7e7502.php 第 62 行.
NOTIC: [8] Undefined variable: color D:\xampp\htdocs\shop\Runtime\Cache\Home\2f412aae274b751dca883838bf7e7502.php 第 62 行.
NOTIC: [8] Undefined variable: color D:\xampp\htdocs\shop\Runtime\Cache\Home\2f412aae274b751dca883838bf7e7502.php 第 62 行.
NOTIC: [8] Undefined variable: color D:\xampp\htdocs\shop\Runtime\Cache\Home\2f412aae274b751dca883838bf7e7502.php 第 62 行.
NOTIC: [8] Undefined variable: color D:\xampp\htdocs\shop\Runtime\Cache\Home\2f412aae274b751dca883838bf7e7502.php 第 62 行.
NOTIC: [8] Undefined variable: color D:\xampp\htdocs\shop\Runtime\Cache\Home\2f412aae274b751dca883838bf7e7502.php 第 62 行.
NOTIC: [8] Undefined variable: color D:\xampp\htdocs\shop\Runtime\Cache\Home\2f412aae274b751dca883838bf7e7502.php 第 62 行.
NOTIC: [8] Undefined variable: color D:\xampp\htdocs\shop\Runtime\Cache\Home\2f412aae274b751dca883838bf7e7502.php 第 62 行.
NOTIC: [8] Undefined variable: color D:\xampp\htdocs\shop\Runtime\Cache\Home\2f412aae274b751dca883838bf7e7502.php 第 62 行.
NOTIC: [8] Undefined variable: color D:\xampp\htdocs\shop\Runtime\Cache\Home\2f412aae274b751dca883838bf7e7502.php 第 62 行.
NOTIC: [8] Undefined variable: color D:\xampp\htdocs\shop\Runtime\Cache\Home\2f412aae274b751dca883838bf7e7502.php 第 62 行.
NOTIC: [8] Undefined variable: color D:\xampp\htdocs\shop\Runtime\Cache\Home\2f412aae274b751dca883838bf7e7502.php 第 62 行.
NOTIC: [8] Undefined variable: color D:\xampp\htdocs\shop\Runtime\Cache\Home\2f412aae274b751dca883838bf7e7502.php 第 62 行.
NOTIC: [8] Undefined variable: color D:\xampp\htdocs\shop\Runtime\Cache\Home\2f412aae274b751dca883838bf7e7502.php 第 62 行.
NOTIC: [8] Undefined variable: color D:\xampp\htdocs\shop\Runtime\Cache\Home\2f412aae274b751dca883838bf7e7502.php 第 62 行.
NOTIC: [8] Undefined variable: color D:\xampp\htdocs\shop\Runtime\Cache\Home\2f412aae274b751dca883838bf7e7502.php 第 62 行.
NOTIC: [8] Undefined variable: color D:\xampp\htdocs\shop\Runtime\Cache\Home\2f412aae274b751dca883838bf7e7502.php 第 62 行.
NOTIC: [8] Undefined variable: color D:\xampp\htdocs\shop\Runtime\Cache\Home\2f412aae274b751dca883838bf7e7502.php 第 62 行.
NOTIC: [8] Undefined variable: color D:\xampp\htdocs\shop\Runtime\Cache\Home\2f412aae274b751dca883838bf7e7502.php 第 62 行.
NOTIC: [8] Undefined variable: color D:\xampp\htdocs\shop\Runtime\Cache\Home\2f412aae274b751dca883838bf7e7502.php 第 62 行.
NOTIC: [8] Undefined variable: color D:\xampp\htdocs\shop\Runtime\Cache\Home\2f412aae274b751dca883838bf7e7502.php 第 62 行.
INFO: Run Behavior\ParseTemplateBehavior [ RunTime:1.545126s ]
INFO: [ view_parse ] --END-- [ RunTime:1.545187s ]
INFO: [ view_filter ] --START--
INFO: Run Behavior\WriteHtmlCacheBehavior [ RunTime:0.000426s ]
INFO: [ view_filter ] --END-- [ RunTime:0.000467s ]

[ 2017-03-14T13:21:58+08:00 ] 127.0.0.1 /
INFO: [ app_init ] --START--
INFO: Run Behavior\BuildLiteBehavior [ RunTime:0.000012s ]
INFO: [ app_init ] --END-- [ RunTime:0.000474s ]
INFO: [ app_begin ] --START--
INFO: Run Behavior\ReadHtmlCacheBehavior [ RunTime:0.000631s ]
INFO: [ app_begin ] --END-- [ RunTime:0.000687s ]
SQL: SHOW COLUMNS FROM `opinion` [ RunTime:0.0325s ]
SQL: SELECT * FROM `opinion` WHERE ( name='title' ) LIMIT 1   [ RunTime:0.0322s ]
SQL: SELECT * FROM `opinion` WHERE ( name='logo' ) LIMIT 1   [ RunTime:0.0345s ]
SQL: SHOW COLUMNS FROM `content` [ RunTime:0.0332s ]
SQL: SELECT * FROM `content` WHERE ( name='topNewsTitle' ) LIMIT 1   [ RunTime:0.0321s ]
SQL: SELECT * FROM `content` WHERE ( name='topNewsText' ) LIMIT 1   [ RunTime:0.0352s ]
SQL: SELECT * FROM `content` WHERE ( name='warn' ) LIMIT 1   [ RunTime:0.0323s ]
SQL: SHOW COLUMNS FROM `news` [ RunTime:0.0327s ]
SQL: SELECT * FROM `news` ORDER BY date desc  [ RunTime:0.0376s ]
INFO: [ view_parse ] --START--
INFO: [ template_filter ] --START--
INFO: Run Behavior\ContentReplaceBehavior [ RunTime:0.000079s ]
INFO: [ template_filter ] --END-- [ RunTime:0.000124s ]
NOTIC: [8192] mysql_connect(): The mysql extension is deprecated and will be removed in the future: use mysqli or PDO instead D:\xampp\htdocs\shop\Runtime\Cache\Home\2f412aae274b751dca883838bf7e7502.php 第 62 行.
NOTIC: [8] Undefined variable: des D:\xampp\htdocs\shop\Runtime\Cache\Home\2f412aae274b751dca883838bf7e7502.php 第 62 行.
NOTIC: [8] Undefined variable: des D:\xampp\htdocs\shop\Runtime\Cache\Home\2f412aae274b751dca883838bf7e7502.php 第 62 行.
NOTIC: [8] Undefined variable: des D:\xampp\htdocs\shop\Runtime\Cache\Home\2f412aae274b751dca883838bf7e7502.php 第 62 行.
NOTIC: [8] Undefined variable: des D:\xampp\htdocs\shop\Runtime\Cache\Home\2f412aae274b751dca883838bf7e7502.php 第 62 行.
NOTIC: [8] Undefined variable: des D:\xampp\htdocs\shop\Runtime\Cache\Home\2f412aae274b751dca883838bf7e7502.php 第 62 行.
NOTIC: [8] Undefined variable: des D:\xampp\htdocs\shop\Runtime\Cache\Home\2f412aae274b751dca883838bf7e7502.php 第 62 行.
NOTIC: [8] Undefined variable: des D:\xampp\htdocs\shop\Runtime\Cache\Home\2f412aae274b751dca883838bf7e7502.php 第 62 行.
NOTIC: [8] Undefined variable: des D:\xampp\htdocs\shop\Runtime\Cache\Home\2f412aae274b751dca883838bf7e7502.php 第 62 行.
NOTIC: [8] Undefined variable: des D:\xampp\htdocs\shop\Runtime\Cache\Home\2f412aae274b751dca883838bf7e7502.php 第 62 行.
NOTIC: [8] Undefined variable: des D:\xampp\htdocs\shop\Runtime\Cache\Home\2f412aae274b751dca883838bf7e7502.php 第 62 行.
NOTIC: [8] Undefined variable: des D:\xampp\htdocs\shop\Runtime\Cache\Home\2f412aae274b751dca883838bf7e7502.php 第 62 行.
NOTIC: [8] Undefined variable: des D:\xampp\htdocs\shop\Runtime\Cache\Home\2f412aae274b751dca883838bf7e7502.php 第 62 行.
NOTIC: [8] Undefined variable: des D:\xampp\htdocs\shop\Runtime\Cache\Home\2f412aae274b751dca883838bf7e7502.php 第 62 行.
NOTIC: [8] Undefined variable: des D:\xampp\htdocs\shop\Runtime\Cache\Home\2f412aae274b751dca883838bf7e7502.php 第 62 行.
NOTIC: [8] Undefined variable: des D:\xampp\htdocs\shop\Runtime\Cache\Home\2f412aae274b751dca883838bf7e7502.php 第 62 行.
NOTIC: [8] Undefined variable: des D:\xampp\htdocs\shop\Runtime\Cache\Home\2f412aae274b751dca883838bf7e7502.php 第 62 行.
NOTIC: [8] Undefined variable: des D:\xampp\htdocs\shop\Runtime\Cache\Home\2f412aae274b751dca883838bf7e7502.php 第 62 行.
NOTIC: [8] Undefined variable: des D:\xampp\htdocs\shop\Runtime\Cache\Home\2f412aae274b751dca883838bf7e7502.php 第 62 行.
NOTIC: [8] Undefined variable: des D:\xampp\htdocs\shop\Runtime\Cache\Home\2f412aae274b751dca883838bf7e7502.php 第 62 行.
NOTIC: [8] Undefined variable: des D:\xampp\htdocs\shop\Runtime\Cache\Home\2f412aae274b751dca883838bf7e7502.php 第 62 行.
NOTIC: [8] Undefined variable: des D:\xampp\htdocs\shop\Runtime\Cache\Home\2f412aae274b751dca883838bf7e7502.php 第 62 行.
NOTIC: [8] Undefined variable: color D:\xampp\htdocs\shop\Runtime\Cache\Home\2f412aae274b751dca883838bf7e7502.php 第 62 行.
NOTIC: [8] Undefined variable: color D:\xampp\htdocs\shop\Runtime\Cache\Home\2f412aae274b751dca883838bf7e7502.php 第 62 行.
NOTIC: [8] Undefined variable: color D:\xampp\htdocs\shop\Runtime\Cache\Home\2f412aae274b751dca883838bf7e7502.php 第 62 行.
NOTIC: [8] Undefined variable: color D:\xampp\htdocs\shop\Runtime\Cache\Home\2f412aae274b751dca883838bf7e7502.php 第 62 行.
NOTIC: [8] Undefined variable: color D:\xampp\htdocs\shop\Runtime\Cache\Home\2f412aae274b751dca883838bf7e7502.php 第 62 行.
NOTIC: [8] Undefined variable: color D:\xampp\htdocs\shop\Runtime\Cache\Home\2f412aae274b751dca883838bf7e7502.php 第 62 行.
NOTIC: [8] Undefined variable: color D:\xampp\htdocs\shop\Runtime\Cache\Home\2f412aae274b751dca883838bf7e7502.php 第 62 行.
NOTIC: [8] Undefined variable: color D:\xampp\htdocs\shop\Runtime\Cache\Home\2f412aae274b751dca883838bf7e7502.php 第 62 行.
NOTIC: [8] Undefined variable: color D:\xampp\htdocs\shop\Runtime\Cache\Home\2f412aae274b751dca883838bf7e7502.php 第 62 行.
NOTIC: [8] Undefined variable: color D:\xampp\htdocs\shop\Runtime\Cache\Home\2f412aae274b751dca883838bf7e7502.php 第 62 行.
NOTIC: [8] Undefined variable: color D:\xampp\htdocs\shop\Runtime\Cache\Home\2f412aae274b751dca883838bf7e7502.php 第 62 行.
NOTIC: [8] Undefined variable: color D:\xampp\htdocs\shop\Runtime\Cache\Home\2f412aae274b751dca883838bf7e7502.php 第 62 行.
NOTIC: [8] Undefined variable: color D:\xampp\htdocs\shop\Runtime\Cache\Home\2f412aae274b751dca883838bf7e7502.php 第 62 行.
NOTIC: [8] Undefined variable: color D:\xampp\htdocs\shop\Runtime\Cache\Home\2f412aae274b751dca883838bf7e7502.php 第 62 行.
NOTIC: [8] Undefined variable: color D:\xampp\htdocs\shop\Runtime\Cache\Home\2f412aae274b751dca883838bf7e7502.php 第 62 行.
NOTIC: [8] Undefined variable: color D:\xampp\htdocs\shop\Runtime\Cache\Home\2f412aae274b751dca883838bf7e7502.php 第 62 行.
NOTIC: [8] Undefined variable: color D:\xampp\htdocs\shop\Runtime\Cache\Home\2f412aae274b751dca883838bf7e7502.php 第 62 行.
NOTIC: [8] Undefined variable: color D:\xampp\htdocs\shop\Runtime\Cache\Home\2f412aae274b751dca883838bf7e7502.php 第 62 行.
NOTIC: [8] Undefined variable: color D:\xampp\htdocs\shop\Runtime\Cache\Home\2f412aae274b751dca883838bf7e7502.php 第 62 行.
NOTIC: [8] Undefined variable: color D:\xampp\htdocs\shop\Runtime\Cache\Home\2f412aae274b751dca883838bf7e7502.php 第 62 行.
NOTIC: [8] Undefined variable: color D:\xampp\htdocs\shop\Runtime\Cache\Home\2f412aae274b751dca883838bf7e7502.php 第 62 行.
INFO: Run Behavior\ParseTemplateBehavior [ RunTime:1.629800s ]
INFO: [ view_parse ] --END-- [ RunTime:1.629871s ]
INFO: [ view_filter ] --START--
INFO: Run Behavior\WriteHtmlCacheBehavior [ RunTime:0.000650s ]
INFO: [ view_filter ] --END-- [ RunTime:0.000701s ]

[ 2017-03-14T13:22:00+08:00 ] 127.0.0.1 /
INFO: [ app_init ] --START--
INFO: Run Behavior\BuildLiteBehavior [ RunTime:0.000011s ]
INFO: [ app_init ] --END-- [ RunTime:0.000624s ]
INFO: [ app_begin ] --START--
INFO: Run Behavior\ReadHtmlCacheBehavior [ RunTime:0.000687s ]
INFO: [ app_begin ] --END-- [ RunTime:0.000750s ]
SQL: SHOW COLUMNS FROM `opinion` [ RunTime:0.0345s ]
SQL: SELECT * FROM `opinion` WHERE ( name='title' ) LIMIT 1   [ RunTime:0.0343s ]
SQL: SELECT * FROM `opinion` WHERE ( name='logo' ) LIMIT 1   [ RunTime:0.0338s ]
SQL: SHOW COLUMNS FROM `content` [ RunTime:0.0348s ]
SQL: SELECT * FROM `content` WHERE ( name='topNewsTitle' ) LIMIT 1   [ RunTime:0.0339s ]
SQL: SELECT * FROM `content` WHERE ( name='topNewsText' ) LIMIT 1   [ RunTime:0.0344s ]
SQL: SELECT * FROM `content` WHERE ( name='warn' ) LIMIT 1   [ RunTime:0.0336s ]
SQL: SHOW COLUMNS FROM `news` [ RunTime:0.0343s ]
SQL: SELECT * FROM `news` ORDER BY date desc  [ RunTime:0.0368s ]
INFO: [ view_parse ] --START--
INFO: [ template_filter ] --START--
INFO: Run Behavior\ContentReplaceBehavior [ RunTime:0.000076s ]
INFO: [ template_filter ] --END-- [ RunTime:0.000116s ]
NOTIC: [8192] mysql_connect(): The mysql extension is deprecated and will be removed in the future: use mysqli or PDO instead D:\xampp\htdocs\shop\Runtime\Cache\Home\2f412aae274b751dca883838bf7e7502.php 第 62 行.
NOTIC: [8] Undefined variable: des D:\xampp\htdocs\shop\Runtime\Cache\Home\2f412aae274b751dca883838bf7e7502.php 第 62 行.
NOTIC: [8] Undefined variable: des D:\xampp\htdocs\shop\Runtime\Cache\Home\2f412aae274b751dca883838bf7e7502.php 第 62 行.
NOTIC: [8] Undefined variable: des D:\xampp\htdocs\shop\Runtime\Cache\Home\2f412aae274b751dca883838bf7e7502.php 第 62 行.
NOTIC: [8] Undefined variable: des D:\xampp\htdocs\shop\Runtime\Cache\Home\2f412aae274b751dca883838bf7e7502.php 第 62 行.
NOTIC: [8] Undefined variable: des D:\xampp\htdocs\shop\Runtime\Cache\Home\2f412aae274b751dca883838bf7e7502.php 第 62 行.
NOTIC: [8] Undefined variable: des D:\xampp\htdocs\shop\Runtime\Cache\Home\2f412aae274b751dca883838bf7e7502.php 第 62 行.
NOTIC: [8] Undefined variable: des D:\xampp\htdocs\shop\Runtime\Cache\Home\2f412aae274b751dca883838bf7e7502.php 第 62 行.
NOTIC: [8] Undefined variable: des D:\xampp\htdocs\shop\Runtime\Cache\Home\2f412aae274b751dca883838bf7e7502.php 第 62 行.
NOTIC: [8] Undefined variable: des D:\xampp\htdocs\shop\Runtime\Cache\Home\2f412aae274b751dca883838bf7e7502.php 第 62 行.
NOTIC: [8] Undefined variable: des D:\xampp\htdocs\shop\Runtime\Cache\Home\2f412aae274b751dca883838bf7e7502.php 第 62 行.
NOTIC: [8] Undefined variable: des D:\xampp\htdocs\shop\Runtime\Cache\Home\2f412aae274b751dca883838bf7e7502.php 第 62 行.
NOTIC: [8] Undefined variable: des D:\xampp\htdocs\shop\Runtime\Cache\Home\2f412aae274b751dca883838bf7e7502.php 第 62 行.
NOTIC: [8] Undefined variable: des D:\xampp\htdocs\shop\Runtime\Cache\Home\2f412aae274b751dca883838bf7e7502.php 第 62 行.
NOTIC: [8] Undefined variable: des D:\xampp\htdocs\shop\Runtime\Cache\Home\2f412aae274b751dca883838bf7e7502.php 第 62 行.
NOTIC: [8] Undefined variable: des D:\xampp\htdocs\shop\Runtime\Cache\Home\2f412aae274b751dca883838bf7e7502.php 第 62 行.
NOTIC: [8] Undefined variable: des D:\xampp\htdocs\shop\Runtime\Cache\Home\2f412aae274b751dca883838bf7e7502.php 第 62 行.
NOTIC: [8] Undefined variable: des D:\xampp\htdocs\shop\Runtime\Cache\Home\2f412aae274b751dca883838bf7e7502.php 第 62 行.
NOTIC: [8] Undefined variable: des D:\xampp\htdocs\shop\Runtime\Cache\Home\2f412aae274b751dca883838bf7e7502.php 第 62 行.
NOTIC: [8] Undefined variable: des D:\xampp\htdocs\shop\Runtime\Cache\Home\2f412aae274b751dca883838bf7e7502.php 第 62 行.
NOTIC: [8] Undefined variable: des D:\xampp\htdocs\shop\Runtime\Cache\Home\2f412aae274b751dca883838bf7e7502.php 第 62 行.
NOTIC: [8] Undefined variable: des D:\xampp\htdocs\shop\Runtime\Cache\Home\2f412aae274b751dca883838bf7e7502.php 第 62 行.
NOTIC: [8] Undefined variable: color D:\xampp\htdocs\shop\Runtime\Cache\Home\2f412aae274b751dca883838bf7e7502.php 第 62 行.
NOTIC: [8] Undefined variable: color D:\xampp\htdocs\shop\Runtime\Cache\Home\2f412aae274b751dca883838bf7e7502.php 第 62 行.
NOTIC: [8] Undefined variable: color D:\xampp\htdocs\shop\Runtime\Cache\Home\2f412aae274b751dca883838bf7e7502.php 第 62 行.
NOTIC: [8] Undefined variable: color D:\xampp\htdocs\shop\Runtime\Cache\Home\2f412aae274b751dca883838bf7e7502.php 第 62 行.
NOTIC: [8] Undefined variable: color D:\xampp\htdocs\shop\Runtime\Cache\Home\2f412aae274b751dca883838bf7e7502.php 第 62 行.
NOTIC: [8] Undefined variable: color D:\xampp\htdocs\shop\Runtime\Cache\Home\2f412aae274b751dca883838bf7e7502.php 第 62 行.
NOTIC: [8] Undefined variable: color D:\xampp\htdocs\shop\Runtime\Cache\Home\2f412aae274b751dca883838bf7e7502.php 第 62 行.
NOTIC: [8] Undefined variable: color D:\xampp\htdocs\shop\Runtime\Cache\Home\2f412aae274b751dca883838bf7e7502.php 第 62 行.
NOTIC: [8] Undefined variable: color D:\xampp\htdocs\shop\Runtime\Cache\Home\2f412aae274b751dca883838bf7e7502.php 第 62 行.
NOTIC: [8] Undefined variable: color D:\xampp\htdocs\shop\Runtime\Cache\Home\2f412aae274b751dca883838bf7e7502.php 第 62 行.
NOTIC: [8] Undefined variable: color D:\xampp\htdocs\shop\Runtime\Cache\Home\2f412aae274b751dca883838bf7e7502.php 第 62 行.
NOTIC: [8] Undefined variable: color D:\xampp\htdocs\shop\Runtime\Cache\Home\2f412aae274b751dca883838bf7e7502.php 第 62 行.
NOTIC: [8] Undefined variable: color D:\xampp\htdocs\shop\Runtime\Cache\Home\2f412aae274b751dca883838bf7e7502.php 第 62 行.
NOTIC: [8] Undefined variable: color D:\xampp\htdocs\shop\Runtime\Cache\Home\2f412aae274b751dca883838bf7e7502.php 第 62 行.
NOTIC: [8] Undefined variable: color D:\xampp\htdocs\shop\Runtime\Cache\Home\2f412aae274b751dca883838bf7e7502.php 第 62 行.
NOTIC: [8] Undefined variable: color D:\xampp\htdocs\shop\Runtime\Cache\Home\2f412aae274b751dca883838bf7e7502.php 第 62 行.
NOTIC: [8] Undefined variable: color D:\xampp\htdocs\shop\Runtime\Cache\Home\2f412aae274b751dca883838bf7e7502.php 第 62 行.
NOTIC: [8] Undefined variable: color D:\xampp\htdocs\shop\Runtime\Cache\Home\2f412aae274b751dca883838bf7e7502.php 第 62 行.
NOTIC: [8] Undefined variable: color D:\xampp\htdocs\shop\Runtime\Cache\Home\2f412aae274b751dca883838bf7e7502.php 第 62 行.
NOTIC: [8] Undefined variable: color D:\xampp\htdocs\shop\Runtime\Cache\Home\2f412aae274b751dca883838bf7e7502.php 第 62 行.
NOTIC: [8] Undefined variable: color D:\xampp\htdocs\shop\Runtime\Cache\Home\2f412aae274b751dca883838bf7e7502.php 第 62 行.
INFO: Run Behavior\ParseTemplateBehavior [ RunTime:1.711156s ]
INFO: [ view_parse ] --END-- [ RunTime:1.711202s ]
INFO: [ view_filter ] --START--
INFO: Run Behavior\WriteHtmlCacheBehavior [ RunTime:0.000551s ]
INFO: [ view_filter ] --END-- [ RunTime:0.000592s ]

[ 2017-03-14T13:22:03+08:00 ] 127.0.0.1 /
INFO: [ app_init ] --START--
INFO: Run Behavior\BuildLiteBehavior [ RunTime:0.000012s ]
INFO: [ app_init ] --END-- [ RunTime:0.000578s ]
INFO: [ app_begin ] --START--
INFO: Run Behavior\ReadHtmlCacheBehavior [ RunTime:0.000738s ]
INFO: [ app_begin ] --END-- [ RunTime:0.000781s ]
SQL: SHOW COLUMNS FROM `opinion` [ RunTime:0.0419s ]
SQL: SELECT * FROM `opinion` WHERE ( name='title' ) LIMIT 1   [ RunTime:0.0365s ]
SQL: SELECT * FROM `opinion` WHERE ( name='logo' ) LIMIT 1   [ RunTime:0.0329s ]
SQL: SHOW COLUMNS FROM `content` [ RunTime:0.0585s ]
SQL: SELECT * FROM `content` WHERE ( name='topNewsTitle' ) LIMIT 1   [ RunTime:0.0461s ]
SQL: SELECT * FROM `content` WHERE ( name='topNewsText' ) LIMIT 1   [ RunTime:0.0545s ]
SQL: SELECT * FROM `content` WHERE ( name='warn' ) LIMIT 1   [ RunTime:0.0354s ]
SQL: SHOW COLUMNS FROM `news` [ RunTime:0.0644s ]
SQL: SELECT * FROM `news` ORDER BY date desc  [ RunTime:0.0661s ]
INFO: [ view_parse ] --START--
INFO: [ template_filter ] --START--
INFO: Run Behavior\ContentReplaceBehavior [ RunTime:0.000077s ]
INFO: [ template_filter ] --END-- [ RunTime:0.000116s ]
NOTIC: [8192] mysql_connect(): The mysql extension is deprecated and will be removed in the future: use mysqli or PDO instead D:\xampp\htdocs\shop\Runtime\Cache\Home\2f412aae274b751dca883838bf7e7502.php 第 62 行.
NOTIC: [8] Undefined variable: des D:\xampp\htdocs\shop\Runtime\Cache\Home\2f412aae274b751dca883838bf7e7502.php 第 62 行.
NOTIC: [8] Undefined variable: des D:\xampp\htdocs\shop\Runtime\Cache\Home\2f412aae274b751dca883838bf7e7502.php 第 62 行.
NOTIC: [8] Undefined variable: des D:\xampp\htdocs\shop\Runtime\Cache\Home\2f412aae274b751dca883838bf7e7502.php 第 62 行.
NOTIC: [8] Undefined variable: des D:\xampp\htdocs\shop\Runtime\Cache\Home\2f412aae274b751dca883838bf7e7502.php 第 62 行.
NOTIC: [8] Undefined variable: des D:\xampp\htdocs\shop\Runtime\Cache\Home\2f412aae274b751dca883838bf7e7502.php 第 62 行.
NOTIC: [8] Undefined variable: des D:\xampp\htdocs\shop\Runtime\Cache\Home\2f412aae274b751dca883838bf7e7502.php 第 62 行.
NOTIC: [8] Undefined variable: des D:\xampp\htdocs\shop\Runtime\Cache\Home\2f412aae274b751dca883838bf7e7502.php 第 62 行.
NOTIC: [8] Undefined variable: des D:\xampp\htdocs\shop\Runtime\Cache\Home\2f412aae274b751dca883838bf7e7502.php 第 62 行.
NOTIC: [8] Undefined variable: des D:\xampp\htdocs\shop\Runtime\Cache\Home\2f412aae274b751dca883838bf7e7502.php 第 62 行.
NOTIC: [8] Undefined variable: des D:\xampp\htdocs\shop\Runtime\Cache\Home\2f412aae274b751dca883838bf7e7502.php 第 62 行.
NOTIC: [8] Undefined variable: des D:\xampp\htdocs\shop\Runtime\Cache\Home\2f412aae274b751dca883838bf7e7502.php 第 62 行.
NOTIC: [8] Undefined variable: des D:\xampp\htdocs\shop\Runtime\Cache\Home\2f412aae274b751dca883838bf7e7502.php 第 62 行.
NOTIC: [8] Undefined variable: des D:\xampp\htdocs\shop\Runtime\Cache\Home\2f412aae274b751dca883838bf7e7502.php 第 62 行.
NOTIC: [8] Undefined variable: des D:\xampp\htdocs\shop\Runtime\Cache\Home\2f412aae274b751dca883838bf7e7502.php 第 62 行.
NOTIC: [8] Undefined variable: des D:\xampp\htdocs\shop\Runtime\Cache\Home\2f412aae274b751dca883838bf7e7502.php 第 62 行.
NOTIC: [8] Undefined variable: des D:\xampp\htdocs\shop\Runtime\Cache\Home\2f412aae274b751dca883838bf7e7502.php 第 62 行.
NOTIC: [8] Undefined variable: des D:\xampp\htdocs\shop\Runtime\Cache\Home\2f412aae274b751dca883838bf7e7502.php 第 62 行.
NOTIC: [8] Undefined variable: des D:\xampp\htdocs\shop\Runtime\Cache\Home\2f412aae274b751dca883838bf7e7502.php 第 62 行.
NOTIC: [8] Undefined variable: des D:\xampp\htdocs\shop\Runtime\Cache\Home\2f412aae274b751dca883838bf7e7502.php 第 62 行.
NOTIC: [8] Undefined variable: des D:\xampp\htdocs\shop\Runtime\Cache\Home\2f412aae274b751dca883838bf7e7502.php 第 62 行.
NOTIC: [8] Undefined variable: des D:\xampp\htdocs\shop\Runtime\Cache\Home\2f412aae274b751dca883838bf7e7502.php 第 62 行.
NOTIC: [8] Undefined variable: color D:\xampp\htdocs\shop\Runtime\Cache\Home\2f412aae274b751dca883838bf7e7502.php 第 62 行.
NOTIC: [8] Undefined variable: color D:\xampp\htdocs\shop\Runtime\Cache\Home\2f412aae274b751dca883838bf7e7502.php 第 62 行.
NOTIC: [8] Undefined variable: color D:\xampp\htdocs\shop\Runtime\Cache\Home\2f412aae274b751dca883838bf7e7502.php 第 62 行.
NOTIC: [8] Undefined variable: color D:\xampp\htdocs\shop\Runtime\Cache\Home\2f412aae274b751dca883838bf7e7502.php 第 62 行.
NOTIC: [8] Undefined variable: color D:\xampp\htdocs\shop\Runtime\Cache\Home\2f412aae274b751dca883838bf7e7502.php 第 62 行.
NOTIC: [8] Undefined variable: color D:\xampp\htdocs\shop\Runtime\Cache\Home\2f412aae274b751dca883838bf7e7502.php 第 62 行.
NOTIC: [8] Undefined variable: color D:\xampp\htdocs\shop\Runtime\Cache\Home\2f412aae274b751dca883838bf7e7502.php 第 62 行.
NOTIC: [8] Undefined variable: color D:\xampp\htdocs\shop\Runtime\Cache\Home\2f412aae274b751dca883838bf7e7502.php 第 62 行.
NOTIC: [8] Undefined variable: color D:\xampp\htdocs\shop\Runtime\Cache\Home\2f412aae274b751dca883838bf7e7502.php 第 62 行.
NOTIC: [8] Undefined variable: color D:\xampp\htdocs\shop\Runtime\Cache\Home\2f412aae274b751dca883838bf7e7502.php 第 62 行.
NOTIC: [8] Undefined variable: color D:\xampp\htdocs\shop\Runtime\Cache\Home\2f412aae274b751dca883838bf7e7502.php 第 62 行.
NOTIC: [8] Undefined variable: color D:\xampp\htdocs\shop\Runtime\Cache\Home\2f412aae274b751dca883838bf7e7502.php 第 62 行.
NOTIC: [8] Undefined variable: color D:\xampp\htdocs\shop\Runtime\Cache\Home\2f412aae274b751dca883838bf7e7502.php 第 62 行.
NOTIC: [8] Undefined variable: color D:\xampp\htdocs\shop\Runtime\Cache\Home\2f412aae274b751dca883838bf7e7502.php 第 62 行.
NOTIC: [8] Undefined variable: color D:\xampp\htdocs\shop\Runtime\Cache\Home\2f412aae274b751dca883838bf7e7502.php 第 62 行.
NOTIC: [8] Undefined variable: color D:\xampp\htdocs\shop\Runtime\Cache\Home\2f412aae274b751dca883838bf7e7502.php 第 62 行.
NOTIC: [8] Undefined variable: color D:\xampp\htdocs\shop\Runtime\Cache\Home\2f412aae274b751dca883838bf7e7502.php 第 62 行.
NOTIC: [8] Undefined variable: color D:\xampp\htdocs\shop\Runtime\Cache\Home\2f412aae274b751dca883838bf7e7502.php 第 62 行.
NOTIC: [8] Undefined variable: color D:\xampp\htdocs\shop\Runtime\Cache\Home\2f412aae274b751dca883838bf7e7502.php 第 62 行.
NOTIC: [8] Undefined variable: color D:\xampp\htdocs\shop\Runtime\Cache\Home\2f412aae274b751dca883838bf7e7502.php 第 62 行.
NOTIC: [8] Undefined variable: color D:\xampp\htdocs\shop\Runtime\Cache\Home\2f412aae274b751dca883838bf7e7502.php 第 62 行.
INFO: Run Behavior\ParseTemplateBehavior [ RunTime:2.275867s ]
INFO: [ view_parse ] --END-- [ RunTime:2.275930s ]
INFO: [ view_filter ] --START--
INFO: Run Behavior\WriteHtmlCacheBehavior [ RunTime:0.000556s ]
INFO: [ view_filter ] --END-- [ RunTime:0.000599s ]

