[ 2017-06-26T23:33:47+08:00 ] ::1 /csqx/
INFO: [ app_init ] --START--
INFO: Run Behavior\BuildLiteBehavior [ RunTime:0.000023s ]
INFO: [ app_init ] --END-- [ RunTime:0.010190s ]
INFO: [ app_begin ] --START--
INFO: Run Behavior\ReadHtmlCacheBehavior [ RunTime:0.001524s ]
INFO: [ app_begin ] --END-- [ RunTime:0.001621s ]
SQL: SHOW COLUMNS FROM `opinion` [ RunTime:0.0470s ]
SQL: SELECT * FROM `opinion` WHERE ( name='title' ) LIMIT 1   [ RunTime:0.0446s ]
SQL: SELECT * FROM `opinion` WHERE ( name='logo' ) LIMIT 1   [ RunTime:0.0452s ]
SQL: SHOW COLUMNS FROM `content` [ RunTime:0.0454s ]
SQL: SELECT * FROM `content` WHERE ( name='topNewsTitle' ) LIMIT 1   [ RunTime:0.0458s ]
SQL: SELECT * FROM `content` WHERE ( name='topNewsText' ) LIMIT 1   [ RunTime:0.0447s ]
SQL: SELECT * FROM `content` WHERE ( name='warn' ) LIMIT 1   [ RunTime:0.0447s ]
SQL: SHOW COLUMNS FROM `news` [ RunTime:0.0456s ]
SQL: SELECT * FROM `news` ORDER BY date desc  [ RunTime:0.0461s ]
INFO: [ view_parse ] --START--
INFO: [ template_filter ] --START--
INFO: Run Behavior\ContentReplaceBehavior [ RunTime:0.000164s ]
INFO: [ template_filter ] --END-- [ RunTime:0.000248s ]
NOTIC: [8192] mysql_connect(): The mysql extension is deprecated and will be removed in the future: use mysqli or PDO instead D:\xampp\htdocs\csqx\Runtime\Cache\Home\2f412aae274b751dca883838bf7e7502.php 第 62 行.
NOTIC: [8] Undefined variable: des D:\xampp\htdocs\csqx\Runtime\Cache\Home\2f412aae274b751dca883838bf7e7502.php 第 62 行.
NOTIC: [8] Undefined variable: des D:\xampp\htdocs\csqx\Runtime\Cache\Home\2f412aae274b751dca883838bf7e7502.php 第 62 行.
NOTIC: [8] Undefined variable: des D:\xampp\htdocs\csqx\Runtime\Cache\Home\2f412aae274b751dca883838bf7e7502.php 第 62 行.
NOTIC: [8] Undefined variable: des D:\xampp\htdocs\csqx\Runtime\Cache\Home\2f412aae274b751dca883838bf7e7502.php 第 62 行.
NOTIC: [8] Undefined variable: des D:\xampp\htdocs\csqx\Runtime\Cache\Home\2f412aae274b751dca883838bf7e7502.php 第 62 行.
NOTIC: [8] Undefined variable: des D:\xampp\htdocs\csqx\Runtime\Cache\Home\2f412aae274b751dca883838bf7e7502.php 第 62 行.
NOTIC: [8] Undefined variable: des D:\xampp\htdocs\csqx\Runtime\Cache\Home\2f412aae274b751dca883838bf7e7502.php 第 62 行.
NOTIC: [8] Undefined variable: des D:\xampp\htdocs\csqx\Runtime\Cache\Home\2f412aae274b751dca883838bf7e7502.php 第 62 行.
NOTIC: [8] Undefined variable: des D:\xampp\htdocs\csqx\Runtime\Cache\Home\2f412aae274b751dca883838bf7e7502.php 第 62 行.
NOTIC: [8] Undefined variable: des D:\xampp\htdocs\csqx\Runtime\Cache\Home\2f412aae274b751dca883838bf7e7502.php 第 62 行.
NOTIC: [8] Undefined variable: des D:\xampp\htdocs\csqx\Runtime\Cache\Home\2f412aae274b751dca883838bf7e7502.php 第 62 行.
NOTIC: [8] Undefined variable: des D:\xampp\htdocs\csqx\Runtime\Cache\Home\2f412aae274b751dca883838bf7e7502.php 第 62 行.
NOTIC: [8] Undefined variable: des D:\xampp\htdocs\csqx\Runtime\Cache\Home\2f412aae274b751dca883838bf7e7502.php 第 62 行.
NOTIC: [8] Undefined variable: des D:\xampp\htdocs\csqx\Runtime\Cache\Home\2f412aae274b751dca883838bf7e7502.php 第 62 行.
NOTIC: [8] Undefined variable: des D:\xampp\htdocs\csqx\Runtime\Cache\Home\2f412aae274b751dca883838bf7e7502.php 第 62 行.
NOTIC: [8] Undefined variable: des D:\xampp\htdocs\csqx\Runtime\Cache\Home\2f412aae274b751dca883838bf7e7502.php 第 62 行.
NOTIC: [8] Undefined variable: color D:\xampp\htdocs\csqx\Runtime\Cache\Home\2f412aae274b751dca883838bf7e7502.php 第 62 行.
NOTIC: [8] Undefined variable: color D:\xampp\htdocs\csqx\Runtime\Cache\Home\2f412aae274b751dca883838bf7e7502.php 第 62 行.
NOTIC: [8] Undefined variable: color D:\xampp\htdocs\csqx\Runtime\Cache\Home\2f412aae274b751dca883838bf7e7502.php 第 62 行.
NOTIC: [8] Undefined variable: color D:\xampp\htdocs\csqx\Runtime\Cache\Home\2f412aae274b751dca883838bf7e7502.php 第 62 行.
NOTIC: [8] Undefined variable: color D:\xampp\htdocs\csqx\Runtime\Cache\Home\2f412aae274b751dca883838bf7e7502.php 第 62 行.
NOTIC: [8] Undefined variable: color D:\xampp\htdocs\csqx\Runtime\Cache\Home\2f412aae274b751dca883838bf7e7502.php 第 62 行.
NOTIC: [8] Undefined variable: color D:\xampp\htdocs\csqx\Runtime\Cache\Home\2f412aae274b751dca883838bf7e7502.php 第 62 行.
NOTIC: [8] Undefined variable: color D:\xampp\htdocs\csqx\Runtime\Cache\Home\2f412aae274b751dca883838bf7e7502.php 第 62 行.
NOTIC: [8] Undefined variable: color D:\xampp\htdocs\csqx\Runtime\Cache\Home\2f412aae274b751dca883838bf7e7502.php 第 62 行.
NOTIC: [8] Undefined variable: color D:\xampp\htdocs\csqx\Runtime\Cache\Home\2f412aae274b751dca883838bf7e7502.php 第 62 行.
NOTIC: [8] Undefined variable: color D:\xampp\htdocs\csqx\Runtime\Cache\Home\2f412aae274b751dca883838bf7e7502.php 第 62 行.
NOTIC: [8] Undefined variable: color D:\xampp\htdocs\csqx\Runtime\Cache\Home\2f412aae274b751dca883838bf7e7502.php 第 62 行.
NOTIC: [8] Undefined variable: color D:\xampp\htdocs\csqx\Runtime\Cache\Home\2f412aae274b751dca883838bf7e7502.php 第 62 行.
NOTIC: [8] Undefined variable: color D:\xampp\htdocs\csqx\Runtime\Cache\Home\2f412aae274b751dca883838bf7e7502.php 第 62 行.
NOTIC: [8] Undefined variable: color D:\xampp\htdocs\csqx\Runtime\Cache\Home\2f412aae274b751dca883838bf7e7502.php 第 62 行.
NOTIC: [8] Undefined variable: color D:\xampp\htdocs\csqx\Runtime\Cache\Home\2f412aae274b751dca883838bf7e7502.php 第 62 行.
INFO: Run Behavior\ParseTemplateBehavior [ RunTime:2.214454s ]
INFO: [ view_parse ] --END-- [ RunTime:2.214499s ]
INFO: [ view_filter ] --START--
INFO: Run Behavior\WriteHtmlCacheBehavior [ RunTime:0.021186s ]
INFO: [ view_filter ] --END-- [ RunTime:0.021232s ]
INFO: [ app_end ] --START--
INFO: Run Behavior\ShowPageTraceBehavior [ RunTime:0.001086s ]
INFO: [ app_end ] --END-- [ RunTime:0.001142s ]

