[ 2017-03-13T18:11:22+08:00 ] 127.0.0.1 /
INFO: [ app_init ] --START--
INFO: Run Behavior\BuildLiteBehavior [ RunTime:0.000014s ]
INFO: [ app_init ] --END-- [ RunTime:0.013011s ]
INFO: [ app_begin ] --START--
INFO: Run Behavior\ReadHtmlCacheBehavior [ RunTime:0.001059s ]
INFO: [ app_begin ] --END-- [ RunTime:0.001114s ]
SQL: SHOW COLUMNS FROM `opinion` [ RunTime:0.0382s ]
SQL: SELECT * FROM `opinion` WHERE ( name='title' ) LIMIT 1   [ RunTime:0.0335s ]
SQL: SELECT * FROM `opinion` WHERE ( name='logo' ) LIMIT 1   [ RunTime:0.0361s ]
SQL: SHOW COLUMNS FROM `content` [ RunTime:0.0333s ]
SQL: SELECT * FROM `content` WHERE ( name='topNewsTitle' ) LIMIT 1   [ RunTime:0.0348s ]
SQL: SELECT * FROM `content` WHERE ( name='topNewsText' ) LIMIT 1   [ RunTime:0.0355s ]
SQL: SELECT * FROM `content` WHERE ( name='warn' ) LIMIT 1   [ RunTime:0.0348s ]
SQL: SHOW COLUMNS FROM `news` [ RunTime:0.0332s ]
SQL: SELECT * FROM `news` ORDER BY date desc  [ RunTime:0.0369s ]
INFO: [ view_parse ] --START--
INFO: [ template_filter ] --START--
INFO: Run Behavior\ContentReplaceBehavior [ RunTime:0.000080s ]
INFO: [ template_filter ] --END-- [ RunTime:0.000123s ]
NOTIC: [8192] mysql_connect(): The mysql extension is deprecated and will be removed in the future: use mysqli or PDO instead D:\xampp\htdocs\shop\Runtime\Cache\Home\2f412aae274b751dca883838bf7e7502.php 第 62 行.
NOTIC: [8] Undefined variable: des D:\xampp\htdocs\shop\Runtime\Cache\Home\2f412aae274b751dca883838bf7e7502.php 第 62 行.
NOTIC: [8] Undefined variable: des D:\xampp\htdocs\shop\Runtime\Cache\Home\2f412aae274b751dca883838bf7e7502.php 第 62 行.
NOTIC: [8] Undefined variable: des D:\xampp\htdocs\shop\Runtime\Cache\Home\2f412aae274b751dca883838bf7e7502.php 第 62 行.
NOTIC: [8] Undefined variable: des D:\xampp\htdocs\shop\Runtime\Cache\Home\2f412aae274b751dca883838bf7e7502.php 第 62 行.
NOTIC: [8] Undefined variable: des D:\xampp\htdocs\shop\Runtime\Cache\Home\2f412aae274b751dca883838bf7e7502.php 第 62 行.
NOTIC: [8] Undefined variable: des D:\xampp\htdocs\shop\Runtime\Cache\Home\2f412aae274b751dca883838bf7e7502.php 第 62 行.
NOTIC: [8] Undefined variable: des D:\xampp\htdocs\shop\Runtime\Cache\Home\2f412aae274b751dca883838bf7e7502.php 第 62 行.
NOTIC: [8] Undefined variable: des D:\xampp\htdocs\shop\Runtime\Cache\Home\2f412aae274b751dca883838bf7e7502.php 第 62 行.
NOTIC: [8] Undefined variable: des D:\xampp\htdocs\shop\Runtime\Cache\Home\2f412aae274b751dca883838bf7e7502.php 第 62 行.
NOTIC: [8] Undefined variable: des D:\xampp\htdocs\shop\Runtime\Cache\Home\2f412aae274b751dca883838bf7e7502.php 第 62 行.
NOTIC: [8] Undefined variable: des D:\xampp\htdocs\shop\Runtime\Cache\Home\2f412aae274b751dca883838bf7e7502.php 第 62 行.
NOTIC: [8] Undefined variable: des D:\xampp\htdocs\shop\Runtime\Cache\Home\2f412aae274b751dca883838bf7e7502.php 第 62 行.
NOTIC: [8] Undefined variable: des D:\xampp\htdocs\shop\Runtime\Cache\Home\2f412aae274b751dca883838bf7e7502.php 第 62 行.
NOTIC: [8] Undefined variable: des D:\xampp\htdocs\shop\Runtime\Cache\Home\2f412aae274b751dca883838bf7e7502.php 第 62 行.
NOTIC: [8] Undefined variable: des D:\xampp\htdocs\shop\Runtime\Cache\Home\2f412aae274b751dca883838bf7e7502.php 第 62 行.
NOTIC: [8] Undefined variable: des D:\xampp\htdocs\shop\Runtime\Cache\Home\2f412aae274b751dca883838bf7e7502.php 第 62 行.
NOTIC: [8] Undefined variable: des D:\xampp\htdocs\shop\Runtime\Cache\Home\2f412aae274b751dca883838bf7e7502.php 第 62 行.
NOTIC: [8] Undefined variable: des D:\xampp\htdocs\shop\Runtime\Cache\Home\2f412aae274b751dca883838bf7e7502.php 第 62 行.
NOTIC: [8] Undefined variable: des D:\xampp\htdocs\shop\Runtime\Cache\Home\2f412aae274b751dca883838bf7e7502.php 第 62 行.
NOTIC: [8] Undefined variable: des D:\xampp\htdocs\shop\Runtime\Cache\Home\2f412aae274b751dca883838bf7e7502.php 第 62 行.
NOTIC: [8] Undefined variable: des D:\xampp\htdocs\shop\Runtime\Cache\Home\2f412aae274b751dca883838bf7e7502.php 第 62 行.
NOTIC: [8] Undefined variable: color D:\xampp\htdocs\shop\Runtime\Cache\Home\2f412aae274b751dca883838bf7e7502.php 第 62 行.
NOTIC: [8] Undefined variable: color D:\xampp\htdocs\shop\Runtime\Cache\Home\2f412aae274b751dca883838bf7e7502.php 第 62 行.
NOTIC: [8] Undefined variable: color D:\xampp\htdocs\shop\Runtime\Cache\Home\2f412aae274b751dca883838bf7e7502.php 第 62 行.
NOTIC: [8] Undefined variable: color D:\xampp\htdocs\shop\Runtime\Cache\Home\2f412aae274b751dca883838bf7e7502.php 第 62 行.
NOTIC: [8] Undefined variable: color D:\xampp\htdocs\shop\Runtime\Cache\Home\2f412aae274b751dca883838bf7e7502.php 第 62 行.
NOTIC: [8] Undefined variable: color D:\xampp\htdocs\shop\Runtime\Cache\Home\2f412aae274b751dca883838bf7e7502.php 第 62 行.
NOTIC: [8] Undefined variable: color D:\xampp\htdocs\shop\Runtime\Cache\Home\2f412aae274b751dca883838bf7e7502.php 第 62 行.
NOTIC: [8] Undefined variable: color D:\xampp\htdocs\shop\Runtime\Cache\Home\2f412aae274b751dca883838bf7e7502.php 第 62 行.
NOTIC: [8] Undefined variable: color D:\xampp\htdocs\shop\Runtime\Cache\Home\2f412aae274b751dca883838bf7e7502.php 第 62 行.
NOTIC: [8] Undefined variable: color D:\xampp\htdocs\shop\Runtime\Cache\Home\2f412aae274b751dca883838bf7e7502.php 第 62 行.
NOTIC: [8] Undefined variable: color D:\xampp\htdocs\shop\Runtime\Cache\Home\2f412aae274b751dca883838bf7e7502.php 第 62 行.
NOTIC: [8] Undefined variable: color D:\xampp\htdocs\shop\Runtime\Cache\Home\2f412aae274b751dca883838bf7e7502.php 第 62 行.
NOTIC: [8] Undefined variable: color D:\xampp\htdocs\shop\Runtime\Cache\Home\2f412aae274b751dca883838bf7e7502.php 第 62 行.
NOTIC: [8] Undefined variable: color D:\xampp\htdocs\shop\Runtime\Cache\Home\2f412aae274b751dca883838bf7e7502.php 第 62 行.
NOTIC: [8] Undefined variable: color D:\xampp\htdocs\shop\Runtime\Cache\Home\2f412aae274b751dca883838bf7e7502.php 第 62 行.
NOTIC: [8] Undefined variable: color D:\xampp\htdocs\shop\Runtime\Cache\Home\2f412aae274b751dca883838bf7e7502.php 第 62 行.
NOTIC: [8] Undefined variable: color D:\xampp\htdocs\shop\Runtime\Cache\Home\2f412aae274b751dca883838bf7e7502.php 第 62 行.
NOTIC: [8] Undefined variable: color D:\xampp\htdocs\shop\Runtime\Cache\Home\2f412aae274b751dca883838bf7e7502.php 第 62 行.
NOTIC: [8] Undefined variable: color D:\xampp\htdocs\shop\Runtime\Cache\Home\2f412aae274b751dca883838bf7e7502.php 第 62 行.
NOTIC: [8] Undefined variable: color D:\xampp\htdocs\shop\Runtime\Cache\Home\2f412aae274b751dca883838bf7e7502.php 第 62 行.
NOTIC: [8] Undefined variable: color D:\xampp\htdocs\shop\Runtime\Cache\Home\2f412aae274b751dca883838bf7e7502.php 第 62 行.
INFO: Run Behavior\ParseTemplateBehavior [ RunTime:1.742426s ]
INFO: [ view_parse ] --END-- [ RunTime:1.742498s ]
INFO: [ view_filter ] --START--
INFO: Run Behavior\WriteHtmlCacheBehavior [ RunTime:0.000696s ]
INFO: [ view_filter ] --END-- [ RunTime:0.000761s ]
INFO: [ app_end ] --START--
INFO: Run Behavior\ShowPageTraceBehavior [ RunTime:0.000977s ]
INFO: [ app_end ] --END-- [ RunTime:0.001076s ]

[ 2017-03-13T18:13:54+08:00 ] 127.0.0.1 /
INFO: [ app_init ] --START--
INFO: Run Behavior\BuildLiteBehavior [ RunTime:0.000018s ]
INFO: [ app_init ] --END-- [ RunTime:0.000516s ]
INFO: [ app_begin ] --START--
INFO: Run Behavior\ReadHtmlCacheBehavior [ RunTime:0.000459s ]
INFO: [ app_begin ] --END-- [ RunTime:0.000505s ]
SQL: SHOW COLUMNS FROM `opinion` [ RunTime:0.0349s ]
SQL: SELECT * FROM `opinion` WHERE ( name='title' ) LIMIT 1   [ RunTime:0.0322s ]
SQL: SELECT * FROM `opinion` WHERE ( name='logo' ) LIMIT 1   [ RunTime:0.0342s ]
SQL: SHOW COLUMNS FROM `content` [ RunTime:0.0346s ]
SQL: SELECT * FROM `content` WHERE ( name='topNewsTitle' ) LIMIT 1   [ RunTime:0.0420s ]
SQL: SELECT * FROM `content` WHERE ( name='topNewsText' ) LIMIT 1   [ RunTime:0.0509s ]
SQL: SELECT * FROM `content` WHERE ( name='warn' ) LIMIT 1   [ RunTime:0.0365s ]
SQL: SHOW COLUMNS FROM `news` [ RunTime:0.0354s ]
SQL: SELECT * FROM `news` ORDER BY date desc  [ RunTime:0.0412s ]
INFO: [ view_parse ] --START--
INFO: [ template_filter ] --START--
INFO: Run Behavior\ContentReplaceBehavior [ RunTime:0.000092s ]
INFO: [ template_filter ] --END-- [ RunTime:0.000142s ]
NOTIC: [8192] mysql_connect(): The mysql extension is deprecated and will be removed in the future: use mysqli or PDO instead D:\xampp\htdocs\shop\Runtime\Cache\Home\2f412aae274b751dca883838bf7e7502.php 第 62 行.
NOTIC: [8] Undefined variable: des D:\xampp\htdocs\shop\Runtime\Cache\Home\2f412aae274b751dca883838bf7e7502.php 第 62 行.
NOTIC: [8] Undefined variable: des D:\xampp\htdocs\shop\Runtime\Cache\Home\2f412aae274b751dca883838bf7e7502.php 第 62 行.
NOTIC: [8] Undefined variable: des D:\xampp\htdocs\shop\Runtime\Cache\Home\2f412aae274b751dca883838bf7e7502.php 第 62 行.
NOTIC: [8] Undefined variable: des D:\xampp\htdocs\shop\Runtime\Cache\Home\2f412aae274b751dca883838bf7e7502.php 第 62 行.
NOTIC: [8] Undefined variable: des D:\xampp\htdocs\shop\Runtime\Cache\Home\2f412aae274b751dca883838bf7e7502.php 第 62 行.
NOTIC: [8] Undefined variable: des D:\xampp\htdocs\shop\Runtime\Cache\Home\2f412aae274b751dca883838bf7e7502.php 第 62 行.
NOTIC: [8] Undefined variable: des D:\xampp\htdocs\shop\Runtime\Cache\Home\2f412aae274b751dca883838bf7e7502.php 第 62 行.
NOTIC: [8] Undefined variable: des D:\xampp\htdocs\shop\Runtime\Cache\Home\2f412aae274b751dca883838bf7e7502.php 第 62 行.
NOTIC: [8] Undefined variable: des D:\xampp\htdocs\shop\Runtime\Cache\Home\2f412aae274b751dca883838bf7e7502.php 第 62 行.
NOTIC: [8] Undefined variable: des D:\xampp\htdocs\shop\Runtime\Cache\Home\2f412aae274b751dca883838bf7e7502.php 第 62 行.
NOTIC: [8] Undefined variable: des D:\xampp\htdocs\shop\Runtime\Cache\Home\2f412aae274b751dca883838bf7e7502.php 第 62 行.
NOTIC: [8] Undefined variable: des D:\xampp\htdocs\shop\Runtime\Cache\Home\2f412aae274b751dca883838bf7e7502.php 第 62 行.
NOTIC: [8] Undefined variable: des D:\xampp\htdocs\shop\Runtime\Cache\Home\2f412aae274b751dca883838bf7e7502.php 第 62 行.
NOTIC: [8] Undefined variable: des D:\xampp\htdocs\shop\Runtime\Cache\Home\2f412aae274b751dca883838bf7e7502.php 第 62 行.
NOTIC: [8] Undefined variable: des D:\xampp\htdocs\shop\Runtime\Cache\Home\2f412aae274b751dca883838bf7e7502.php 第 62 行.
NOTIC: [8] Undefined variable: des D:\xampp\htdocs\shop\Runtime\Cache\Home\2f412aae274b751dca883838bf7e7502.php 第 62 行.
NOTIC: [8] Undefined variable: des D:\xampp\htdocs\shop\Runtime\Cache\Home\2f412aae274b751dca883838bf7e7502.php 第 62 行.
NOTIC: [8] Undefined variable: des D:\xampp\htdocs\shop\Runtime\Cache\Home\2f412aae274b751dca883838bf7e7502.php 第 62 行.
NOTIC: [8] Undefined variable: des D:\xampp\htdocs\shop\Runtime\Cache\Home\2f412aae274b751dca883838bf7e7502.php 第 62 行.
NOTIC: [8] Undefined variable: des D:\xampp\htdocs\shop\Runtime\Cache\Home\2f412aae274b751dca883838bf7e7502.php 第 62 行.
NOTIC: [8] Undefined variable: des D:\xampp\htdocs\shop\Runtime\Cache\Home\2f412aae274b751dca883838bf7e7502.php 第 62 行.
NOTIC: [8] Undefined variable: color D:\xampp\htdocs\shop\Runtime\Cache\Home\2f412aae274b751dca883838bf7e7502.php 第 62 行.
NOTIC: [8] Undefined variable: color D:\xampp\htdocs\shop\Runtime\Cache\Home\2f412aae274b751dca883838bf7e7502.php 第 62 行.
NOTIC: [8] Undefined variable: color D:\xampp\htdocs\shop\Runtime\Cache\Home\2f412aae274b751dca883838bf7e7502.php 第 62 行.
NOTIC: [8] Undefined variable: color D:\xampp\htdocs\shop\Runtime\Cache\Home\2f412aae274b751dca883838bf7e7502.php 第 62 行.
NOTIC: [8] Undefined variable: color D:\xampp\htdocs\shop\Runtime\Cache\Home\2f412aae274b751dca883838bf7e7502.php 第 62 行.
NOTIC: [8] Undefined variable: color D:\xampp\htdocs\shop\Runtime\Cache\Home\2f412aae274b751dca883838bf7e7502.php 第 62 行.
NOTIC: [8] Undefined variable: color D:\xampp\htdocs\shop\Runtime\Cache\Home\2f412aae274b751dca883838bf7e7502.php 第 62 行.
NOTIC: [8] Undefined variable: color D:\xampp\htdocs\shop\Runtime\Cache\Home\2f412aae274b751dca883838bf7e7502.php 第 62 行.
NOTIC: [8] Undefined variable: color D:\xampp\htdocs\shop\Runtime\Cache\Home\2f412aae274b751dca883838bf7e7502.php 第 62 行.
NOTIC: [8] Undefined variable: color D:\xampp\htdocs\shop\Runtime\Cache\Home\2f412aae274b751dca883838bf7e7502.php 第 62 行.
NOTIC: [8] Undefined variable: color D:\xampp\htdocs\shop\Runtime\Cache\Home\2f412aae274b751dca883838bf7e7502.php 第 62 行.
NOTIC: [8] Undefined variable: color D:\xampp\htdocs\shop\Runtime\Cache\Home\2f412aae274b751dca883838bf7e7502.php 第 62 行.
NOTIC: [8] Undefined variable: color D:\xampp\htdocs\shop\Runtime\Cache\Home\2f412aae274b751dca883838bf7e7502.php 第 62 行.
NOTIC: [8] Undefined variable: color D:\xampp\htdocs\shop\Runtime\Cache\Home\2f412aae274b751dca883838bf7e7502.php 第 62 行.
NOTIC: [8] Undefined variable: color D:\xampp\htdocs\shop\Runtime\Cache\Home\2f412aae274b751dca883838bf7e7502.php 第 62 行.
NOTIC: [8] Undefined variable: color D:\xampp\htdocs\shop\Runtime\Cache\Home\2f412aae274b751dca883838bf7e7502.php 第 62 行.
NOTIC: [8] Undefined variable: color D:\xampp\htdocs\shop\Runtime\Cache\Home\2f412aae274b751dca883838bf7e7502.php 第 62 行.
NOTIC: [8] Undefined variable: color D:\xampp\htdocs\shop\Runtime\Cache\Home\2f412aae274b751dca883838bf7e7502.php 第 62 行.
NOTIC: [8] Undefined variable: color D:\xampp\htdocs\shop\Runtime\Cache\Home\2f412aae274b751dca883838bf7e7502.php 第 62 行.
NOTIC: [8] Undefined variable: color D:\xampp\htdocs\shop\Runtime\Cache\Home\2f412aae274b751dca883838bf7e7502.php 第 62 行.
NOTIC: [8] Undefined variable: color D:\xampp\htdocs\shop\Runtime\Cache\Home\2f412aae274b751dca883838bf7e7502.php 第 62 行.
INFO: Run Behavior\ParseTemplateBehavior [ RunTime:1.650693s ]
INFO: [ view_parse ] --END-- [ RunTime:1.650743s ]
INFO: [ view_filter ] --START--
INFO: Run Behavior\WriteHtmlCacheBehavior [ RunTime:0.000495s ]
INFO: [ view_filter ] --END-- [ RunTime:0.000536s ]
INFO: [ app_end ] --START--
INFO: Run Behavior\ShowPageTraceBehavior [ RunTime:0.000763s ]
INFO: [ app_end ] --END-- [ RunTime:0.000823s ]

[ 2017-03-13T18:13:56+08:00 ] 127.0.0.1 /
INFO: [ app_init ] --START--
INFO: Run Behavior\BuildLiteBehavior [ RunTime:0.000017s ]
INFO: [ app_init ] --END-- [ RunTime:0.000556s ]
INFO: [ app_begin ] --START--
INFO: Run Behavior\ReadHtmlCacheBehavior [ RunTime:0.001267s ]
INFO: [ app_begin ] --END-- [ RunTime:0.001364s ]
SQL: SHOW COLUMNS FROM `opinion` [ RunTime:0.0353s ]
SQL: SELECT * FROM `opinion` WHERE ( name='title' ) LIMIT 1   [ RunTime:0.0332s ]
SQL: SELECT * FROM `opinion` WHERE ( name='logo' ) LIMIT 1   [ RunTime:0.0352s ]
SQL: SHOW COLUMNS FROM `content` [ RunTime:0.0344s ]
SQL: SELECT * FROM `content` WHERE ( name='topNewsTitle' ) LIMIT 1   [ RunTime:0.0526s ]
SQL: SELECT * FROM `content` WHERE ( name='topNewsText' ) LIMIT 1   [ RunTime:0.0408s ]
SQL: SELECT * FROM `content` WHERE ( name='warn' ) LIMIT 1   [ RunTime:0.0343s ]
SQL: SHOW COLUMNS FROM `news` [ RunTime:0.0390s ]
SQL: SELECT * FROM `news` ORDER BY date desc  [ RunTime:0.0391s ]
INFO: [ view_parse ] --START--
INFO: [ template_filter ] --START--
INFO: Run Behavior\ContentReplaceBehavior [ RunTime:0.000081s ]
INFO: [ template_filter ] --END-- [ RunTime:0.000125s ]
NOTIC: [8192] mysql_connect(): The mysql extension is deprecated and will be removed in the future: use mysqli or PDO instead D:\xampp\htdocs\shop\Runtime\Cache\Home\2f412aae274b751dca883838bf7e7502.php 第 62 行.
NOTIC: [8] Undefined variable: des D:\xampp\htdocs\shop\Runtime\Cache\Home\2f412aae274b751dca883838bf7e7502.php 第 62 行.
NOTIC: [8] Undefined variable: des D:\xampp\htdocs\shop\Runtime\Cache\Home\2f412aae274b751dca883838bf7e7502.php 第 62 行.
NOTIC: [8] Undefined variable: des D:\xampp\htdocs\shop\Runtime\Cache\Home\2f412aae274b751dca883838bf7e7502.php 第 62 行.
NOTIC: [8] Undefined variable: des D:\xampp\htdocs\shop\Runtime\Cache\Home\2f412aae274b751dca883838bf7e7502.php 第 62 行.
NOTIC: [8] Undefined variable: des D:\xampp\htdocs\shop\Runtime\Cache\Home\2f412aae274b751dca883838bf7e7502.php 第 62 行.
NOTIC: [8] Undefined variable: des D:\xampp\htdocs\shop\Runtime\Cache\Home\2f412aae274b751dca883838bf7e7502.php 第 62 行.
NOTIC: [8] Undefined variable: des D:\xampp\htdocs\shop\Runtime\Cache\Home\2f412aae274b751dca883838bf7e7502.php 第 62 行.
NOTIC: [8] Undefined variable: des D:\xampp\htdocs\shop\Runtime\Cache\Home\2f412aae274b751dca883838bf7e7502.php 第 62 行.
NOTIC: [8] Undefined variable: des D:\xampp\htdocs\shop\Runtime\Cache\Home\2f412aae274b751dca883838bf7e7502.php 第 62 行.
NOTIC: [8] Undefined variable: des D:\xampp\htdocs\shop\Runtime\Cache\Home\2f412aae274b751dca883838bf7e7502.php 第 62 行.
NOTIC: [8] Undefined variable: des D:\xampp\htdocs\shop\Runtime\Cache\Home\2f412aae274b751dca883838bf7e7502.php 第 62 行.
NOTIC: [8] Undefined variable: des D:\xampp\htdocs\shop\Runtime\Cache\Home\2f412aae274b751dca883838bf7e7502.php 第 62 行.
NOTIC: [8] Undefined variable: des D:\xampp\htdocs\shop\Runtime\Cache\Home\2f412aae274b751dca883838bf7e7502.php 第 62 行.
NOTIC: [8] Undefined variable: des D:\xampp\htdocs\shop\Runtime\Cache\Home\2f412aae274b751dca883838bf7e7502.php 第 62 行.
NOTIC: [8] Undefined variable: des D:\xampp\htdocs\shop\Runtime\Cache\Home\2f412aae274b751dca883838bf7e7502.php 第 62 行.
NOTIC: [8] Undefined variable: des D:\xampp\htdocs\shop\Runtime\Cache\Home\2f412aae274b751dca883838bf7e7502.php 第 62 行.
NOTIC: [8] Undefined variable: des D:\xampp\htdocs\shop\Runtime\Cache\Home\2f412aae274b751dca883838bf7e7502.php 第 62 行.
NOTIC: [8] Undefined variable: des D:\xampp\htdocs\shop\Runtime\Cache\Home\2f412aae274b751dca883838bf7e7502.php 第 62 行.
NOTIC: [8] Undefined variable: des D:\xampp\htdocs\shop\Runtime\Cache\Home\2f412aae274b751dca883838bf7e7502.php 第 62 行.
NOTIC: [8] Undefined variable: des D:\xampp\htdocs\shop\Runtime\Cache\Home\2f412aae274b751dca883838bf7e7502.php 第 62 行.
NOTIC: [8] Undefined variable: des D:\xampp\htdocs\shop\Runtime\Cache\Home\2f412aae274b751dca883838bf7e7502.php 第 62 行.
NOTIC: [8] Undefined variable: color D:\xampp\htdocs\shop\Runtime\Cache\Home\2f412aae274b751dca883838bf7e7502.php 第 62 行.
NOTIC: [8] Undefined variable: color D:\xampp\htdocs\shop\Runtime\Cache\Home\2f412aae274b751dca883838bf7e7502.php 第 62 行.
NOTIC: [8] Undefined variable: color D:\xampp\htdocs\shop\Runtime\Cache\Home\2f412aae274b751dca883838bf7e7502.php 第 62 行.
NOTIC: [8] Undefined variable: color D:\xampp\htdocs\shop\Runtime\Cache\Home\2f412aae274b751dca883838bf7e7502.php 第 62 行.
NOTIC: [8] Undefined variable: color D:\xampp\htdocs\shop\Runtime\Cache\Home\2f412aae274b751dca883838bf7e7502.php 第 62 行.
NOTIC: [8] Undefined variable: color D:\xampp\htdocs\shop\Runtime\Cache\Home\2f412aae274b751dca883838bf7e7502.php 第 62 行.
NOTIC: [8] Undefined variable: color D:\xampp\htdocs\shop\Runtime\Cache\Home\2f412aae274b751dca883838bf7e7502.php 第 62 行.
NOTIC: [8] Undefined variable: color D:\xampp\htdocs\shop\Runtime\Cache\Home\2f412aae274b751dca883838bf7e7502.php 第 62 行.
NOTIC: [8] Undefined variable: color D:\xampp\htdocs\shop\Runtime\Cache\Home\2f412aae274b751dca883838bf7e7502.php 第 62 行.
NOTIC: [8] Undefined variable: color D:\xampp\htdocs\shop\Runtime\Cache\Home\2f412aae274b751dca883838bf7e7502.php 第 62 行.
NOTIC: [8] Undefined variable: color D:\xampp\htdocs\shop\Runtime\Cache\Home\2f412aae274b751dca883838bf7e7502.php 第 62 行.
NOTIC: [8] Undefined variable: color D:\xampp\htdocs\shop\Runtime\Cache\Home\2f412aae274b751dca883838bf7e7502.php 第 62 行.
NOTIC: [8] Undefined variable: color D:\xampp\htdocs\shop\Runtime\Cache\Home\2f412aae274b751dca883838bf7e7502.php 第 62 行.
NOTIC: [8] Undefined variable: color D:\xampp\htdocs\shop\Runtime\Cache\Home\2f412aae274b751dca883838bf7e7502.php 第 62 行.
NOTIC: [8] Undefined variable: color D:\xampp\htdocs\shop\Runtime\Cache\Home\2f412aae274b751dca883838bf7e7502.php 第 62 行.
NOTIC: [8] Undefined variable: color D:\xampp\htdocs\shop\Runtime\Cache\Home\2f412aae274b751dca883838bf7e7502.php 第 62 行.
NOTIC: [8] Undefined variable: color D:\xampp\htdocs\shop\Runtime\Cache\Home\2f412aae274b751dca883838bf7e7502.php 第 62 行.
NOTIC: [8] Undefined variable: color D:\xampp\htdocs\shop\Runtime\Cache\Home\2f412aae274b751dca883838bf7e7502.php 第 62 行.
NOTIC: [8] Undefined variable: color D:\xampp\htdocs\shop\Runtime\Cache\Home\2f412aae274b751dca883838bf7e7502.php 第 62 行.
NOTIC: [8] Undefined variable: color D:\xampp\htdocs\shop\Runtime\Cache\Home\2f412aae274b751dca883838bf7e7502.php 第 62 行.
NOTIC: [8] Undefined variable: color D:\xampp\htdocs\shop\Runtime\Cache\Home\2f412aae274b751dca883838bf7e7502.php 第 62 行.
INFO: Run Behavior\ParseTemplateBehavior [ RunTime:1.658536s ]
INFO: [ view_parse ] --END-- [ RunTime:1.658583s ]
INFO: [ view_filter ] --START--
INFO: Run Behavior\WriteHtmlCacheBehavior [ RunTime:0.000579s ]
INFO: [ view_filter ] --END-- [ RunTime:0.000614s ]
INFO: [ app_end ] --START--
INFO: Run Behavior\ShowPageTraceBehavior [ RunTime:0.000642s ]
INFO: [ app_end ] --END-- [ RunTime:0.000696s ]

[ 2017-03-13T21:30:36+08:00 ] 127.0.0.1 /
INFO: [ app_init ] --START--
INFO: Run Behavior\BuildLiteBehavior [ RunTime:0.000018s ]
INFO: [ app_init ] --END-- [ RunTime:0.001188s ]
INFO: [ app_begin ] --START--
INFO: Run Behavior\ReadHtmlCacheBehavior [ RunTime:0.000838s ]
INFO: [ app_begin ] --END-- [ RunTime:0.000906s ]
SQL: SHOW COLUMNS FROM `opinion` [ RunTime:0.0694s ]
SQL: SELECT * FROM `opinion` WHERE ( name='title' ) LIMIT 1   [ RunTime:0.0686s ]
SQL: SELECT * FROM `opinion` WHERE ( name='logo' ) LIMIT 1   [ RunTime:0.0718s ]
SQL: SHOW COLUMNS FROM `content` [ RunTime:0.0667s ]
SQL: SELECT * FROM `content` WHERE ( name='topNewsTitle' ) LIMIT 1   [ RunTime:0.0711s ]
SQL: SELECT * FROM `content` WHERE ( name='topNewsText' ) LIMIT 1   [ RunTime:0.0679s ]
SQL: SELECT * FROM `content` WHERE ( name='warn' ) LIMIT 1   [ RunTime:0.0660s ]
SQL: SHOW COLUMNS FROM `news` [ RunTime:0.0693s ]
SQL: SELECT * FROM `news` ORDER BY date desc  [ RunTime:0.0739s ]
INFO: [ view_parse ] --START--
INFO: [ template_filter ] --START--
INFO: Run Behavior\ContentReplaceBehavior [ RunTime:0.000123s ]
INFO: [ template_filter ] --END-- [ RunTime:0.000191s ]
NOTIC: [8192] mysql_connect(): The mysql extension is deprecated and will be removed in the future: use mysqli or PDO instead D:\xampp\htdocs\shop\Runtime\Cache\Home\2f412aae274b751dca883838bf7e7502.php 第 62 行.
NOTIC: [8] Undefined variable: des D:\xampp\htdocs\shop\Runtime\Cache\Home\2f412aae274b751dca883838bf7e7502.php 第 62 行.
NOTIC: [8] Undefined variable: des D:\xampp\htdocs\shop\Runtime\Cache\Home\2f412aae274b751dca883838bf7e7502.php 第 62 行.
NOTIC: [8] Undefined variable: des D:\xampp\htdocs\shop\Runtime\Cache\Home\2f412aae274b751dca883838bf7e7502.php 第 62 行.
NOTIC: [8] Undefined variable: des D:\xampp\htdocs\shop\Runtime\Cache\Home\2f412aae274b751dca883838bf7e7502.php 第 62 行.
NOTIC: [8] Undefined variable: des D:\xampp\htdocs\shop\Runtime\Cache\Home\2f412aae274b751dca883838bf7e7502.php 第 62 行.
NOTIC: [8] Undefined variable: des D:\xampp\htdocs\shop\Runtime\Cache\Home\2f412aae274b751dca883838bf7e7502.php 第 62 行.
NOTIC: [8] Undefined variable: des D:\xampp\htdocs\shop\Runtime\Cache\Home\2f412aae274b751dca883838bf7e7502.php 第 62 行.
NOTIC: [8] Undefined variable: des D:\xampp\htdocs\shop\Runtime\Cache\Home\2f412aae274b751dca883838bf7e7502.php 第 62 行.
NOTIC: [8] Undefined variable: des D:\xampp\htdocs\shop\Runtime\Cache\Home\2f412aae274b751dca883838bf7e7502.php 第 62 行.
NOTIC: [8] Undefined variable: des D:\xampp\htdocs\shop\Runtime\Cache\Home\2f412aae274b751dca883838bf7e7502.php 第 62 行.
NOTIC: [8] Undefined variable: des D:\xampp\htdocs\shop\Runtime\Cache\Home\2f412aae274b751dca883838bf7e7502.php 第 62 行.
NOTIC: [8] Undefined variable: des D:\xampp\htdocs\shop\Runtime\Cache\Home\2f412aae274b751dca883838bf7e7502.php 第 62 行.
NOTIC: [8] Undefined variable: des D:\xampp\htdocs\shop\Runtime\Cache\Home\2f412aae274b751dca883838bf7e7502.php 第 62 行.
NOTIC: [8] Undefined variable: des D:\xampp\htdocs\shop\Runtime\Cache\Home\2f412aae274b751dca883838bf7e7502.php 第 62 行.
NOTIC: [8] Undefined variable: des D:\xampp\htdocs\shop\Runtime\Cache\Home\2f412aae274b751dca883838bf7e7502.php 第 62 行.
NOTIC: [8] Undefined variable: des D:\xampp\htdocs\shop\Runtime\Cache\Home\2f412aae274b751dca883838bf7e7502.php 第 62 行.
NOTIC: [8] Undefined variable: des D:\xampp\htdocs\shop\Runtime\Cache\Home\2f412aae274b751dca883838bf7e7502.php 第 62 行.
NOTIC: [8] Undefined variable: des D:\xampp\htdocs\shop\Runtime\Cache\Home\2f412aae274b751dca883838bf7e7502.php 第 62 行.
NOTIC: [8] Undefined variable: des D:\xampp\htdocs\shop\Runtime\Cache\Home\2f412aae274b751dca883838bf7e7502.php 第 62 行.
NOTIC: [8] Undefined variable: des D:\xampp\htdocs\shop\Runtime\Cache\Home\2f412aae274b751dca883838bf7e7502.php 第 62 行.
NOTIC: [8] Undefined variable: des D:\xampp\htdocs\shop\Runtime\Cache\Home\2f412aae274b751dca883838bf7e7502.php 第 62 行.
NOTIC: [8] Undefined variable: color D:\xampp\htdocs\shop\Runtime\Cache\Home\2f412aae274b751dca883838bf7e7502.php 第 62 行.
NOTIC: [8] Undefined variable: color D:\xampp\htdocs\shop\Runtime\Cache\Home\2f412aae274b751dca883838bf7e7502.php 第 62 行.
NOTIC: [8] Undefined variable: color D:\xampp\htdocs\shop\Runtime\Cache\Home\2f412aae274b751dca883838bf7e7502.php 第 62 行.
NOTIC: [8] Undefined variable: color D:\xampp\htdocs\shop\Runtime\Cache\Home\2f412aae274b751dca883838bf7e7502.php 第 62 行.
NOTIC: [8] Undefined variable: color D:\xampp\htdocs\shop\Runtime\Cache\Home\2f412aae274b751dca883838bf7e7502.php 第 62 行.
NOTIC: [8] Undefined variable: color D:\xampp\htdocs\shop\Runtime\Cache\Home\2f412aae274b751dca883838bf7e7502.php 第 62 行.
NOTIC: [8] Undefined variable: color D:\xampp\htdocs\shop\Runtime\Cache\Home\2f412aae274b751dca883838bf7e7502.php 第 62 行.
NOTIC: [8] Undefined variable: color D:\xampp\htdocs\shop\Runtime\Cache\Home\2f412aae274b751dca883838bf7e7502.php 第 62 行.
NOTIC: [8] Undefined variable: color D:\xampp\htdocs\shop\Runtime\Cache\Home\2f412aae274b751dca883838bf7e7502.php 第 62 行.
NOTIC: [8] Undefined variable: color D:\xampp\htdocs\shop\Runtime\Cache\Home\2f412aae274b751dca883838bf7e7502.php 第 62 行.
NOTIC: [8] Undefined variable: color D:\xampp\htdocs\shop\Runtime\Cache\Home\2f412aae274b751dca883838bf7e7502.php 第 62 行.
NOTIC: [8] Undefined variable: color D:\xampp\htdocs\shop\Runtime\Cache\Home\2f412aae274b751dca883838bf7e7502.php 第 62 行.
NOTIC: [8] Undefined variable: color D:\xampp\htdocs\shop\Runtime\Cache\Home\2f412aae274b751dca883838bf7e7502.php 第 62 行.
NOTIC: [8] Undefined variable: color D:\xampp\htdocs\shop\Runtime\Cache\Home\2f412aae274b751dca883838bf7e7502.php 第 62 行.
NOTIC: [8] Undefined variable: color D:\xampp\htdocs\shop\Runtime\Cache\Home\2f412aae274b751dca883838bf7e7502.php 第 62 行.
NOTIC: [8] Undefined variable: color D:\xampp\htdocs\shop\Runtime\Cache\Home\2f412aae274b751dca883838bf7e7502.php 第 62 行.
NOTIC: [8] Undefined variable: color D:\xampp\htdocs\shop\Runtime\Cache\Home\2f412aae274b751dca883838bf7e7502.php 第 62 行.
NOTIC: [8] Undefined variable: color D:\xampp\htdocs\shop\Runtime\Cache\Home\2f412aae274b751dca883838bf7e7502.php 第 62 行.
NOTIC: [8] Undefined variable: color D:\xampp\htdocs\shop\Runtime\Cache\Home\2f412aae274b751dca883838bf7e7502.php 第 62 行.
NOTIC: [8] Undefined variable: color D:\xampp\htdocs\shop\Runtime\Cache\Home\2f412aae274b751dca883838bf7e7502.php 第 62 行.
NOTIC: [8] Undefined variable: color D:\xampp\htdocs\shop\Runtime\Cache\Home\2f412aae274b751dca883838bf7e7502.php 第 62 行.
INFO: Run Behavior\ParseTemplateBehavior [ RunTime:4.609070s ]
INFO: [ view_parse ] --END-- [ RunTime:4.609128s ]
INFO: [ view_filter ] --START--
INFO: Run Behavior\WriteHtmlCacheBehavior [ RunTime:0.017061s ]
INFO: [ view_filter ] --END-- [ RunTime:0.017108s ]
INFO: [ app_end ] --START--
INFO: Run Behavior\ShowPageTraceBehavior [ RunTime:0.011045s ]
INFO: [ app_end ] --END-- [ RunTime:0.011107s ]

[ 2017-03-13T21:30:44+08:00 ] 127.0.0.1 /
INFO: [ app_init ] --START--
INFO: Run Behavior\BuildLiteBehavior [ RunTime:0.000015s ]
INFO: [ app_init ] --END-- [ RunTime:0.001129s ]
INFO: [ app_begin ] --START--
INFO: Run Behavior\ReadHtmlCacheBehavior [ RunTime:0.000961s ]
INFO: [ app_begin ] --END-- [ RunTime:0.001076s ]
SQL: SHOW COLUMNS FROM `opinion` [ RunTime:0.0551s ]
SQL: SELECT * FROM `opinion` WHERE ( name='title' ) LIMIT 1   [ RunTime:0.0518s ]
SQL: SELECT * FROM `opinion` WHERE ( name='logo' ) LIMIT 1   [ RunTime:0.0526s ]
SQL: SHOW COLUMNS FROM `content` [ RunTime:0.0525s ]
SQL: SELECT * FROM `content` WHERE ( name='topNewsTitle' ) LIMIT 1   [ RunTime:0.0490s ]
SQL: SELECT * FROM `content` WHERE ( name='topNewsText' ) LIMIT 1   [ RunTime:0.0517s ]
SQL: SELECT * FROM `content` WHERE ( name='warn' ) LIMIT 1   [ RunTime:0.0559s ]
SQL: SHOW COLUMNS FROM `news` [ RunTime:0.0528s ]
SQL: SELECT * FROM `news` ORDER BY date desc  [ RunTime:0.0603s ]
INFO: [ view_parse ] --START--
INFO: [ template_filter ] --START--
INFO: Run Behavior\ContentReplaceBehavior [ RunTime:0.000126s ]
INFO: [ template_filter ] --END-- [ RunTime:0.000190s ]
NOTIC: [8192] mysql_connect(): The mysql extension is deprecated and will be removed in the future: use mysqli or PDO instead D:\xampp\htdocs\shop\Runtime\Cache\Home\2f412aae274b751dca883838bf7e7502.php 第 62 行.
NOTIC: [8] Undefined variable: des D:\xampp\htdocs\shop\Runtime\Cache\Home\2f412aae274b751dca883838bf7e7502.php 第 62 行.
NOTIC: [8] Undefined variable: des D:\xampp\htdocs\shop\Runtime\Cache\Home\2f412aae274b751dca883838bf7e7502.php 第 62 行.
NOTIC: [8] Undefined variable: des D:\xampp\htdocs\shop\Runtime\Cache\Home\2f412aae274b751dca883838bf7e7502.php 第 62 行.
NOTIC: [8] Undefined variable: des D:\xampp\htdocs\shop\Runtime\Cache\Home\2f412aae274b751dca883838bf7e7502.php 第 62 行.
NOTIC: [8] Undefined variable: des D:\xampp\htdocs\shop\Runtime\Cache\Home\2f412aae274b751dca883838bf7e7502.php 第 62 行.
NOTIC: [8] Undefined variable: des D:\xampp\htdocs\shop\Runtime\Cache\Home\2f412aae274b751dca883838bf7e7502.php 第 62 行.
NOTIC: [8] Undefined variable: des D:\xampp\htdocs\shop\Runtime\Cache\Home\2f412aae274b751dca883838bf7e7502.php 第 62 行.
NOTIC: [8] Undefined variable: des D:\xampp\htdocs\shop\Runtime\Cache\Home\2f412aae274b751dca883838bf7e7502.php 第 62 行.
NOTIC: [8] Undefined variable: des D:\xampp\htdocs\shop\Runtime\Cache\Home\2f412aae274b751dca883838bf7e7502.php 第 62 行.
NOTIC: [8] Undefined variable: des D:\xampp\htdocs\shop\Runtime\Cache\Home\2f412aae274b751dca883838bf7e7502.php 第 62 行.
NOTIC: [8] Undefined variable: des D:\xampp\htdocs\shop\Runtime\Cache\Home\2f412aae274b751dca883838bf7e7502.php 第 62 行.
NOTIC: [8] Undefined variable: des D:\xampp\htdocs\shop\Runtime\Cache\Home\2f412aae274b751dca883838bf7e7502.php 第 62 行.
NOTIC: [8] Undefined variable: des D:\xampp\htdocs\shop\Runtime\Cache\Home\2f412aae274b751dca883838bf7e7502.php 第 62 行.
NOTIC: [8] Undefined variable: des D:\xampp\htdocs\shop\Runtime\Cache\Home\2f412aae274b751dca883838bf7e7502.php 第 62 行.
NOTIC: [8] Undefined variable: des D:\xampp\htdocs\shop\Runtime\Cache\Home\2f412aae274b751dca883838bf7e7502.php 第 62 行.
NOTIC: [8] Undefined variable: des D:\xampp\htdocs\shop\Runtime\Cache\Home\2f412aae274b751dca883838bf7e7502.php 第 62 行.
NOTIC: [8] Undefined variable: des D:\xampp\htdocs\shop\Runtime\Cache\Home\2f412aae274b751dca883838bf7e7502.php 第 62 行.
NOTIC: [8] Undefined variable: des D:\xampp\htdocs\shop\Runtime\Cache\Home\2f412aae274b751dca883838bf7e7502.php 第 62 行.
NOTIC: [8] Undefined variable: des D:\xampp\htdocs\shop\Runtime\Cache\Home\2f412aae274b751dca883838bf7e7502.php 第 62 行.
NOTIC: [8] Undefined variable: des D:\xampp\htdocs\shop\Runtime\Cache\Home\2f412aae274b751dca883838bf7e7502.php 第 62 行.
NOTIC: [8] Undefined variable: des D:\xampp\htdocs\shop\Runtime\Cache\Home\2f412aae274b751dca883838bf7e7502.php 第 62 行.
NOTIC: [8] Undefined variable: color D:\xampp\htdocs\shop\Runtime\Cache\Home\2f412aae274b751dca883838bf7e7502.php 第 62 行.
NOTIC: [8] Undefined variable: color D:\xampp\htdocs\shop\Runtime\Cache\Home\2f412aae274b751dca883838bf7e7502.php 第 62 行.
NOTIC: [8] Undefined variable: color D:\xampp\htdocs\shop\Runtime\Cache\Home\2f412aae274b751dca883838bf7e7502.php 第 62 行.
NOTIC: [8] Undefined variable: color D:\xampp\htdocs\shop\Runtime\Cache\Home\2f412aae274b751dca883838bf7e7502.php 第 62 行.
NOTIC: [8] Undefined variable: color D:\xampp\htdocs\shop\Runtime\Cache\Home\2f412aae274b751dca883838bf7e7502.php 第 62 行.
NOTIC: [8] Undefined variable: color D:\xampp\htdocs\shop\Runtime\Cache\Home\2f412aae274b751dca883838bf7e7502.php 第 62 行.
NOTIC: [8] Undefined variable: color D:\xampp\htdocs\shop\Runtime\Cache\Home\2f412aae274b751dca883838bf7e7502.php 第 62 行.
NOTIC: [8] Undefined variable: color D:\xampp\htdocs\shop\Runtime\Cache\Home\2f412aae274b751dca883838bf7e7502.php 第 62 行.
NOTIC: [8] Undefined variable: color D:\xampp\htdocs\shop\Runtime\Cache\Home\2f412aae274b751dca883838bf7e7502.php 第 62 行.
NOTIC: [8] Undefined variable: color D:\xampp\htdocs\shop\Runtime\Cache\Home\2f412aae274b751dca883838bf7e7502.php 第 62 行.
NOTIC: [8] Undefined variable: color D:\xampp\htdocs\shop\Runtime\Cache\Home\2f412aae274b751dca883838bf7e7502.php 第 62 行.
NOTIC: [8] Undefined variable: color D:\xampp\htdocs\shop\Runtime\Cache\Home\2f412aae274b751dca883838bf7e7502.php 第 62 行.
NOTIC: [8] Undefined variable: color D:\xampp\htdocs\shop\Runtime\Cache\Home\2f412aae274b751dca883838bf7e7502.php 第 62 行.
NOTIC: [8] Undefined variable: color D:\xampp\htdocs\shop\Runtime\Cache\Home\2f412aae274b751dca883838bf7e7502.php 第 62 行.
NOTIC: [8] Undefined variable: color D:\xampp\htdocs\shop\Runtime\Cache\Home\2f412aae274b751dca883838bf7e7502.php 第 62 行.
NOTIC: [8] Undefined variable: color D:\xampp\htdocs\shop\Runtime\Cache\Home\2f412aae274b751dca883838bf7e7502.php 第 62 行.
NOTIC: [8] Undefined variable: color D:\xampp\htdocs\shop\Runtime\Cache\Home\2f412aae274b751dca883838bf7e7502.php 第 62 行.
NOTIC: [8] Undefined variable: color D:\xampp\htdocs\shop\Runtime\Cache\Home\2f412aae274b751dca883838bf7e7502.php 第 62 行.
NOTIC: [8] Undefined variable: color D:\xampp\htdocs\shop\Runtime\Cache\Home\2f412aae274b751dca883838bf7e7502.php 第 62 行.
NOTIC: [8] Undefined variable: color D:\xampp\htdocs\shop\Runtime\Cache\Home\2f412aae274b751dca883838bf7e7502.php 第 62 行.
NOTIC: [8] Undefined variable: color D:\xampp\htdocs\shop\Runtime\Cache\Home\2f412aae274b751dca883838bf7e7502.php 第 62 行.
INFO: Run Behavior\ParseTemplateBehavior [ RunTime:4.372911s ]
INFO: [ view_parse ] --END-- [ RunTime:4.372985s ]
INFO: [ view_filter ] --START--
INFO: Run Behavior\WriteHtmlCacheBehavior [ RunTime:0.000666s ]
INFO: [ view_filter ] --END-- [ RunTime:0.000735s ]

[ 2017-03-13T21:36:17+08:00 ] 127.0.0.1 /
INFO: [ app_init ] --START--
INFO: Run Behavior\BuildLiteBehavior [ RunTime:0.000018s ]
INFO: [ app_init ] --END-- [ RunTime:0.000597s ]
INFO: [ app_begin ] --START--
INFO: Run Behavior\ReadHtmlCacheBehavior [ RunTime:0.000840s ]
INFO: [ app_begin ] --END-- [ RunTime:0.000905s ]
SQL: SHOW COLUMNS FROM `opinion` [ RunTime:0.0688s ]
SQL: SELECT * FROM `opinion` WHERE ( name='title' ) LIMIT 1   [ RunTime:0.0688s ]
SQL: SELECT * FROM `opinion` WHERE ( name='logo' ) LIMIT 1   [ RunTime:0.0695s ]
SQL: SHOW COLUMNS FROM `content` [ RunTime:0.0734s ]
SQL: SELECT * FROM `content` WHERE ( name='topNewsTitle' ) LIMIT 1   [ RunTime:0.0678s ]
SQL: SELECT * FROM `content` WHERE ( name='topNewsText' ) LIMIT 1   [ RunTime:0.0690s ]
SQL: SELECT * FROM `content` WHERE ( name='warn' ) LIMIT 1   [ RunTime:0.0796s ]
SQL: SHOW COLUMNS FROM `news` [ RunTime:0.0690s ]
SQL: SELECT * FROM `news` ORDER BY date desc  [ RunTime:0.0759s ]
INFO: [ view_parse ] --START--
INFO: [ template_filter ] --START--
INFO: Run Behavior\ContentReplaceBehavior [ RunTime:0.000102s ]
INFO: [ template_filter ] --END-- [ RunTime:0.000177s ]
NOTIC: [8192] mysql_connect(): The mysql extension is deprecated and will be removed in the future: use mysqli or PDO instead D:\xampp\htdocs\shop\Runtime\Cache\Home\2f412aae274b751dca883838bf7e7502.php 第 62 行.
NOTIC: [8] Undefined variable: des D:\xampp\htdocs\shop\Runtime\Cache\Home\2f412aae274b751dca883838bf7e7502.php 第 62 行.
NOTIC: [8] Undefined variable: des D:\xampp\htdocs\shop\Runtime\Cache\Home\2f412aae274b751dca883838bf7e7502.php 第 62 行.
NOTIC: [8] Undefined variable: des D:\xampp\htdocs\shop\Runtime\Cache\Home\2f412aae274b751dca883838bf7e7502.php 第 62 行.
NOTIC: [8] Undefined variable: des D:\xampp\htdocs\shop\Runtime\Cache\Home\2f412aae274b751dca883838bf7e7502.php 第 62 行.
NOTIC: [8] Undefined variable: des D:\xampp\htdocs\shop\Runtime\Cache\Home\2f412aae274b751dca883838bf7e7502.php 第 62 行.
NOTIC: [8] Undefined variable: des D:\xampp\htdocs\shop\Runtime\Cache\Home\2f412aae274b751dca883838bf7e7502.php 第 62 行.
NOTIC: [8] Undefined variable: des D:\xampp\htdocs\shop\Runtime\Cache\Home\2f412aae274b751dca883838bf7e7502.php 第 62 行.
NOTIC: [8] Undefined variable: des D:\xampp\htdocs\shop\Runtime\Cache\Home\2f412aae274b751dca883838bf7e7502.php 第 62 行.
NOTIC: [8] Undefined variable: des D:\xampp\htdocs\shop\Runtime\Cache\Home\2f412aae274b751dca883838bf7e7502.php 第 62 行.
NOTIC: [8] Undefined variable: des D:\xampp\htdocs\shop\Runtime\Cache\Home\2f412aae274b751dca883838bf7e7502.php 第 62 行.
NOTIC: [8] Undefined variable: des D:\xampp\htdocs\shop\Runtime\Cache\Home\2f412aae274b751dca883838bf7e7502.php 第 62 行.
NOTIC: [8] Undefined variable: des D:\xampp\htdocs\shop\Runtime\Cache\Home\2f412aae274b751dca883838bf7e7502.php 第 62 行.
NOTIC: [8] Undefined variable: des D:\xampp\htdocs\shop\Runtime\Cache\Home\2f412aae274b751dca883838bf7e7502.php 第 62 行.
NOTIC: [8] Undefined variable: des D:\xampp\htdocs\shop\Runtime\Cache\Home\2f412aae274b751dca883838bf7e7502.php 第 62 行.
NOTIC: [8] Undefined variable: des D:\xampp\htdocs\shop\Runtime\Cache\Home\2f412aae274b751dca883838bf7e7502.php 第 62 行.
NOTIC: [8] Undefined variable: des D:\xampp\htdocs\shop\Runtime\Cache\Home\2f412aae274b751dca883838bf7e7502.php 第 62 行.
NOTIC: [8] Undefined variable: des D:\xampp\htdocs\shop\Runtime\Cache\Home\2f412aae274b751dca883838bf7e7502.php 第 62 行.
NOTIC: [8] Undefined variable: des D:\xampp\htdocs\shop\Runtime\Cache\Home\2f412aae274b751dca883838bf7e7502.php 第 62 行.
NOTIC: [8] Undefined variable: des D:\xampp\htdocs\shop\Runtime\Cache\Home\2f412aae274b751dca883838bf7e7502.php 第 62 行.
NOTIC: [8] Undefined variable: des D:\xampp\htdocs\shop\Runtime\Cache\Home\2f412aae274b751dca883838bf7e7502.php 第 62 行.
NOTIC: [8] Undefined variable: des D:\xampp\htdocs\shop\Runtime\Cache\Home\2f412aae274b751dca883838bf7e7502.php 第 62 行.
NOTIC: [8] Undefined variable: color D:\xampp\htdocs\shop\Runtime\Cache\Home\2f412aae274b751dca883838bf7e7502.php 第 62 行.
NOTIC: [8] Undefined variable: color D:\xampp\htdocs\shop\Runtime\Cache\Home\2f412aae274b751dca883838bf7e7502.php 第 62 行.
NOTIC: [8] Undefined variable: color D:\xampp\htdocs\shop\Runtime\Cache\Home\2f412aae274b751dca883838bf7e7502.php 第 62 行.
NOTIC: [8] Undefined variable: color D:\xampp\htdocs\shop\Runtime\Cache\Home\2f412aae274b751dca883838bf7e7502.php 第 62 行.
NOTIC: [8] Undefined variable: color D:\xampp\htdocs\shop\Runtime\Cache\Home\2f412aae274b751dca883838bf7e7502.php 第 62 行.
NOTIC: [8] Undefined variable: color D:\xampp\htdocs\shop\Runtime\Cache\Home\2f412aae274b751dca883838bf7e7502.php 第 62 行.
NOTIC: [8] Undefined variable: color D:\xampp\htdocs\shop\Runtime\Cache\Home\2f412aae274b751dca883838bf7e7502.php 第 62 行.
NOTIC: [8] Undefined variable: color D:\xampp\htdocs\shop\Runtime\Cache\Home\2f412aae274b751dca883838bf7e7502.php 第 62 行.
NOTIC: [8] Undefined variable: color D:\xampp\htdocs\shop\Runtime\Cache\Home\2f412aae274b751dca883838bf7e7502.php 第 62 行.
NOTIC: [8] Undefined variable: color D:\xampp\htdocs\shop\Runtime\Cache\Home\2f412aae274b751dca883838bf7e7502.php 第 62 行.
NOTIC: [8] Undefined variable: color D:\xampp\htdocs\shop\Runtime\Cache\Home\2f412aae274b751dca883838bf7e7502.php 第 62 行.
NOTIC: [8] Undefined variable: color D:\xampp\htdocs\shop\Runtime\Cache\Home\2f412aae274b751dca883838bf7e7502.php 第 62 行.
NOTIC: [8] Undefined variable: color D:\xampp\htdocs\shop\Runtime\Cache\Home\2f412aae274b751dca883838bf7e7502.php 第 62 行.
NOTIC: [8] Undefined variable: color D:\xampp\htdocs\shop\Runtime\Cache\Home\2f412aae274b751dca883838bf7e7502.php 第 62 行.
NOTIC: [8] Undefined variable: color D:\xampp\htdocs\shop\Runtime\Cache\Home\2f412aae274b751dca883838bf7e7502.php 第 62 行.
NOTIC: [8] Undefined variable: color D:\xampp\htdocs\shop\Runtime\Cache\Home\2f412aae274b751dca883838bf7e7502.php 第 62 行.
NOTIC: [8] Undefined variable: color D:\xampp\htdocs\shop\Runtime\Cache\Home\2f412aae274b751dca883838bf7e7502.php 第 62 行.
NOTIC: [8] Undefined variable: color D:\xampp\htdocs\shop\Runtime\Cache\Home\2f412aae274b751dca883838bf7e7502.php 第 62 行.
NOTIC: [8] Undefined variable: color D:\xampp\htdocs\shop\Runtime\Cache\Home\2f412aae274b751dca883838bf7e7502.php 第 62 行.
NOTIC: [8] Undefined variable: color D:\xampp\htdocs\shop\Runtime\Cache\Home\2f412aae274b751dca883838bf7e7502.php 第 62 行.
NOTIC: [8] Undefined variable: color D:\xampp\htdocs\shop\Runtime\Cache\Home\2f412aae274b751dca883838bf7e7502.php 第 62 行.
INFO: Run Behavior\ParseTemplateBehavior [ RunTime:1.789267s ]
INFO: [ view_parse ] --END-- [ RunTime:1.789314s ]
INFO: [ view_filter ] --START--
INFO: Run Behavior\WriteHtmlCacheBehavior [ RunTime:0.000538s ]
INFO: [ view_filter ] --END-- [ RunTime:0.000577s ]
INFO: [ app_end ] --START--
INFO: Run Behavior\ShowPageTraceBehavior [ RunTime:0.000614s ]
INFO: [ app_end ] --END-- [ RunTime:0.000657s ]

