[ 2017-03-13T18:11:22+08:00 ] 127.0.0.1 /Admin/Info/top
INFO: [ app_init ] --START--
INFO: Run Behavior\BuildLiteBehavior [ RunTime:0.000013s ]
INFO: [ app_init ] --END-- [ RunTime:0.000562s ]
INFO: [ app_begin ] --START--
INFO: Run Behavior\ReadHtmlCacheBehavior [ RunTime:0.000694s ]
INFO: [ app_begin ] --END-- [ RunTime:0.000740s ]
SQL: SHOW COLUMNS FROM `opinion` [ RunTime:0.0340s ]
SQL: SELECT * FROM `opinion` WHERE ( name='title' ) LIMIT 1   [ RunTime:0.0383s ]
SQL: SELECT * FROM `opinion` WHERE ( name='logo' ) LIMIT 1   [ RunTime:0.0328s ]
SQL: SHOW COLUMNS FROM `content` [ RunTime:0.0334s ]
SQL: SELECT * FROM `content` WHERE ( name='topNewsTitle' ) LIMIT 1   [ RunTime:0.0352s ]
SQL: SELECT * FROM `content` WHERE ( name='topNewsText' ) LIMIT 1   [ RunTime:0.0336s ]
INFO: [ view_parse ] --START--
INFO: [ template_filter ] --START--
INFO: Run Behavior\ContentReplaceBehavior [ RunTime:0.000052s ]
INFO: [ template_filter ] --END-- [ RunTime:0.000094s ]
INFO: Run Behavior\ParseTemplateBehavior [ RunTime:0.053672s ]
INFO: [ view_parse ] --END-- [ RunTime:0.053772s ]
INFO: [ view_filter ] --START--
INFO: Run Behavior\WriteHtmlCacheBehavior [ RunTime:0.010576s ]
INFO: [ view_filter ] --END-- [ RunTime:0.010635s ]
INFO: [ view_parse ] --START--
INFO: [ template_filter ] --START--
INFO: Run Behavior\ContentReplaceBehavior [ RunTime:0.000064s ]
INFO: [ template_filter ] --END-- [ RunTime:-0.083168s ]
INFO: Run Behavior\ParseTemplateBehavior [ RunTime:0.013589s ]
INFO: [ view_parse ] --END-- [ RunTime:-0.040196s ]
INFO: [ view_filter ] --START--
INFO: Run Behavior\WriteHtmlCacheBehavior [ RunTime:0.000013s ]
INFO: [ view_filter ] --END-- [ RunTime:-0.043237s ]
NOTIC: [2] Cannot modify header information - headers already sent by (output started at D:\xampp\htdocs\shop\ThinkPHP\Library\Think\View.class.php:95) D:\xampp\htdocs\shop\ThinkPHP\Library\Think\View.class.php 第 91 行.
NOTIC: [2] Cannot modify header information - headers already sent by (output started at D:\xampp\htdocs\shop\ThinkPHP\Library\Think\View.class.php:95) D:\xampp\htdocs\shop\ThinkPHP\Library\Think\View.class.php 第 92 行.
NOTIC: [2] Cannot modify header information - headers already sent by (output started at D:\xampp\htdocs\shop\ThinkPHP\Library\Think\View.class.php:95) D:\xampp\htdocs\shop\ThinkPHP\Library\Think\View.class.php 第 93 行.
INFO: [ app_end ] --START--
INFO: Run Behavior\ShowPageTraceBehavior [ RunTime:0.011689s ]
INFO: [ app_end ] --END-- [ RunTime:0.011764s ]

[ 2017-03-13T18:11:28+08:00 ] 127.0.0.1 /Admin/View/Public/font-awesome/fonts/fontawesome-webfont.woff2?v=4.3.0
INFO: [ app_init ] --START--
INFO: Run Behavior\BuildLiteBehavior [ RunTime:0.000016s ]
INFO: [ app_init ] --END-- [ RunTime:0.000537s ]
INFO: [ app_begin ] --START--
INFO: Run Behavior\ReadHtmlCacheBehavior [ RunTime:0.000625s ]
INFO: [ app_begin ] --END-- [ RunTime:0.000676s ]
ERR: 无法加载控制器:View

[ 2017-03-13T18:11:44+08:00 ] 127.0.0.1 /Admin/Info/skin-config.html
INFO: [ app_init ] --START--
INFO: Run Behavior\BuildLiteBehavior [ RunTime:0.000019s ]
INFO: [ app_init ] --END-- [ RunTime:0.000513s ]
INFO: [ app_begin ] --START--
INFO: Run Behavior\ReadHtmlCacheBehavior [ RunTime:0.000616s ]
INFO: [ app_begin ] --END-- [ RunTime:0.000666s ]
ERR: 非法操作:skin-config

[ 2017-03-13T18:11:44+08:00 ] 127.0.0.1 /Admin/Info/skin-config.html
INFO: [ app_init ] --START--
INFO: Run Behavior\BuildLiteBehavior [ RunTime:0.000013s ]
INFO: [ app_init ] --END-- [ RunTime:0.000439s ]
INFO: [ app_begin ] --START--
INFO: Run Behavior\ReadHtmlCacheBehavior [ RunTime:0.000683s ]
INFO: [ app_begin ] --END-- [ RunTime:0.000783s ]
ERR: 非法操作:skin-config

[ 2017-03-13T18:12:34+08:00 ] 127.0.0.1 /index.php/Admin/Info/topadd.html
INFO: [ app_init ] --START--
INFO: Run Behavior\BuildLiteBehavior [ RunTime:0.000014s ]
INFO: [ app_init ] --END-- [ RunTime:0.000401s ]
INFO: [ app_begin ] --START--
INFO: Run Behavior\ReadHtmlCacheBehavior [ RunTime:0.000567s ]
INFO: [ app_begin ] --END-- [ RunTime:0.000613s ]
SQL: SHOW COLUMNS FROM `content` [ RunTime:0.0349s ]
NOTIC: [8] Undefined variable: data D:\xampp\htdocs\shop\Admin\Controller\InfoController.class.php 第 30 行.
SQL: UPDATE `content` SET `content`='预计，今天下半夜起受新一股中等偏强冷空气影响，本地气温将明显下降，并伴有分散小雨降水，明天白天最高气温18度左右，过程平均气温将下降6～8℃，过程最低气温将降至13～14℃，出现在15日-16日早晨，请注意适时添衣保暖。另外，冷空气影响期间，汕头附近海面将有6～7级阵风8～9级的东北强风，海上作业船只需注意安全。' WHERE ( name='topNewsText' ) [ RunTime:0.0338s ]
SQL: UPDATE `content` SET `content`='气温回升  早晚有轻雾' WHERE ( name='topNewsTitle' ) [ RunTime:0.0356s ]

