[ 2017-06-16T23:28:24+08:00 ] ::1 /csqx/Admin/warn/warnlist.html
INFO: [ app_init ] --START--
INFO: Run Behavior\BuildLiteBehavior [ RunTime:0.000015s ]
INFO: [ app_init ] --END-- [ RunTime:0.010870s ]
INFO: [ app_begin ] --START--
INFO: Run Behavior\ReadHtmlCacheBehavior [ RunTime:0.001826s ]
INFO: [ app_begin ] --END-- [ RunTime:0.001899s ]
SQL: SHOW COLUMNS FROM `warn` [ RunTime:0.0447s ]
SQL: SHOW COLUMNS FROM `warn` [ RunTime:0.0452s ]
SQL: SELECT * FROM `warn` WHERE ( city='all' AND now='NOW' )  [ RunTime:0.0442s ]
SQL: SELECT * FROM `warn` WHERE ( now='NOW' AND city!='all' )  [ RunTime:0.0434s ]
INFO: [ view_parse ] --START--
INFO: [ template_filter ] --START--
INFO: Run Behavior\ContentReplaceBehavior [ RunTime:0.000040s ]
INFO: [ template_filter ] --END-- [ RunTime:0.000085s ]
NOTIC: [8] Use of undefined constant id - assumed 'id' D:\xampp\htdocs\csqx\Runtime\Cache\Admin\8f3ce6564fe3e0828521e5cce9f3aabe.php 第 41 行.
NOTIC: [8] Use of undefined constant id - assumed 'id' D:\xampp\htdocs\csqx\Runtime\Cache\Admin\8f3ce6564fe3e0828521e5cce9f3aabe.php 第 73 行.
NOTIC: [8] Use of undefined constant id - assumed 'id' D:\xampp\htdocs\csqx\Runtime\Cache\Admin\8f3ce6564fe3e0828521e5cce9f3aabe.php 第 73 行.
NOTIC: [8] Use of undefined constant id - assumed 'id' D:\xampp\htdocs\csqx\Runtime\Cache\Admin\8f3ce6564fe3e0828521e5cce9f3aabe.php 第 73 行.
NOTIC: [8] Use of undefined constant id - assumed 'id' D:\xampp\htdocs\csqx\Runtime\Cache\Admin\8f3ce6564fe3e0828521e5cce9f3aabe.php 第 73 行.
NOTIC: [8] Use of undefined constant id - assumed 'id' D:\xampp\htdocs\csqx\Runtime\Cache\Admin\8f3ce6564fe3e0828521e5cce9f3aabe.php 第 73 行.
NOTIC: [8] Use of undefined constant id - assumed 'id' D:\xampp\htdocs\csqx\Runtime\Cache\Admin\8f3ce6564fe3e0828521e5cce9f3aabe.php 第 73 行.
NOTIC: [8] Use of undefined constant id - assumed 'id' D:\xampp\htdocs\csqx\Runtime\Cache\Admin\8f3ce6564fe3e0828521e5cce9f3aabe.php 第 73 行.
NOTIC: [8] Use of undefined constant id - assumed 'id' D:\xampp\htdocs\csqx\Runtime\Cache\Admin\8f3ce6564fe3e0828521e5cce9f3aabe.php 第 73 行.
NOTIC: [8] Use of undefined constant id - assumed 'id' D:\xampp\htdocs\csqx\Runtime\Cache\Admin\8f3ce6564fe3e0828521e5cce9f3aabe.php 第 73 行.
NOTIC: [8] Use of undefined constant id - assumed 'id' D:\xampp\htdocs\csqx\Runtime\Cache\Admin\8f3ce6564fe3e0828521e5cce9f3aabe.php 第 73 行.
NOTIC: [8] Use of undefined constant id - assumed 'id' D:\xampp\htdocs\csqx\Runtime\Cache\Admin\8f3ce6564fe3e0828521e5cce9f3aabe.php 第 73 行.
NOTIC: [8] Use of undefined constant id - assumed 'id' D:\xampp\htdocs\csqx\Runtime\Cache\Admin\8f3ce6564fe3e0828521e5cce9f3aabe.php 第 73 行.
NOTIC: [8] Use of undefined constant id - assumed 'id' D:\xampp\htdocs\csqx\Runtime\Cache\Admin\8f3ce6564fe3e0828521e5cce9f3aabe.php 第 73 行.
NOTIC: [8] Use of undefined constant id - assumed 'id' D:\xampp\htdocs\csqx\Runtime\Cache\Admin\8f3ce6564fe3e0828521e5cce9f3aabe.php 第 73 行.
NOTIC: [8] Use of undefined constant id - assumed 'id' D:\xampp\htdocs\csqx\Runtime\Cache\Admin\8f3ce6564fe3e0828521e5cce9f3aabe.php 第 73 行.
INFO: Run Behavior\ParseTemplateBehavior [ RunTime:0.014080s ]
INFO: [ view_parse ] --END-- [ RunTime:0.014123s ]
INFO: [ view_filter ] --START--
INFO: Run Behavior\WriteHtmlCacheBehavior [ RunTime:0.000827s ]
INFO: [ view_filter ] --END-- [ RunTime:0.000867s ]
INFO: [ app_end ] --START--
INFO: Run Behavior\ShowPageTraceBehavior [ RunTime:0.001300s ]
INFO: [ app_end ] --END-- [ RunTime:0.001370s ]

[ 2017-06-16T23:39:26+08:00 ] ::1 /csqx/Admin/warn/warnlist.html
INFO: [ app_init ] --START--
INFO: Run Behavior\BuildLiteBehavior [ RunTime:0.000011s ]
INFO: [ app_init ] --END-- [ RunTime:0.000582s ]
INFO: [ app_begin ] --START--
INFO: Run Behavior\ReadHtmlCacheBehavior [ RunTime:0.000683s ]
INFO: [ app_begin ] --END-- [ RunTime:0.000728s ]
SQL: SHOW COLUMNS FROM `warn` [ RunTime:0.0431s ]
SQL: SHOW COLUMNS FROM `warn` [ RunTime:0.0434s ]
SQL: SELECT * FROM `warn` WHERE ( city='all' AND now='NOW' )  [ RunTime:0.0430s ]
SQL: SELECT * FROM `warn` WHERE ( now='NOW' AND city!='all' )  [ RunTime:0.0434s ]
INFO: [ view_parse ] --START--
INFO: [ template_filter ] --START--
INFO: Run Behavior\ContentReplaceBehavior [ RunTime:0.000048s ]
INFO: [ template_filter ] --END-- [ RunTime:0.000100s ]
NOTIC: [8] Use of undefined constant id - assumed 'id' D:\xampp\htdocs\csqx\Runtime\Cache\Admin\8f3ce6564fe3e0828521e5cce9f3aabe.php 第 73 行.
NOTIC: [8] Use of undefined constant id - assumed 'id' D:\xampp\htdocs\csqx\Runtime\Cache\Admin\8f3ce6564fe3e0828521e5cce9f3aabe.php 第 73 行.
NOTIC: [8] Use of undefined constant id - assumed 'id' D:\xampp\htdocs\csqx\Runtime\Cache\Admin\8f3ce6564fe3e0828521e5cce9f3aabe.php 第 73 行.
NOTIC: [8] Use of undefined constant id - assumed 'id' D:\xampp\htdocs\csqx\Runtime\Cache\Admin\8f3ce6564fe3e0828521e5cce9f3aabe.php 第 73 行.
NOTIC: [8] Use of undefined constant id - assumed 'id' D:\xampp\htdocs\csqx\Runtime\Cache\Admin\8f3ce6564fe3e0828521e5cce9f3aabe.php 第 73 行.
NOTIC: [8] Use of undefined constant id - assumed 'id' D:\xampp\htdocs\csqx\Runtime\Cache\Admin\8f3ce6564fe3e0828521e5cce9f3aabe.php 第 73 行.
NOTIC: [8] Use of undefined constant id - assumed 'id' D:\xampp\htdocs\csqx\Runtime\Cache\Admin\8f3ce6564fe3e0828521e5cce9f3aabe.php 第 73 行.
NOTIC: [8] Use of undefined constant id - assumed 'id' D:\xampp\htdocs\csqx\Runtime\Cache\Admin\8f3ce6564fe3e0828521e5cce9f3aabe.php 第 73 行.
NOTIC: [8] Use of undefined constant id - assumed 'id' D:\xampp\htdocs\csqx\Runtime\Cache\Admin\8f3ce6564fe3e0828521e5cce9f3aabe.php 第 73 行.
NOTIC: [8] Use of undefined constant id - assumed 'id' D:\xampp\htdocs\csqx\Runtime\Cache\Admin\8f3ce6564fe3e0828521e5cce9f3aabe.php 第 73 行.
NOTIC: [8] Use of undefined constant id - assumed 'id' D:\xampp\htdocs\csqx\Runtime\Cache\Admin\8f3ce6564fe3e0828521e5cce9f3aabe.php 第 73 行.
NOTIC: [8] Use of undefined constant id - assumed 'id' D:\xampp\htdocs\csqx\Runtime\Cache\Admin\8f3ce6564fe3e0828521e5cce9f3aabe.php 第 73 行.
INFO: Run Behavior\ParseTemplateBehavior [ RunTime:0.009923s ]
INFO: [ view_parse ] --END-- [ RunTime:0.009975s ]
INFO: [ view_filter ] --START--
INFO: Run Behavior\WriteHtmlCacheBehavior [ RunTime:0.000635s ]
INFO: [ view_filter ] --END-- [ RunTime:0.000677s ]
INFO: [ app_end ] --START--
INFO: Run Behavior\ShowPageTraceBehavior [ RunTime:0.000820s ]
INFO: [ app_end ] --END-- [ RunTime:0.000878s ]

[ 2017-06-16T23:39:28+08:00 ] ::1 /csqx/index.php/admin/warn/passAllWarn/id/45.html
INFO: [ app_init ] --START--
INFO: Run Behavior\BuildLiteBehavior [ RunTime:0.000016s ]
INFO: [ app_init ] --END-- [ RunTime:0.000605s ]
INFO: [ app_begin ] --START--
INFO: Run Behavior\ReadHtmlCacheBehavior [ RunTime:0.000667s ]
INFO: [ app_begin ] --END-- [ RunTime:0.000727s ]
SQL: SHOW COLUMNS FROM `warn` [ RunTime:0.0444s ]
SQL: SHOW COLUMNS FROM `warn` [ RunTime:0.0432s ]
SQL: UPDATE `warn` SET `now`='PASS' WHERE `id` = 45 [ RunTime:0.0433s ]
INFO: [ app_end ] --START--
INFO: Run Behavior\ShowPageTraceBehavior [ RunTime:0.000831s ]
INFO: [ app_end ] --END-- [ RunTime:0.000875s ]

[ 2017-06-16T23:39:58+08:00 ] ::1 /csqx/index.php/admin/warn/passAllWarn/id/46.html
INFO: [ app_init ] --START--
INFO: Run Behavior\BuildLiteBehavior [ RunTime:0.000011s ]
INFO: [ app_init ] --END-- [ RunTime:0.000495s ]
INFO: [ app_begin ] --START--
INFO: Run Behavior\ReadHtmlCacheBehavior [ RunTime:0.000650s ]
INFO: [ app_begin ] --END-- [ RunTime:0.000694s ]
SQL: SHOW COLUMNS FROM `warn` [ RunTime:0.0446s ]
SQL: SHOW COLUMNS FROM `warn` [ RunTime:0.0449s ]
SQL: UPDATE `warn` SET `now`='PASS' WHERE `id` = 46 [ RunTime:0.0452s ]
INFO: [ app_end ] --START--
INFO: Run Behavior\ShowPageTraceBehavior [ RunTime:0.003767s ]
INFO: [ app_end ] --END-- [ RunTime:0.004121s ]

[ 2017-06-16T23:40:03+08:00 ] ::1 /csqx/index.php/admin/warn/passAllWarn/id/50.html
INFO: [ app_init ] --START--
INFO: Run Behavior\BuildLiteBehavior [ RunTime:0.000011s ]
INFO: [ app_init ] --END-- [ RunTime:0.000543s ]
INFO: [ app_begin ] --START--
INFO: Run Behavior\ReadHtmlCacheBehavior [ RunTime:0.000520s ]
INFO: [ app_begin ] --END-- [ RunTime:0.000564s ]
SQL: SHOW COLUMNS FROM `warn` [ RunTime:0.0432s ]
SQL: SHOW COLUMNS FROM `warn` [ RunTime:0.0426s ]
SQL: UPDATE `warn` SET `now`='PASS' WHERE `id` = 50 [ RunTime:0.0422s ]
INFO: [ app_end ] --START--
INFO: Run Behavior\ShowPageTraceBehavior [ RunTime:0.000691s ]
INFO: [ app_end ] --END-- [ RunTime:0.000733s ]

[ 2017-06-16T23:40:29+08:00 ] ::1 /csqx/index.php/admin/warn/passAllWarn/id/45.html
INFO: [ app_init ] --START--
INFO: Run Behavior\BuildLiteBehavior [ RunTime:0.000012s ]
INFO: [ app_init ] --END-- [ RunTime:0.000575s ]
INFO: [ app_begin ] --START--
INFO: Run Behavior\ReadHtmlCacheBehavior [ RunTime:0.000619s ]
INFO: [ app_begin ] --END-- [ RunTime:0.000667s ]
SQL: SHOW COLUMNS FROM `warn` [ RunTime:0.0437s ]
SQL: SHOW COLUMNS FROM `warn` [ RunTime:0.0442s ]
SQL: UPDATE `warn` SET `now`='PASS' WHERE `id` = 45 [ RunTime:0.0439s ]
INFO: [ app_end ] --START--
INFO: Run Behavior\ShowPageTraceBehavior [ RunTime:0.000663s ]
INFO: [ app_end ] --END-- [ RunTime:0.000705s ]

[ 2017-06-16T23:40:33+08:00 ] ::1 /csqx/Admin/warn/warnlist.html
INFO: [ app_init ] --START--
INFO: Run Behavior\BuildLiteBehavior [ RunTime:0.000012s ]
INFO: [ app_init ] --END-- [ RunTime:0.000417s ]
INFO: [ app_begin ] --START--
INFO: Run Behavior\ReadHtmlCacheBehavior [ RunTime:0.000575s ]
INFO: [ app_begin ] --END-- [ RunTime:0.000630s ]
SQL: SHOW COLUMNS FROM `warn` [ RunTime:0.0432s ]
SQL: SHOW COLUMNS FROM `warn` [ RunTime:0.0436s ]
SQL: SELECT * FROM `warn` WHERE ( city='all' AND now='NOW' )  [ RunTime:0.0439s ]
SQL: SELECT * FROM `warn` WHERE ( now='NOW' AND city!='all' )  [ RunTime:0.0443s ]
INFO: [ view_parse ] --START--
INFO: [ template_filter ] --START--
INFO: Run Behavior\ContentReplaceBehavior [ RunTime:0.000060s ]
INFO: [ template_filter ] --END-- [ RunTime:0.000123s ]
NOTIC: [8] Use of undefined constant id - assumed 'id' D:\xampp\htdocs\csqx\Runtime\Cache\Admin\8f3ce6564fe3e0828521e5cce9f3aabe.php 第 73 行.
NOTIC: [8] Use of undefined constant id - assumed 'id' D:\xampp\htdocs\csqx\Runtime\Cache\Admin\8f3ce6564fe3e0828521e5cce9f3aabe.php 第 73 行.
NOTIC: [8] Use of undefined constant id - assumed 'id' D:\xampp\htdocs\csqx\Runtime\Cache\Admin\8f3ce6564fe3e0828521e5cce9f3aabe.php 第 73 行.
NOTIC: [8] Use of undefined constant id - assumed 'id' D:\xampp\htdocs\csqx\Runtime\Cache\Admin\8f3ce6564fe3e0828521e5cce9f3aabe.php 第 73 行.
NOTIC: [8] Use of undefined constant id - assumed 'id' D:\xampp\htdocs\csqx\Runtime\Cache\Admin\8f3ce6564fe3e0828521e5cce9f3aabe.php 第 73 行.
NOTIC: [8] Use of undefined constant id - assumed 'id' D:\xampp\htdocs\csqx\Runtime\Cache\Admin\8f3ce6564fe3e0828521e5cce9f3aabe.php 第 73 行.
NOTIC: [8] Use of undefined constant id - assumed 'id' D:\xampp\htdocs\csqx\Runtime\Cache\Admin\8f3ce6564fe3e0828521e5cce9f3aabe.php 第 73 行.
NOTIC: [8] Use of undefined constant id - assumed 'id' D:\xampp\htdocs\csqx\Runtime\Cache\Admin\8f3ce6564fe3e0828521e5cce9f3aabe.php 第 73 行.
NOTIC: [8] Use of undefined constant id - assumed 'id' D:\xampp\htdocs\csqx\Runtime\Cache\Admin\8f3ce6564fe3e0828521e5cce9f3aabe.php 第 73 行.
INFO: Run Behavior\ParseTemplateBehavior [ RunTime:0.020637s ]
INFO: [ view_parse ] --END-- [ RunTime:0.020826s ]
INFO: [ view_filter ] --START--
INFO: Run Behavior\WriteHtmlCacheBehavior [ RunTime:0.000781s ]
INFO: [ view_filter ] --END-- [ RunTime:0.000848s ]
INFO: [ app_end ] --START--
INFO: Run Behavior\ShowPageTraceBehavior [ RunTime:0.000968s ]
INFO: [ app_end ] --END-- [ RunTime:0.001055s ]

[ 2017-06-16T23:41:57+08:00 ] ::1 /csqx/Admin/warn/warnlist.html
INFO: [ app_init ] --START--
INFO: Run Behavior\BuildLiteBehavior [ RunTime:0.000010s ]
INFO: [ app_init ] --END-- [ RunTime:0.000535s ]
INFO: [ app_begin ] --START--
INFO: Run Behavior\ReadHtmlCacheBehavior [ RunTime:0.000712s ]
INFO: [ app_begin ] --END-- [ RunTime:0.000756s ]
SQL: SHOW COLUMNS FROM `warn` [ RunTime:0.0446s ]
SQL: SHOW COLUMNS FROM `warn` [ RunTime:0.0449s ]
SQL: SELECT * FROM `warn` WHERE ( city='all' AND now='NOW' )  [ RunTime:0.0440s ]
SQL: SELECT * FROM `warn` WHERE ( now='NOW' AND city!='all' )  [ RunTime:0.0443s ]
INFO: [ view_parse ] --START--
INFO: [ template_filter ] --START--
INFO: Run Behavior\ContentReplaceBehavior [ RunTime:0.000073s ]
INFO: [ template_filter ] --END-- [ RunTime:0.000155s ]
NOTIC: [8] Use of undefined constant id - assumed 'id' D:\xampp\htdocs\csqx\Runtime\Cache\Admin\8f3ce6564fe3e0828521e5cce9f3aabe.php 第 73 行.
NOTIC: [8] Use of undefined constant id - assumed 'id' D:\xampp\htdocs\csqx\Runtime\Cache\Admin\8f3ce6564fe3e0828521e5cce9f3aabe.php 第 73 行.
NOTIC: [8] Use of undefined constant id - assumed 'id' D:\xampp\htdocs\csqx\Runtime\Cache\Admin\8f3ce6564fe3e0828521e5cce9f3aabe.php 第 73 行.
NOTIC: [8] Use of undefined constant id - assumed 'id' D:\xampp\htdocs\csqx\Runtime\Cache\Admin\8f3ce6564fe3e0828521e5cce9f3aabe.php 第 73 行.
NOTIC: [8] Use of undefined constant id - assumed 'id' D:\xampp\htdocs\csqx\Runtime\Cache\Admin\8f3ce6564fe3e0828521e5cce9f3aabe.php 第 73 行.
NOTIC: [8] Use of undefined constant id - assumed 'id' D:\xampp\htdocs\csqx\Runtime\Cache\Admin\8f3ce6564fe3e0828521e5cce9f3aabe.php 第 73 行.
NOTIC: [8] Use of undefined constant id - assumed 'id' D:\xampp\htdocs\csqx\Runtime\Cache\Admin\8f3ce6564fe3e0828521e5cce9f3aabe.php 第 73 行.
NOTIC: [8] Use of undefined constant id - assumed 'id' D:\xampp\htdocs\csqx\Runtime\Cache\Admin\8f3ce6564fe3e0828521e5cce9f3aabe.php 第 73 行.
NOTIC: [8] Use of undefined constant id - assumed 'id' D:\xampp\htdocs\csqx\Runtime\Cache\Admin\8f3ce6564fe3e0828521e5cce9f3aabe.php 第 73 行.
INFO: Run Behavior\ParseTemplateBehavior [ RunTime:0.020341s ]
INFO: [ view_parse ] --END-- [ RunTime:0.020509s ]
INFO: [ view_filter ] --START--
INFO: Run Behavior\WriteHtmlCacheBehavior [ RunTime:0.000699s ]
INFO: [ view_filter ] --END-- [ RunTime:0.000744s ]
INFO: [ app_end ] --START--
INFO: Run Behavior\ShowPageTraceBehavior [ RunTime:0.000822s ]
INFO: [ app_end ] --END-- [ RunTime:0.000888s ]

[ 2017-06-16T23:41:58+08:00 ] ::1 /csqx/index.php/admin/warn/passWarn/id/47.html
INFO: [ app_init ] --START--
INFO: Run Behavior\BuildLiteBehavior [ RunTime:0.000011s ]
INFO: [ app_init ] --END-- [ RunTime:0.000507s ]
INFO: [ app_begin ] --START--
INFO: Run Behavior\ReadHtmlCacheBehavior [ RunTime:0.000608s ]
INFO: [ app_begin ] --END-- [ RunTime:0.000650s ]
SQL: SHOW COLUMNS FROM `warn` [ RunTime:0.0427s ]
SQL: SHOW COLUMNS FROM `warn` [ RunTime:0.0425s ]
NOTIC: [8] Undefined index: id D:\xampp\htdocs\csqx\Admin\Model\WarnModel.class.php 第 104 行.
INFO: [ app_end ] --START--
INFO: Run Behavior\ShowPageTraceBehavior [ RunTime:0.000602s ]
INFO: [ app_end ] --END-- [ RunTime:0.000642s ]

[ 2017-06-16T23:41:58+08:00 ] ::1 /csqx/index.php/admin/warn/passWarn/id/warnlist.html
INFO: [ app_init ] --START--
INFO: Run Behavior\BuildLiteBehavior [ RunTime:0.000018s ]
INFO: [ app_init ] --END-- [ RunTime:0.000599s ]
INFO: [ app_begin ] --START--
INFO: Run Behavior\ReadHtmlCacheBehavior [ RunTime:0.000760s ]
INFO: [ app_begin ] --END-- [ RunTime:0.000838s ]
SQL: SHOW COLUMNS FROM `warn` [ RunTime:0.0437s ]
SQL: SHOW COLUMNS FROM `warn` [ RunTime:0.0435s ]
NOTIC: [8] Undefined index: id D:\xampp\htdocs\csqx\Admin\Model\WarnModel.class.php 第 104 行.
INFO: [ app_end ] --START--
INFO: Run Behavior\ShowPageTraceBehavior [ RunTime:0.000642s ]
INFO: [ app_end ] --END-- [ RunTime:0.000690s ]

[ 2017-06-16T23:41:59+08:00 ] ::1 /csqx/index.php/admin/warn/passWarn/id/warnlist.html
INFO: [ app_init ] --START--
INFO: Run Behavior\BuildLiteBehavior [ RunTime:0.000017s ]
INFO: [ app_init ] --END-- [ RunTime:0.000719s ]
INFO: [ app_begin ] --START--
INFO: Run Behavior\ReadHtmlCacheBehavior [ RunTime:0.000662s ]
INFO: [ app_begin ] --END-- [ RunTime:0.000730s ]
SQL: SHOW COLUMNS FROM `warn` [ RunTime:0.0442s ]
SQL: SHOW COLUMNS FROM `warn` [ RunTime:0.0440s ]
NOTIC: [8] Undefined index: id D:\xampp\htdocs\csqx\Admin\Model\WarnModel.class.php 第 104 行.
INFO: [ app_end ] --START--
INFO: Run Behavior\ShowPageTraceBehavior [ RunTime:0.000783s ]
INFO: [ app_end ] --END-- [ RunTime:0.000829s ]

[ 2017-06-16T23:41:59+08:00 ] ::1 /csqx/index.php/admin/warn/passWarn/id/warnlist.html
INFO: [ app_init ] --START--
INFO: Run Behavior\BuildLiteBehavior [ RunTime:0.000012s ]
INFO: [ app_init ] --END-- [ RunTime:0.000511s ]
INFO: [ app_begin ] --START--
INFO: Run Behavior\ReadHtmlCacheBehavior [ RunTime:0.000566s ]
INFO: [ app_begin ] --END-- [ RunTime:0.000608s ]
SQL: SHOW COLUMNS FROM `warn` [ RunTime:0.0440s ]
SQL: SHOW COLUMNS FROM `warn` [ RunTime:0.0443s ]
NOTIC: [8] Undefined index: id D:\xampp\htdocs\csqx\Admin\Model\WarnModel.class.php 第 104 行.
INFO: [ app_end ] --START--
INFO: Run Behavior\ShowPageTraceBehavior [ RunTime:0.000669s ]
INFO: [ app_end ] --END-- [ RunTime:0.000706s ]

[ 2017-06-16T23:41:59+08:00 ] ::1 /csqx/index.php/admin/warn/passWarn/id/warnlist.html
INFO: [ app_init ] --START--
INFO: Run Behavior\BuildLiteBehavior [ RunTime:0.000013s ]
INFO: [ app_init ] --END-- [ RunTime:0.000525s ]
INFO: [ app_begin ] --START--
INFO: Run Behavior\ReadHtmlCacheBehavior [ RunTime:0.000773s ]
INFO: [ app_begin ] --END-- [ RunTime:0.000839s ]
SQL: SHOW COLUMNS FROM `warn` [ RunTime:0.0438s ]
SQL: SHOW COLUMNS FROM `warn` [ RunTime:0.0441s ]
NOTIC: [8] Undefined index: id D:\xampp\htdocs\csqx\Admin\Model\WarnModel.class.php 第 104 行.
INFO: [ app_end ] --START--
INFO: Run Behavior\ShowPageTraceBehavior [ RunTime:0.003354s ]
INFO: [ app_end ] --END-- [ RunTime:0.003602s ]

[ 2017-06-16T23:42:00+08:00 ] ::1 /csqx/index.php/admin/warn/passWarn/id/warnlist.html
INFO: [ app_init ] --START--
INFO: Run Behavior\BuildLiteBehavior [ RunTime:0.000011s ]
INFO: [ app_init ] --END-- [ RunTime:0.000552s ]
INFO: [ app_begin ] --START--
INFO: Run Behavior\ReadHtmlCacheBehavior [ RunTime:0.000549s ]
INFO: [ app_begin ] --END-- [ RunTime:0.000591s ]
SQL: SHOW COLUMNS FROM `warn` [ RunTime:0.0433s ]
SQL: SHOW COLUMNS FROM `warn` [ RunTime:0.0431s ]
NOTIC: [8] Undefined index: id D:\xampp\htdocs\csqx\Admin\Model\WarnModel.class.php 第 104 行.
INFO: [ app_end ] --START--
INFO: Run Behavior\ShowPageTraceBehavior [ RunTime:0.001742s ]
INFO: [ app_end ] --END-- [ RunTime:0.001864s ]

[ 2017-06-16T23:42:00+08:00 ] ::1 /csqx/index.php/admin/warn/passWarn/id/warnlist.html
INFO: [ app_init ] --START--
INFO: Run Behavior\BuildLiteBehavior [ RunTime:0.000014s ]
INFO: [ app_init ] --END-- [ RunTime:0.000524s ]
INFO: [ app_begin ] --START--
INFO: Run Behavior\ReadHtmlCacheBehavior [ RunTime:0.000605s ]
INFO: [ app_begin ] --END-- [ RunTime:0.000653s ]
SQL: SHOW COLUMNS FROM `warn` [ RunTime:0.0435s ]
SQL: SHOW COLUMNS FROM `warn` [ RunTime:0.0435s ]
NOTIC: [8] Undefined index: id D:\xampp\htdocs\csqx\Admin\Model\WarnModel.class.php 第 104 行.
INFO: [ app_end ] --START--
INFO: Run Behavior\ShowPageTraceBehavior [ RunTime:0.003067s ]
INFO: [ app_end ] --END-- [ RunTime:0.003300s ]

[ 2017-06-16T23:42:00+08:00 ] ::1 /csqx/index.php/admin/warn/passWarn/id/warnlist.html
INFO: [ app_init ] --START--
INFO: Run Behavior\BuildLiteBehavior [ RunTime:0.000034s ]
INFO: [ app_init ] --END-- [ RunTime:0.000490s ]
INFO: [ app_begin ] --START--
INFO: Run Behavior\ReadHtmlCacheBehavior [ RunTime:0.000633s ]
INFO: [ app_begin ] --END-- [ RunTime:0.000676s ]
SQL: SHOW COLUMNS FROM `warn` [ RunTime:0.0434s ]
SQL: SHOW COLUMNS FROM `warn` [ RunTime:0.0451s ]
NOTIC: [8] Undefined index: id D:\xampp\htdocs\csqx\Admin\Model\WarnModel.class.php 第 104 行.
INFO: [ app_end ] --START--
INFO: Run Behavior\ShowPageTraceBehavior [ RunTime:0.001729s ]
INFO: [ app_end ] --END-- [ RunTime:0.001881s ]

[ 2017-06-16T23:42:01+08:00 ] ::1 /csqx/index.php/admin/warn/passWarn/id/warnlist.html
INFO: [ app_init ] --START--
INFO: Run Behavior\BuildLiteBehavior [ RunTime:0.000013s ]
INFO: [ app_init ] --END-- [ RunTime:0.000755s ]
INFO: [ app_begin ] --START--
INFO: Run Behavior\ReadHtmlCacheBehavior [ RunTime:0.000560s ]
INFO: [ app_begin ] --END-- [ RunTime:0.000604s ]
SQL: SHOW COLUMNS FROM `warn` [ RunTime:0.0442s ]
SQL: SHOW COLUMNS FROM `warn` [ RunTime:0.0434s ]
NOTIC: [8] Undefined index: id D:\xampp\htdocs\csqx\Admin\Model\WarnModel.class.php 第 104 行.
INFO: [ app_end ] --START--
INFO: Run Behavior\ShowPageTraceBehavior [ RunTime:0.001011s ]
INFO: [ app_end ] --END-- [ RunTime:0.001093s ]

[ 2017-06-16T23:42:01+08:00 ] ::1 /csqx/index.php/admin/warn/passWarn/id/warnlist.html
INFO: [ app_init ] --START--
INFO: Run Behavior\BuildLiteBehavior [ RunTime:0.000013s ]
INFO: [ app_init ] --END-- [ RunTime:0.000570s ]
INFO: [ app_begin ] --START--
INFO: Run Behavior\ReadHtmlCacheBehavior [ RunTime:0.000624s ]
INFO: [ app_begin ] --END-- [ RunTime:0.000677s ]
SQL: SHOW COLUMNS FROM `warn` [ RunTime:0.0423s ]
SQL: SHOW COLUMNS FROM `warn` [ RunTime:0.0420s ]
NOTIC: [8] Undefined index: id D:\xampp\htdocs\csqx\Admin\Model\WarnModel.class.php 第 104 行.
INFO: [ app_end ] --START--
INFO: Run Behavior\ShowPageTraceBehavior [ RunTime:0.000795s ]
INFO: [ app_end ] --END-- [ RunTime:0.000858s ]

[ 2017-06-16T23:42:01+08:00 ] ::1 /csqx/index.php/admin/warn/passWarn/id/warnlist.html
INFO: [ app_init ] --START--
INFO: Run Behavior\BuildLiteBehavior [ RunTime:0.000011s ]
INFO: [ app_init ] --END-- [ RunTime:0.000549s ]
INFO: [ app_begin ] --START--
INFO: Run Behavior\ReadHtmlCacheBehavior [ RunTime:0.000640s ]
INFO: [ app_begin ] --END-- [ RunTime:0.000696s ]
SQL: SHOW COLUMNS FROM `warn` [ RunTime:0.0447s ]
SQL: SHOW COLUMNS FROM `warn` [ RunTime:0.0446s ]
NOTIC: [8] Undefined index: id D:\xampp\htdocs\csqx\Admin\Model\WarnModel.class.php 第 104 行.
INFO: [ app_end ] --START--
INFO: Run Behavior\ShowPageTraceBehavior [ RunTime:0.000742s ]
INFO: [ app_end ] --END-- [ RunTime:0.000801s ]

[ 2017-06-16T23:42:02+08:00 ] ::1 /csqx/index.php/admin/warn/passWarn/id/warnlist.html
INFO: [ app_init ] --START--
INFO: Run Behavior\BuildLiteBehavior [ RunTime:0.000015s ]
INFO: [ app_init ] --END-- [ RunTime:0.000493s ]
INFO: [ app_begin ] --START--
INFO: Run Behavior\ReadHtmlCacheBehavior [ RunTime:0.000563s ]
INFO: [ app_begin ] --END-- [ RunTime:0.000616s ]
SQL: SHOW COLUMNS FROM `warn` [ RunTime:0.0442s ]
SQL: SHOW COLUMNS FROM `warn` [ RunTime:0.0450s ]
NOTIC: [8] Undefined index: id D:\xampp\htdocs\csqx\Admin\Model\WarnModel.class.php 第 104 行.
INFO: [ app_end ] --START--
INFO: Run Behavior\ShowPageTraceBehavior [ RunTime:0.003557s ]
INFO: [ app_end ] --END-- [ RunTime:0.003787s ]

[ 2017-06-16T23:42:02+08:00 ] ::1 /csqx/index.php/admin/warn/passWarn/id/warnlist.html
INFO: [ app_init ] --START--
INFO: Run Behavior\BuildLiteBehavior [ RunTime:0.000011s ]
INFO: [ app_init ] --END-- [ RunTime:0.000523s ]
INFO: [ app_begin ] --START--
INFO: Run Behavior\ReadHtmlCacheBehavior [ RunTime:0.000669s ]
INFO: [ app_begin ] --END-- [ RunTime:0.000714s ]
SQL: SHOW COLUMNS FROM `warn` [ RunTime:0.0445s ]
SQL: SHOW COLUMNS FROM `warn` [ RunTime:0.0442s ]
NOTIC: [8] Undefined index: id D:\xampp\htdocs\csqx\Admin\Model\WarnModel.class.php 第 104 行.
INFO: [ app_end ] --START--
INFO: Run Behavior\ShowPageTraceBehavior [ RunTime:0.001749s ]
INFO: [ app_end ] --END-- [ RunTime:0.001883s ]

[ 2017-06-16T23:42:02+08:00 ] ::1 /csqx/index.php/admin/warn/passWarn/id/warnlist.html
INFO: [ app_init ] --START--
INFO: Run Behavior\BuildLiteBehavior [ RunTime:0.000012s ]
INFO: [ app_init ] --END-- [ RunTime:0.000516s ]
INFO: [ app_begin ] --START--
INFO: Run Behavior\ReadHtmlCacheBehavior [ RunTime:0.000620s ]
INFO: [ app_begin ] --END-- [ RunTime:0.000665s ]
SQL: SHOW COLUMNS FROM `warn` [ RunTime:0.0439s ]
SQL: SHOW COLUMNS FROM `warn` [ RunTime:0.0427s ]
NOTIC: [8] Undefined index: id D:\xampp\htdocs\csqx\Admin\Model\WarnModel.class.php 第 104 行.
INFO: [ app_end ] --START--
INFO: Run Behavior\ShowPageTraceBehavior [ RunTime:0.000658s ]
INFO: [ app_end ] --END-- [ RunTime:0.000706s ]

[ 2017-06-16T23:42:03+08:00 ] ::1 /csqx/index.php/admin/warn/passWarn/id/warnlist.html
INFO: [ app_init ] --START--
INFO: Run Behavior\BuildLiteBehavior [ RunTime:0.000017s ]
INFO: [ app_init ] --END-- [ RunTime:0.000854s ]
INFO: [ app_begin ] --START--
INFO: Run Behavior\ReadHtmlCacheBehavior [ RunTime:0.000628s ]
INFO: [ app_begin ] --END-- [ RunTime:0.000677s ]
SQL: SHOW COLUMNS FROM `warn` [ RunTime:0.0446s ]
SQL: SHOW COLUMNS FROM `warn` [ RunTime:0.0445s ]
NOTIC: [8] Undefined index: id D:\xampp\htdocs\csqx\Admin\Model\WarnModel.class.php 第 104 行.
INFO: [ app_end ] --START--
INFO: Run Behavior\ShowPageTraceBehavior [ RunTime:0.000670s ]
INFO: [ app_end ] --END-- [ RunTime:0.000718s ]

[ 2017-06-16T23:42:03+08:00 ] ::1 /csqx/index.php/admin/warn/passWarn/id/warnlist.html
INFO: [ app_init ] --START--
INFO: Run Behavior\BuildLiteBehavior [ RunTime:0.000012s ]
INFO: [ app_init ] --END-- [ RunTime:0.000881s ]
INFO: [ app_begin ] --START--
INFO: Run Behavior\ReadHtmlCacheBehavior [ RunTime:0.000559s ]
INFO: [ app_begin ] --END-- [ RunTime:0.000603s ]
SQL: SHOW COLUMNS FROM `warn` [ RunTime:0.0430s ]
SQL: SHOW COLUMNS FROM `warn` [ RunTime:0.0433s ]
NOTIC: [8] Undefined index: id D:\xampp\htdocs\csqx\Admin\Model\WarnModel.class.php 第 104 行.
INFO: [ app_end ] --START--
INFO: Run Behavior\ShowPageTraceBehavior [ RunTime:0.000624s ]
INFO: [ app_end ] --END-- [ RunTime:0.000663s ]

[ 2017-06-16T23:42:03+08:00 ] ::1 /csqx/index.php/admin/warn/passWarn/id/warnlist.html
INFO: [ app_init ] --START--
INFO: Run Behavior\BuildLiteBehavior [ RunTime:0.000012s ]
INFO: [ app_init ] --END-- [ RunTime:0.000582s ]
INFO: [ app_begin ] --START--
INFO: Run Behavior\ReadHtmlCacheBehavior [ RunTime:0.000604s ]
INFO: [ app_begin ] --END-- [ RunTime:0.000676s ]
SQL: SHOW COLUMNS FROM `warn` [ RunTime:0.0442s ]
SQL: SHOW COLUMNS FROM `warn` [ RunTime:0.0445s ]
NOTIC: [8] Undefined index: id D:\xampp\htdocs\csqx\Admin\Model\WarnModel.class.php 第 104 行.
INFO: [ app_end ] --START--
INFO: Run Behavior\ShowPageTraceBehavior [ RunTime:0.001093s ]
INFO: [ app_end ] --END-- [ RunTime:0.001160s ]

[ 2017-06-16T23:42:03+08:00 ] ::1 /csqx/index.php/admin/warn/passWarn/id/warnlist.html
INFO: [ app_init ] --START--
INFO: Run Behavior\BuildLiteBehavior [ RunTime:0.000012s ]
INFO: [ app_init ] --END-- [ RunTime:0.000382s ]
INFO: [ app_begin ] --START--
INFO: Run Behavior\ReadHtmlCacheBehavior [ RunTime:0.000589s ]
INFO: [ app_begin ] --END-- [ RunTime:0.000633s ]
SQL: SHOW COLUMNS FROM `warn` [ RunTime:0.0430s ]
SQL: SHOW COLUMNS FROM `warn` [ RunTime:0.0445s ]
NOTIC: [8] Undefined index: id D:\xampp\htdocs\csqx\Admin\Model\WarnModel.class.php 第 104 行.
INFO: [ app_end ] --START--
INFO: Run Behavior\ShowPageTraceBehavior [ RunTime:0.003289s ]
INFO: [ app_end ] --END-- [ RunTime:0.003594s ]

[ 2017-06-16T23:42:31+08:00 ] ::1 /csqx/index.php/admin/warn/passWarn/id/48.html
INFO: [ app_init ] --START--
INFO: Run Behavior\BuildLiteBehavior [ RunTime:0.000013s ]
INFO: [ app_init ] --END-- [ RunTime:0.000412s ]
INFO: [ app_begin ] --START--
INFO: Run Behavior\ReadHtmlCacheBehavior [ RunTime:0.001080s ]
INFO: [ app_begin ] --END-- [ RunTime:0.001215s ]

[ 2017-06-16T23:42:46+08:00 ] ::1 /csqx/index.php/admin/warn/passWarn/id/48.html
INFO: [ app_init ] --START--
INFO: Run Behavior\BuildLiteBehavior [ RunTime:0.000011s ]
INFO: [ app_init ] --END-- [ RunTime:0.000517s ]
INFO: [ app_begin ] --START--
INFO: Run Behavior\ReadHtmlCacheBehavior [ RunTime:0.000735s ]
INFO: [ app_begin ] --END-- [ RunTime:0.000815s ]
SQL: SHOW COLUMNS FROM `warn` [ RunTime:0.0429s ]
SQL: SHOW COLUMNS FROM `warn` [ RunTime:0.0427s ]
SQL: UPDATE `warn` SET `now`='PASS' WHERE `id` = 48 [ RunTime:0.0426s ]
INFO: [ app_end ] --START--
INFO: Run Behavior\ShowPageTraceBehavior [ RunTime:0.000746s ]
INFO: [ app_end ] --END-- [ RunTime:0.000793s ]

[ 2017-06-16T23:42:46+08:00 ] ::1 /csqx/index.php/admin/warn/passWarn/id/warnlist.html
INFO: [ app_init ] --START--
INFO: Run Behavior\BuildLiteBehavior [ RunTime:0.000012s ]
INFO: [ app_init ] --END-- [ RunTime:0.000496s ]
INFO: [ app_begin ] --START--
INFO: Run Behavior\ReadHtmlCacheBehavior [ RunTime:0.000651s ]
INFO: [ app_begin ] --END-- [ RunTime:0.000694s ]
SQL: SHOW COLUMNS FROM `warn` [ RunTime:0.0440s ]
SQL: SHOW COLUMNS FROM `warn` [ RunTime:0.0439s ]
SQL: UPDATE `warn` SET `now`='PASS' WHERE `id` = 0 [ RunTime:0.0430s ]
INFO: [ app_end ] --START--
INFO: Run Behavior\ShowPageTraceBehavior [ RunTime:0.000722s ]
INFO: [ app_end ] --END-- [ RunTime:0.000762s ]

[ 2017-06-16T23:42:47+08:00 ] ::1 /csqx/index.php/admin/warn/passWarn/id/warnlist.html
INFO: [ app_init ] --START--
INFO: Run Behavior\BuildLiteBehavior [ RunTime:0.000011s ]
INFO: [ app_init ] --END-- [ RunTime:0.000562s ]
INFO: [ app_begin ] --START--
INFO: Run Behavior\ReadHtmlCacheBehavior [ RunTime:0.000526s ]
INFO: [ app_begin ] --END-- [ RunTime:0.000570s ]
SQL: SHOW COLUMNS FROM `warn` [ RunTime:0.0447s ]
SQL: SHOW COLUMNS FROM `warn` [ RunTime:0.0443s ]
SQL: UPDATE `warn` SET `now`='PASS' WHERE `id` = 0 [ RunTime:0.0441s ]
INFO: [ app_end ] --START--
INFO: Run Behavior\ShowPageTraceBehavior [ RunTime:0.000655s ]
INFO: [ app_end ] --END-- [ RunTime:0.000693s ]

[ 2017-06-16T23:42:47+08:00 ] ::1 /csqx/index.php/admin/warn/passWarn/id/warnlist.html
INFO: [ app_init ] --START--
INFO: Run Behavior\BuildLiteBehavior [ RunTime:0.000012s ]
INFO: [ app_init ] --END-- [ RunTime:0.000608s ]
INFO: [ app_begin ] --START--
INFO: Run Behavior\ReadHtmlCacheBehavior [ RunTime:0.000634s ]
INFO: [ app_begin ] --END-- [ RunTime:0.000677s ]
SQL: SHOW COLUMNS FROM `warn` [ RunTime:0.0446s ]
SQL: SHOW COLUMNS FROM `warn` [ RunTime:0.0448s ]
SQL: UPDATE `warn` SET `now`='PASS' WHERE `id` = 0 [ RunTime:0.0440s ]
INFO: [ app_end ] --START--
INFO: Run Behavior\ShowPageTraceBehavior [ RunTime:0.001937s ]
INFO: [ app_end ] --END-- [ RunTime:0.002077s ]

[ 2017-06-16T23:42:48+08:00 ] ::1 /csqx/index.php/admin/warn/passWarn/id/warnlist.html
INFO: [ app_init ] --START--
INFO: Run Behavior\BuildLiteBehavior [ RunTime:0.000012s ]
INFO: [ app_init ] --END-- [ RunTime:0.000586s ]
INFO: [ app_begin ] --START--
INFO: Run Behavior\ReadHtmlCacheBehavior [ RunTime:0.000584s ]
INFO: [ app_begin ] --END-- [ RunTime:0.000627s ]
SQL: SHOW COLUMNS FROM `warn` [ RunTime:0.0447s ]
SQL: SHOW COLUMNS FROM `warn` [ RunTime:0.0451s ]
SQL: UPDATE `warn` SET `now`='PASS' WHERE `id` = 0 [ RunTime:0.0446s ]
INFO: [ app_end ] --START--
INFO: Run Behavior\ShowPageTraceBehavior [ RunTime:0.000746s ]
INFO: [ app_end ] --END-- [ RunTime:0.000782s ]

[ 2017-06-16T23:42:48+08:00 ] ::1 /csqx/index.php/admin/warn/passWarn/id/warnlist.html
INFO: [ app_init ] --START--
INFO: Run Behavior\BuildLiteBehavior [ RunTime:0.000012s ]
INFO: [ app_init ] --END-- [ RunTime:0.000539s ]
INFO: [ app_begin ] --START--
INFO: Run Behavior\ReadHtmlCacheBehavior [ RunTime:0.000587s ]
INFO: [ app_begin ] --END-- [ RunTime:0.000630s ]
SQL: SHOW COLUMNS FROM `warn` [ RunTime:0.0454s ]
SQL: SHOW COLUMNS FROM `warn` [ RunTime:0.0452s ]
SQL: UPDATE `warn` SET `now`='PASS' WHERE `id` = 0 [ RunTime:0.0438s ]
INFO: [ app_end ] --START--
INFO: Run Behavior\ShowPageTraceBehavior [ RunTime:0.000695s ]
INFO: [ app_end ] --END-- [ RunTime:0.000765s ]

[ 2017-06-16T23:42:48+08:00 ] ::1 /csqx/index.php/admin/warn/passWarn/id/warnlist.html
INFO: [ app_init ] --START--
INFO: Run Behavior\BuildLiteBehavior [ RunTime:0.000012s ]
INFO: [ app_init ] --END-- [ RunTime:0.000420s ]
INFO: [ app_begin ] --START--
INFO: Run Behavior\ReadHtmlCacheBehavior [ RunTime:0.000632s ]
INFO: [ app_begin ] --END-- [ RunTime:0.000674s ]
SQL: SHOW COLUMNS FROM `warn` [ RunTime:0.0448s ]
SQL: SHOW COLUMNS FROM `warn` [ RunTime:0.0448s ]
SQL: UPDATE `warn` SET `now`='PASS' WHERE `id` = 0 [ RunTime:0.0437s ]
INFO: [ app_end ] --START--
INFO: Run Behavior\ShowPageTraceBehavior [ RunTime:0.001571s ]
INFO: [ app_end ] --END-- [ RunTime:0.001656s ]

[ 2017-06-16T23:42:49+08:00 ] ::1 /csqx/index.php/admin/warn/passWarn/id/warnlist.html
INFO: [ app_init ] --START--
INFO: Run Behavior\BuildLiteBehavior [ RunTime:0.000011s ]
INFO: [ app_init ] --END-- [ RunTime:0.000521s ]
INFO: [ app_begin ] --START--
INFO: Run Behavior\ReadHtmlCacheBehavior [ RunTime:0.000547s ]
INFO: [ app_begin ] --END-- [ RunTime:0.000600s ]
SQL: SHOW COLUMNS FROM `warn` [ RunTime:0.0463s ]
SQL: SHOW COLUMNS FROM `warn` [ RunTime:0.0462s ]
SQL: UPDATE `warn` SET `now`='PASS' WHERE `id` = 0 [ RunTime:0.0447s ]
INFO: [ app_end ] --START--
INFO: Run Behavior\ShowPageTraceBehavior [ RunTime:0.000726s ]
INFO: [ app_end ] --END-- [ RunTime:0.000765s ]

[ 2017-06-16T23:42:49+08:00 ] ::1 /csqx/index.php/admin/warn/passWarn/id/warnlist.html
INFO: [ app_init ] --START--
INFO: Run Behavior\BuildLiteBehavior [ RunTime:0.000012s ]
INFO: [ app_init ] --END-- [ RunTime:0.000519s ]
INFO: [ app_begin ] --START--
INFO: Run Behavior\ReadHtmlCacheBehavior [ RunTime:0.000649s ]
INFO: [ app_begin ] --END-- [ RunTime:0.000694s ]
SQL: SHOW COLUMNS FROM `warn` [ RunTime:0.0423s ]
SQL: SHOW COLUMNS FROM `warn` [ RunTime:0.0429s ]
SQL: UPDATE `warn` SET `now`='PASS' WHERE `id` = 0 [ RunTime:0.0422s ]
INFO: [ app_end ] --START--
INFO: Run Behavior\ShowPageTraceBehavior [ RunTime:0.000846s ]
INFO: [ app_end ] --END-- [ RunTime:0.000897s ]

[ 2017-06-16T23:42:49+08:00 ] ::1 /csqx/index.php/admin/warn/passWarn/id/warnlist.html
INFO: [ app_init ] --START--
INFO: Run Behavior\BuildLiteBehavior [ RunTime:0.000018s ]
INFO: [ app_init ] --END-- [ RunTime:0.000506s ]
INFO: [ app_begin ] --START--
INFO: Run Behavior\ReadHtmlCacheBehavior [ RunTime:0.000669s ]
INFO: [ app_begin ] --END-- [ RunTime:0.000734s ]
SQL: SHOW COLUMNS FROM `warn` [ RunTime:0.0457s ]
SQL: SHOW COLUMNS FROM `warn` [ RunTime:0.0455s ]
SQL: UPDATE `warn` SET `now`='PASS' WHERE `id` = 0 [ RunTime:0.0449s ]
INFO: [ app_end ] --START--
INFO: Run Behavior\ShowPageTraceBehavior [ RunTime:0.000612s ]
INFO: [ app_end ] --END-- [ RunTime:0.000657s ]

[ 2017-06-16T23:42:50+08:00 ] ::1 /csqx/index.php/admin/warn/passWarn/id/warnlist.html
INFO: [ app_init ] --START--
INFO: Run Behavior\BuildLiteBehavior [ RunTime:0.000012s ]
INFO: [ app_init ] --END-- [ RunTime:0.000403s ]
INFO: [ app_begin ] --START--
INFO: Run Behavior\ReadHtmlCacheBehavior [ RunTime:0.000598s ]
INFO: [ app_begin ] --END-- [ RunTime:0.000660s ]
SQL: SHOW COLUMNS FROM `warn` [ RunTime:0.0429s ]
SQL: SHOW COLUMNS FROM `warn` [ RunTime:0.0432s ]
SQL: UPDATE `warn` SET `now`='PASS' WHERE `id` = 0 [ RunTime:0.0428s ]
INFO: [ app_end ] --START--
INFO: Run Behavior\ShowPageTraceBehavior [ RunTime:0.001880s ]
INFO: [ app_end ] --END-- [ RunTime:0.002057s ]

[ 2017-06-16T23:42:50+08:00 ] ::1 /csqx/index.php/admin/warn/passWarn/id/warnlist.html
INFO: [ app_init ] --START--
INFO: Run Behavior\BuildLiteBehavior [ RunTime:0.000046s ]
INFO: [ app_init ] --END-- [ RunTime:0.000600s ]
INFO: [ app_begin ] --START--
INFO: Run Behavior\ReadHtmlCacheBehavior [ RunTime:0.001376s ]
INFO: [ app_begin ] --END-- [ RunTime:0.001595s ]
SQL: SHOW COLUMNS FROM `warn` [ RunTime:0.0439s ]
SQL: SHOW COLUMNS FROM `warn` [ RunTime:0.0435s ]
SQL: UPDATE `warn` SET `now`='PASS' WHERE `id` = 0 [ RunTime:0.0421s ]
INFO: [ app_end ] --START--
INFO: Run Behavior\ShowPageTraceBehavior [ RunTime:0.000951s ]
INFO: [ app_end ] --END-- [ RunTime:0.001018s ]

[ 2017-06-16T23:42:50+08:00 ] ::1 /csqx/index.php/admin/warn/passWarn/id/warnlist.html
INFO: [ app_init ] --START--
INFO: Run Behavior\BuildLiteBehavior [ RunTime:0.000012s ]
INFO: [ app_init ] --END-- [ RunTime:0.000513s ]
INFO: [ app_begin ] --START--
INFO: Run Behavior\ReadHtmlCacheBehavior [ RunTime:0.000707s ]
INFO: [ app_begin ] --END-- [ RunTime:0.000794s ]
SQL: SHOW COLUMNS FROM `warn` [ RunTime:0.0449s ]
SQL: SHOW COLUMNS FROM `warn` [ RunTime:0.0445s ]
SQL: UPDATE `warn` SET `now`='PASS' WHERE `id` = 0 [ RunTime:0.0443s ]
INFO: [ app_end ] --START--
INFO: Run Behavior\ShowPageTraceBehavior [ RunTime:0.000696s ]
INFO: [ app_end ] --END-- [ RunTime:0.000734s ]

[ 2017-06-16T23:42:51+08:00 ] ::1 /csqx/index.php/admin/warn/passWarn/id/warnlist.html
INFO: [ app_init ] --START--
INFO: Run Behavior\BuildLiteBehavior [ RunTime:0.000014s ]
INFO: [ app_init ] --END-- [ RunTime:0.000685s ]
INFO: [ app_begin ] --START--
INFO: Run Behavior\ReadHtmlCacheBehavior [ RunTime:0.000942s ]
INFO: [ app_begin ] --END-- [ RunTime:0.001050s ]
SQL: SHOW COLUMNS FROM `warn` [ RunTime:0.0445s ]
SQL: SHOW COLUMNS FROM `warn` [ RunTime:0.0439s ]
SQL: UPDATE `warn` SET `now`='PASS' WHERE `id` = 0 [ RunTime:0.0426s ]
INFO: [ app_end ] --START--
INFO: Run Behavior\ShowPageTraceBehavior [ RunTime:0.000752s ]
INFO: [ app_end ] --END-- [ RunTime:0.000794s ]

[ 2017-06-16T23:42:51+08:00 ] ::1 /csqx/index.php/admin/warn/passWarn/id/warnlist.html
INFO: [ app_init ] --START--
INFO: Run Behavior\BuildLiteBehavior [ RunTime:0.000010s ]
INFO: [ app_init ] --END-- [ RunTime:0.000511s ]
INFO: [ app_begin ] --START--
INFO: Run Behavior\ReadHtmlCacheBehavior [ RunTime:0.000704s ]
INFO: [ app_begin ] --END-- [ RunTime:0.000779s ]
SQL: SHOW COLUMNS FROM `warn` [ RunTime:0.0449s ]
SQL: SHOW COLUMNS FROM `warn` [ RunTime:0.0442s ]
SQL: UPDATE `warn` SET `now`='PASS' WHERE `id` = 0 [ RunTime:0.0435s ]
INFO: [ app_end ] --START--
INFO: Run Behavior\ShowPageTraceBehavior [ RunTime:0.000713s ]
INFO: [ app_end ] --END-- [ RunTime:0.000792s ]

[ 2017-06-16T23:42:51+08:00 ] ::1 /csqx/index.php/admin/warn/passWarn/id/warnlist.html
INFO: [ app_init ] --START--
INFO: Run Behavior\BuildLiteBehavior [ RunTime:0.000014s ]
INFO: [ app_init ] --END-- [ RunTime:0.000571s ]
INFO: [ app_begin ] --START--
INFO: Run Behavior\ReadHtmlCacheBehavior [ RunTime:0.000707s ]
INFO: [ app_begin ] --END-- [ RunTime:0.000761s ]
SQL: SHOW COLUMNS FROM `warn` [ RunTime:0.0453s ]
SQL: SHOW COLUMNS FROM `warn` [ RunTime:0.0456s ]
SQL: UPDATE `warn` SET `now`='PASS' WHERE `id` = 0 [ RunTime:0.0450s ]
INFO: [ app_end ] --START--
INFO: Run Behavior\ShowPageTraceBehavior [ RunTime:0.000901s ]
INFO: [ app_end ] --END-- [ RunTime:0.000954s ]

[ 2017-06-16T23:42:52+08:00 ] ::1 /csqx/index.php/admin/warn/passWarn/id/warnlist.html
INFO: [ app_init ] --START--
INFO: Run Behavior\BuildLiteBehavior [ RunTime:0.000011s ]
INFO: [ app_init ] --END-- [ RunTime:0.000564s ]
INFO: [ app_begin ] --START--
INFO: Run Behavior\ReadHtmlCacheBehavior [ RunTime:0.000599s ]
INFO: [ app_begin ] --END-- [ RunTime:0.000640s ]
SQL: SHOW COLUMNS FROM `warn` [ RunTime:0.0428s ]
SQL: SHOW COLUMNS FROM `warn` [ RunTime:0.0433s ]
SQL: UPDATE `warn` SET `now`='PASS' WHERE `id` = 0 [ RunTime:0.0421s ]
INFO: [ app_end ] --START--
INFO: Run Behavior\ShowPageTraceBehavior [ RunTime:0.000711s ]
INFO: [ app_end ] --END-- [ RunTime:0.000761s ]

[ 2017-06-16T23:42:52+08:00 ] ::1 /csqx/index.php/admin/warn/passWarn/id/warnlist.html
INFO: [ app_init ] --START--
INFO: Run Behavior\BuildLiteBehavior [ RunTime:0.000018s ]
INFO: [ app_init ] --END-- [ RunTime:0.000711s ]
INFO: [ app_begin ] --START--
INFO: Run Behavior\ReadHtmlCacheBehavior [ RunTime:0.000727s ]
INFO: [ app_begin ] --END-- [ RunTime:0.000799s ]
SQL: SHOW COLUMNS FROM `warn` [ RunTime:0.0444s ]
SQL: SHOW COLUMNS FROM `warn` [ RunTime:0.0436s ]
SQL: UPDATE `warn` SET `now`='PASS' WHERE `id` = 0 [ RunTime:0.0432s ]
INFO: [ app_end ] --START--
INFO: Run Behavior\ShowPageTraceBehavior [ RunTime:0.000672s ]
INFO: [ app_end ] --END-- [ RunTime:0.000711s ]

[ 2017-06-16T23:42:52+08:00 ] ::1 /csqx/index.php/admin/warn/passWarn/id/warnlist.html
INFO: [ app_init ] --START--
INFO: Run Behavior\BuildLiteBehavior [ RunTime:0.000014s ]
INFO: [ app_init ] --END-- [ RunTime:0.000539s ]
INFO: [ app_begin ] --START--
INFO: Run Behavior\ReadHtmlCacheBehavior [ RunTime:0.000570s ]
INFO: [ app_begin ] --END-- [ RunTime:0.000625s ]
SQL: SHOW COLUMNS FROM `warn` [ RunTime:0.0427s ]
SQL: SHOW COLUMNS FROM `warn` [ RunTime:0.0424s ]
SQL: UPDATE `warn` SET `now`='PASS' WHERE `id` = 0 [ RunTime:0.0421s ]
INFO: [ app_end ] --START--
INFO: Run Behavior\ShowPageTraceBehavior [ RunTime:0.001224s ]
INFO: [ app_end ] --END-- [ RunTime:0.001306s ]

[ 2017-06-16T23:42:53+08:00 ] ::1 /csqx/index.php/admin/warn/passWarn/id/warnlist.html
INFO: [ app_init ] --START--
INFO: Run Behavior\BuildLiteBehavior [ RunTime:0.000015s ]
INFO: [ app_init ] --END-- [ RunTime:0.000763s ]
INFO: [ app_begin ] --START--
INFO: Run Behavior\ReadHtmlCacheBehavior [ RunTime:0.000738s ]
INFO: [ app_begin ] --END-- [ RunTime:0.000804s ]
SQL: SHOW COLUMNS FROM `warn` [ RunTime:0.0442s ]
SQL: SHOW COLUMNS FROM `warn` [ RunTime:0.0437s ]
SQL: UPDATE `warn` SET `now`='PASS' WHERE `id` = 0 [ RunTime:0.0428s ]
INFO: [ app_end ] --START--
INFO: Run Behavior\ShowPageTraceBehavior [ RunTime:0.000871s ]
INFO: [ app_end ] --END-- [ RunTime:0.000942s ]

[ 2017-06-16T23:42:53+08:00 ] ::1 /csqx/index.php/admin/warn/passWarn/id/warnlist.html
INFO: [ app_init ] --START--
INFO: Run Behavior\BuildLiteBehavior [ RunTime:0.000011s ]
INFO: [ app_init ] --END-- [ RunTime:0.000524s ]
INFO: [ app_begin ] --START--
INFO: Run Behavior\ReadHtmlCacheBehavior [ RunTime:0.000626s ]
INFO: [ app_begin ] --END-- [ RunTime:0.000668s ]
SQL: SHOW COLUMNS FROM `warn` [ RunTime:0.0433s ]
SQL: SHOW COLUMNS FROM `warn` [ RunTime:0.0426s ]
SQL: UPDATE `warn` SET `now`='PASS' WHERE `id` = 0 [ RunTime:0.0423s ]
INFO: [ app_end ] --START--
INFO: Run Behavior\ShowPageTraceBehavior [ RunTime:0.003100s ]
INFO: [ app_end ] --END-- [ RunTime:0.003312s ]

[ 2017-06-16T23:42:54+08:00 ] ::1 /csqx/index.php/admin/warn/passWarn/id/warnlist.html
INFO: [ app_init ] --START--
INFO: Run Behavior\BuildLiteBehavior [ RunTime:0.000012s ]
INFO: [ app_init ] --END-- [ RunTime:0.000543s ]
INFO: [ app_begin ] --START--
INFO: Run Behavior\ReadHtmlCacheBehavior [ RunTime:0.000557s ]
INFO: [ app_begin ] --END-- [ RunTime:0.000606s ]
SQL: SHOW COLUMNS FROM `warn` [ RunTime:0.0424s ]
SQL: SHOW COLUMNS FROM `warn` [ RunTime:0.0424s ]
SQL: UPDATE `warn` SET `now`='PASS' WHERE `id` = 0 [ RunTime:0.0417s ]
INFO: [ app_end ] --START--
INFO: Run Behavior\ShowPageTraceBehavior [ RunTime:0.000706s ]
INFO: [ app_end ] --END-- [ RunTime:0.000791s ]

[ 2017-06-16T23:42:54+08:00 ] ::1 /csqx/index.php/admin/warn/passWarn/id/warnlist.html
INFO: [ app_init ] --START--
INFO: Run Behavior\BuildLiteBehavior [ RunTime:0.000011s ]
INFO: [ app_init ] --END-- [ RunTime:0.000501s ]
INFO: [ app_begin ] --START--
INFO: Run Behavior\ReadHtmlCacheBehavior [ RunTime:0.000818s ]
INFO: [ app_begin ] --END-- [ RunTime:0.000931s ]
SQL: SHOW COLUMNS FROM `warn` [ RunTime:0.0429s ]
SQL: SHOW COLUMNS FROM `warn` [ RunTime:0.0433s ]
SQL: UPDATE `warn` SET `now`='PASS' WHERE `id` = 0 [ RunTime:0.0425s ]
INFO: [ app_end ] --START--
INFO: Run Behavior\ShowPageTraceBehavior [ RunTime:0.000775s ]
INFO: [ app_end ] --END-- [ RunTime:0.000831s ]

[ 2017-06-16T23:42:54+08:00 ] ::1 /csqx/index.php/admin/warn/passWarn/id/warnlist.html
INFO: [ app_init ] --START--
INFO: Run Behavior\BuildLiteBehavior [ RunTime:0.000010s ]
INFO: [ app_init ] --END-- [ RunTime:0.000525s ]
INFO: [ app_begin ] --START--
INFO: Run Behavior\ReadHtmlCacheBehavior [ RunTime:0.000599s ]
INFO: [ app_begin ] --END-- [ RunTime:0.000642s ]
SQL: SHOW COLUMNS FROM `warn` [ RunTime:0.0425s ]
SQL: SHOW COLUMNS FROM `warn` [ RunTime:0.0428s ]
SQL: UPDATE `warn` SET `now`='PASS' WHERE `id` = 0 [ RunTime:0.0421s ]
INFO: [ app_end ] --START--
INFO: Run Behavior\ShowPageTraceBehavior [ RunTime:0.000632s ]
INFO: [ app_end ] --END-- [ RunTime:0.000673s ]

[ 2017-06-16T23:42:55+08:00 ] ::1 /csqx/index.php/admin/warn/passWarn/id/warnlist.html
INFO: [ app_init ] --START--
INFO: Run Behavior\BuildLiteBehavior [ RunTime:0.000011s ]
INFO: [ app_init ] --END-- [ RunTime:0.000613s ]
INFO: [ app_begin ] --START--
INFO: Run Behavior\ReadHtmlCacheBehavior [ RunTime:0.000929s ]
INFO: [ app_begin ] --END-- [ RunTime:0.000999s ]
SQL: SHOW COLUMNS FROM `warn` [ RunTime:0.0439s ]
SQL: SHOW COLUMNS FROM `warn` [ RunTime:0.0438s ]
SQL: UPDATE `warn` SET `now`='PASS' WHERE `id` = 0 [ RunTime:0.0435s ]
INFO: [ app_end ] --START--
INFO: Run Behavior\ShowPageTraceBehavior [ RunTime:0.000922s ]
INFO: [ app_end ] --END-- [ RunTime:0.000972s ]

[ 2017-06-16T23:42:55+08:00 ] ::1 /csqx/index.php/admin/warn/passWarn/id/warnlist.html
INFO: [ app_init ] --START--
INFO: Run Behavior\BuildLiteBehavior [ RunTime:0.000011s ]
INFO: [ app_init ] --END-- [ RunTime:0.000568s ]
INFO: [ app_begin ] --START--
INFO: Run Behavior\ReadHtmlCacheBehavior [ RunTime:0.000592s ]
INFO: [ app_begin ] --END-- [ RunTime:0.000634s ]
SQL: SHOW COLUMNS FROM `warn` [ RunTime:0.0445s ]
SQL: SHOW COLUMNS FROM `warn` [ RunTime:0.0448s ]
SQL: UPDATE `warn` SET `now`='PASS' WHERE `id` = 0 [ RunTime:0.0441s ]
INFO: [ app_end ] --START--
INFO: Run Behavior\ShowPageTraceBehavior [ RunTime:0.000791s ]
INFO: [ app_end ] --END-- [ RunTime:0.000850s ]

[ 2017-06-16T23:42:55+08:00 ] ::1 /csqx/index.php/admin/warn/passWarn/id/warnlist.html
INFO: [ app_init ] --START--
INFO: Run Behavior\BuildLiteBehavior [ RunTime:0.000011s ]
INFO: [ app_init ] --END-- [ RunTime:0.000530s ]
INFO: [ app_begin ] --START--
INFO: Run Behavior\ReadHtmlCacheBehavior [ RunTime:0.000979s ]
INFO: [ app_begin ] --END-- [ RunTime:0.001034s ]
SQL: SHOW COLUMNS FROM `warn` [ RunTime:0.0453s ]
SQL: SHOW COLUMNS FROM `warn` [ RunTime:0.0458s ]
SQL: UPDATE `warn` SET `now`='PASS' WHERE `id` = 0 [ RunTime:0.0449s ]
INFO: [ app_end ] --START--
INFO: Run Behavior\ShowPageTraceBehavior [ RunTime:0.000827s ]
INFO: [ app_end ] --END-- [ RunTime:0.000875s ]

[ 2017-06-16T23:42:56+08:00 ] ::1 /csqx/index.php/admin/warn/passWarn/id/warnlist.html
INFO: [ app_init ] --START--
INFO: Run Behavior\BuildLiteBehavior [ RunTime:0.000012s ]
INFO: [ app_init ] --END-- [ RunTime:0.000376s ]
INFO: [ app_begin ] --START--
INFO: Run Behavior\ReadHtmlCacheBehavior [ RunTime:0.000563s ]
INFO: [ app_begin ] --END-- [ RunTime:0.000608s ]
SQL: SHOW COLUMNS FROM `warn` [ RunTime:0.0448s ]
SQL: SHOW COLUMNS FROM `warn` [ RunTime:0.0447s ]
SQL: UPDATE `warn` SET `now`='PASS' WHERE `id` = 0 [ RunTime:0.0440s ]
INFO: [ app_end ] --START--
INFO: Run Behavior\ShowPageTraceBehavior [ RunTime:0.000799s ]
INFO: [ app_end ] --END-- [ RunTime:0.000851s ]

[ 2017-06-16T23:42:56+08:00 ] ::1 /csqx/index.php/admin/warn/passWarn/id/warnlist.html
INFO: [ app_init ] --START--
INFO: Run Behavior\BuildLiteBehavior [ RunTime:0.000011s ]
INFO: [ app_init ] --END-- [ RunTime:0.000577s ]
INFO: [ app_begin ] --START--
INFO: Run Behavior\ReadHtmlCacheBehavior [ RunTime:0.000511s ]
INFO: [ app_begin ] --END-- [ RunTime:0.000564s ]
SQL: SHOW COLUMNS FROM `warn` [ RunTime:0.0436s ]
SQL: SHOW COLUMNS FROM `warn` [ RunTime:0.0427s ]
SQL: UPDATE `warn` SET `now`='PASS' WHERE `id` = 0 [ RunTime:0.0423s ]
INFO: [ app_end ] --START--
INFO: Run Behavior\ShowPageTraceBehavior [ RunTime:0.000713s ]
INFO: [ app_end ] --END-- [ RunTime:0.000750s ]

[ 2017-06-16T23:42:56+08:00 ] ::1 /csqx/index.php/admin/warn/passWarn/id/warnlist.html
INFO: [ app_init ] --START--
INFO: Run Behavior\BuildLiteBehavior [ RunTime:0.000012s ]
INFO: [ app_init ] --END-- [ RunTime:0.000608s ]
INFO: [ app_begin ] --START--
INFO: Run Behavior\ReadHtmlCacheBehavior [ RunTime:0.000528s ]
INFO: [ app_begin ] --END-- [ RunTime:0.000570s ]
SQL: SHOW COLUMNS FROM `warn` [ RunTime:0.0456s ]
SQL: SHOW COLUMNS FROM `warn` [ RunTime:0.0456s ]
SQL: UPDATE `warn` SET `now`='PASS' WHERE `id` = 0 [ RunTime:0.0451s ]
INFO: [ app_end ] --START--
INFO: Run Behavior\ShowPageTraceBehavior [ RunTime:0.000838s ]
INFO: [ app_end ] --END-- [ RunTime:0.000885s ]

[ 2017-06-16T23:42:57+08:00 ] ::1 /csqx/index.php/admin/warn/passWarn/id/warnlist.html
INFO: [ app_init ] --START--
INFO: Run Behavior\BuildLiteBehavior [ RunTime:0.000020s ]
INFO: [ app_init ] --END-- [ RunTime:0.000599s ]
INFO: [ app_begin ] --START--
INFO: Run Behavior\ReadHtmlCacheBehavior [ RunTime:0.000688s ]
INFO: [ app_begin ] --END-- [ RunTime:0.000738s ]
SQL: SHOW COLUMNS FROM `warn` [ RunTime:0.0427s ]
SQL: SHOW COLUMNS FROM `warn` [ RunTime:0.0428s ]
SQL: UPDATE `warn` SET `now`='PASS' WHERE `id` = 0 [ RunTime:0.0423s ]
INFO: [ app_end ] --START--
INFO: Run Behavior\ShowPageTraceBehavior [ RunTime:0.001433s ]
INFO: [ app_end ] --END-- [ RunTime:0.001520s ]

[ 2017-06-16T23:42:57+08:00 ] ::1 /csqx/index.php/admin/warn/passWarn/id/warnlist.html
INFO: [ app_init ] --START--
INFO: Run Behavior\BuildLiteBehavior [ RunTime:0.000011s ]
INFO: [ app_init ] --END-- [ RunTime:0.000517s ]
INFO: [ app_begin ] --START--
INFO: Run Behavior\ReadHtmlCacheBehavior [ RunTime:0.000602s ]
INFO: [ app_begin ] --END-- [ RunTime:0.000666s ]
SQL: SHOW COLUMNS FROM `warn` [ RunTime:0.0429s ]
SQL: SHOW COLUMNS FROM `warn` [ RunTime:0.0432s ]
SQL: UPDATE `warn` SET `now`='PASS' WHERE `id` = 0 [ RunTime:0.0423s ]
INFO: [ app_end ] --START--
INFO: Run Behavior\ShowPageTraceBehavior [ RunTime:0.000743s ]
INFO: [ app_end ] --END-- [ RunTime:0.000797s ]

[ 2017-06-16T23:42:57+08:00 ] ::1 /csqx/index.php/admin/warn/passWarn/id/warnlist.html
INFO: [ app_init ] --START--
INFO: Run Behavior\BuildLiteBehavior [ RunTime:0.000011s ]
INFO: [ app_init ] --END-- [ RunTime:0.000535s ]
INFO: [ app_begin ] --START--
INFO: Run Behavior\ReadHtmlCacheBehavior [ RunTime:0.000476s ]
INFO: [ app_begin ] --END-- [ RunTime:0.000534s ]
SQL: SHOW COLUMNS FROM `warn` [ RunTime:0.0439s ]
SQL: SHOW COLUMNS FROM `warn` [ RunTime:0.0434s ]
SQL: UPDATE `warn` SET `now`='PASS' WHERE `id` = 0 [ RunTime:0.0428s ]
INFO: [ app_end ] --START--
INFO: Run Behavior\ShowPageTraceBehavior [ RunTime:0.000700s ]
INFO: [ app_end ] --END-- [ RunTime:0.000752s ]

[ 2017-06-16T23:42:58+08:00 ] ::1 /csqx/index.php/admin/warn/passWarn/id/warnlist.html
INFO: [ app_init ] --START--
INFO: Run Behavior\BuildLiteBehavior [ RunTime:0.000011s ]
INFO: [ app_init ] --END-- [ RunTime:0.000535s ]
INFO: [ app_begin ] --START--
INFO: Run Behavior\ReadHtmlCacheBehavior [ RunTime:0.000685s ]
INFO: [ app_begin ] --END-- [ RunTime:0.000735s ]
SQL: SHOW COLUMNS FROM `warn` [ RunTime:0.0459s ]
SQL: SHOW COLUMNS FROM `warn` [ RunTime:0.0455s ]
SQL: UPDATE `warn` SET `now`='PASS' WHERE `id` = 0 [ RunTime:0.0449s ]
INFO: [ app_end ] --START--
INFO: Run Behavior\ShowPageTraceBehavior [ RunTime:0.000775s ]
INFO: [ app_end ] --END-- [ RunTime:0.000812s ]

[ 2017-06-16T23:42:58+08:00 ] ::1 /csqx/index.php/admin/warn/passWarn/id/warnlist.html
INFO: [ app_init ] --START--
INFO: Run Behavior\BuildLiteBehavior [ RunTime:0.000011s ]
INFO: [ app_init ] --END-- [ RunTime:0.000501s ]
INFO: [ app_begin ] --START--
INFO: Run Behavior\ReadHtmlCacheBehavior [ RunTime:0.000616s ]
INFO: [ app_begin ] --END-- [ RunTime:0.000659s ]
SQL: SHOW COLUMNS FROM `warn` [ RunTime:0.0446s ]
SQL: SHOW COLUMNS FROM `warn` [ RunTime:0.0451s ]
SQL: UPDATE `warn` SET `now`='PASS' WHERE `id` = 0 [ RunTime:0.0438s ]
INFO: [ app_end ] --START--
INFO: Run Behavior\ShowPageTraceBehavior [ RunTime:0.000623s ]
INFO: [ app_end ] --END-- [ RunTime:0.000663s ]

[ 2017-06-16T23:42:58+08:00 ] ::1 /csqx/index.php/admin/warn/passWarn/id/warnlist.html
INFO: [ app_init ] --START--
INFO: Run Behavior\BuildLiteBehavior [ RunTime:0.000014s ]
INFO: [ app_init ] --END-- [ RunTime:0.000574s ]
INFO: [ app_begin ] --START--
INFO: Run Behavior\ReadHtmlCacheBehavior [ RunTime:0.000706s ]
INFO: [ app_begin ] --END-- [ RunTime:0.000771s ]
SQL: SHOW COLUMNS FROM `warn` [ RunTime:0.0439s ]
SQL: SHOW COLUMNS FROM `warn` [ RunTime:0.0439s ]
SQL: UPDATE `warn` SET `now`='PASS' WHERE `id` = 0 [ RunTime:0.0428s ]
INFO: [ app_end ] --START--
INFO: Run Behavior\ShowPageTraceBehavior [ RunTime:0.000701s ]
INFO: [ app_end ] --END-- [ RunTime:0.000759s ]

[ 2017-06-16T23:43:23+08:00 ] ::1 /csqx/index.php/admin/warn/passWarn/id/49.html
INFO: [ app_init ] --START--
INFO: Run Behavior\BuildLiteBehavior [ RunTime:0.000012s ]
INFO: [ app_init ] --END-- [ RunTime:0.000480s ]
INFO: [ app_begin ] --START--
INFO: Run Behavior\ReadHtmlCacheBehavior [ RunTime:0.000675s ]
INFO: [ app_begin ] --END-- [ RunTime:0.000724s ]
SQL: SHOW COLUMNS FROM `warn` [ RunTime:0.0452s ]
SQL: SHOW COLUMNS FROM `warn` [ RunTime:0.0444s ]
SQL: UPDATE `warn` SET `now`='PASS' WHERE `id` = 49 [ RunTime:0.0442s ]
INFO: [ app_end ] --START--
INFO: Run Behavior\ShowPageTraceBehavior [ RunTime:0.000610s ]
INFO: [ app_end ] --END-- [ RunTime:0.000647s ]

[ 2017-06-16T23:43:23+08:00 ] ::1 /csqx/index.php/admin/warn/passWarn/id/warnlist.html
INFO: [ app_init ] --START--
INFO: Run Behavior\BuildLiteBehavior [ RunTime:0.000012s ]
INFO: [ app_init ] --END-- [ RunTime:0.000483s ]
INFO: [ app_begin ] --START--
INFO: Run Behavior\ReadHtmlCacheBehavior [ RunTime:0.000612s ]
INFO: [ app_begin ] --END-- [ RunTime:0.000680s ]
SQL: SHOW COLUMNS FROM `warn` [ RunTime:0.0445s ]
SQL: SHOW COLUMNS FROM `warn` [ RunTime:0.0443s ]
SQL: UPDATE `warn` SET `now`='PASS' WHERE `id` = 0 [ RunTime:0.0438s ]
INFO: [ app_end ] --START--
INFO: Run Behavior\ShowPageTraceBehavior [ RunTime:0.001274s ]
INFO: [ app_end ] --END-- [ RunTime:0.001377s ]

[ 2017-06-16T23:43:23+08:00 ] ::1 /csqx/index.php/admin/warn/passWarn/id/warnlist.html
INFO: [ app_init ] --START--
INFO: Run Behavior\BuildLiteBehavior [ RunTime:0.000011s ]
INFO: [ app_init ] --END-- [ RunTime:0.000527s ]
INFO: [ app_begin ] --START--
INFO: Run Behavior\ReadHtmlCacheBehavior [ RunTime:0.000712s ]
INFO: [ app_begin ] --END-- [ RunTime:0.000778s ]
SQL: SHOW COLUMNS FROM `warn` [ RunTime:0.0425s ]
SQL: SHOW COLUMNS FROM `warn` [ RunTime:0.0430s ]
SQL: UPDATE `warn` SET `now`='PASS' WHERE `id` = 0 [ RunTime:0.0426s ]
INFO: [ app_end ] --START--
INFO: Run Behavior\ShowPageTraceBehavior [ RunTime:0.000777s ]
INFO: [ app_end ] --END-- [ RunTime:0.000824s ]

[ 2017-06-16T23:43:24+08:00 ] ::1 /csqx/index.php/admin/warn/passWarn/id/warnlist.html
INFO: [ app_init ] --START--
INFO: Run Behavior\BuildLiteBehavior [ RunTime:0.000014s ]
INFO: [ app_init ] --END-- [ RunTime:0.000492s ]
INFO: [ app_begin ] --START--
INFO: Run Behavior\ReadHtmlCacheBehavior [ RunTime:0.000723s ]
INFO: [ app_begin ] --END-- [ RunTime:0.000778s ]
SQL: SHOW COLUMNS FROM `warn` [ RunTime:0.0443s ]
SQL: SHOW COLUMNS FROM `warn` [ RunTime:0.0449s ]
SQL: UPDATE `warn` SET `now`='PASS' WHERE `id` = 0 [ RunTime:0.0441s ]
INFO: [ app_end ] --START--
INFO: Run Behavior\ShowPageTraceBehavior [ RunTime:0.003150s ]
INFO: [ app_end ] --END-- [ RunTime:0.003412s ]

[ 2017-06-16T23:43:24+08:00 ] ::1 /csqx/index.php/admin/warn/passWarn/id/warnlist.html
INFO: [ app_init ] --START--
INFO: Run Behavior\BuildLiteBehavior [ RunTime:0.000011s ]
INFO: [ app_init ] --END-- [ RunTime:0.000559s ]
INFO: [ app_begin ] --START--
INFO: Run Behavior\ReadHtmlCacheBehavior [ RunTime:0.000531s ]
INFO: [ app_begin ] --END-- [ RunTime:0.000574s ]
SQL: SHOW COLUMNS FROM `warn` [ RunTime:0.0435s ]
SQL: SHOW COLUMNS FROM `warn` [ RunTime:0.0442s ]
SQL: UPDATE `warn` SET `now`='PASS' WHERE `id` = 0 [ RunTime:0.0434s ]
INFO: [ app_end ] --START--
INFO: Run Behavior\ShowPageTraceBehavior [ RunTime:0.002151s ]
INFO: [ app_end ] --END-- [ RunTime:0.002293s ]

[ 2017-06-16T23:43:24+08:00 ] ::1 /csqx/index.php/admin/warn/passWarn/id/warnlist.html
INFO: [ app_init ] --START--
INFO: Run Behavior\BuildLiteBehavior [ RunTime:0.000012s ]
INFO: [ app_init ] --END-- [ RunTime:0.000536s ]
INFO: [ app_begin ] --START--
INFO: Run Behavior\ReadHtmlCacheBehavior [ RunTime:0.000636s ]
INFO: [ app_begin ] --END-- [ RunTime:0.000704s ]
SQL: SHOW COLUMNS FROM `warn` [ RunTime:0.0451s ]
SQL: SHOW COLUMNS FROM `warn` [ RunTime:0.0447s ]
SQL: UPDATE `warn` SET `now`='PASS' WHERE `id` = 0 [ RunTime:0.0437s ]
INFO: [ app_end ] --START--
INFO: Run Behavior\ShowPageTraceBehavior [ RunTime:0.001170s ]
INFO: [ app_end ] --END-- [ RunTime:0.001247s ]

[ 2017-06-16T23:43:25+08:00 ] ::1 /csqx/index.php/admin/warn/passWarn/id/warnlist.html
INFO: [ app_init ] --START--
INFO: Run Behavior\BuildLiteBehavior [ RunTime:0.000011s ]
INFO: [ app_init ] --END-- [ RunTime:0.000503s ]
INFO: [ app_begin ] --START--
INFO: Run Behavior\ReadHtmlCacheBehavior [ RunTime:0.000556s ]
INFO: [ app_begin ] --END-- [ RunTime:0.000598s ]
SQL: SHOW COLUMNS FROM `warn` [ RunTime:0.0444s ]
SQL: SHOW COLUMNS FROM `warn` [ RunTime:0.0437s ]
SQL: UPDATE `warn` SET `now`='PASS' WHERE `id` = 0 [ RunTime:0.0433s ]
INFO: [ app_end ] --START--
INFO: Run Behavior\ShowPageTraceBehavior [ RunTime:0.003632s ]
INFO: [ app_end ] --END-- [ RunTime:0.004297s ]

[ 2017-06-16T23:43:25+08:00 ] ::1 /csqx/index.php/admin/warn/passWarn/id/warnlist.html
INFO: [ app_init ] --START--
INFO: Run Behavior\BuildLiteBehavior [ RunTime:0.000011s ]
INFO: [ app_init ] --END-- [ RunTime:0.000512s ]
INFO: [ app_begin ] --START--
INFO: Run Behavior\ReadHtmlCacheBehavior [ RunTime:0.000590s ]
INFO: [ app_begin ] --END-- [ RunTime:0.000635s ]
SQL: SHOW COLUMNS FROM `warn` [ RunTime:0.0450s ]
SQL: SHOW COLUMNS FROM `warn` [ RunTime:0.0433s ]
SQL: UPDATE `warn` SET `now`='PASS' WHERE `id` = 0 [ RunTime:0.0421s ]
INFO: [ app_end ] --START--
INFO: Run Behavior\ShowPageTraceBehavior [ RunTime:0.000745s ]
INFO: [ app_end ] --END-- [ RunTime:0.000784s ]

[ 2017-06-16T23:43:35+08:00 ] ::1 /csqx/index.php/admin/warn/passWarn/id/51.html
INFO: [ app_init ] --START--
INFO: Run Behavior\BuildLiteBehavior [ RunTime:0.000012s ]
INFO: [ app_init ] --END-- [ RunTime:0.000576s ]
INFO: [ app_begin ] --START--
INFO: Run Behavior\ReadHtmlCacheBehavior [ RunTime:0.000594s ]
INFO: [ app_begin ] --END-- [ RunTime:0.000634s ]
SQL: SHOW COLUMNS FROM `warn` [ RunTime:0.0454s ]
SQL: SHOW COLUMNS FROM `warn` [ RunTime:0.0453s ]
SQL: UPDATE `warn` SET `now`='PASS' WHERE `id` = 51 [ RunTime:0.0444s ]
INFO: [ app_end ] --START--
INFO: Run Behavior\ShowPageTraceBehavior [ RunTime:0.002780s ]
INFO: [ app_end ] --END-- [ RunTime:0.002984s ]

[ 2017-06-16T23:43:35+08:00 ] ::1 /csqx/index.php/admin/warn/passWarn/warnlist.html
INFO: [ app_init ] --START--
INFO: Run Behavior\BuildLiteBehavior [ RunTime:0.000011s ]
INFO: [ app_init ] --END-- [ RunTime:0.000529s ]
INFO: [ app_begin ] --START--
INFO: Run Behavior\ReadHtmlCacheBehavior [ RunTime:0.000681s ]
INFO: [ app_begin ] --END-- [ RunTime:0.000748s ]
SQL: SHOW COLUMNS FROM `warn` [ RunTime:0.0454s ]
SQL: SHOW COLUMNS FROM `warn` [ RunTime:0.0458s ]
NOTIC: [8] Undefined index: id D:\xampp\htdocs\csqx\Admin\Model\WarnModel.class.php 第 104 行.
INFO: [ app_end ] --START--
INFO: Run Behavior\ShowPageTraceBehavior [ RunTime:0.000805s ]
INFO: [ app_end ] --END-- [ RunTime:0.000856s ]

[ 2017-06-16T23:43:35+08:00 ] ::1 /csqx/index.php/admin/warn/warnlist.html
INFO: [ app_init ] --START--
INFO: Run Behavior\BuildLiteBehavior [ RunTime:0.000012s ]
INFO: [ app_init ] --END-- [ RunTime:0.000598s ]
INFO: [ app_begin ] --START--
INFO: Run Behavior\ReadHtmlCacheBehavior [ RunTime:0.000522s ]
INFO: [ app_begin ] --END-- [ RunTime:0.000563s ]
SQL: SHOW COLUMNS FROM `warn` [ RunTime:0.0430s ]
SQL: SHOW COLUMNS FROM `warn` [ RunTime:0.0424s ]
SQL: SELECT * FROM `warn` WHERE ( city='all' AND now='NOW' )  [ RunTime:0.0424s ]
SQL: SELECT * FROM `warn` WHERE ( now='NOW' AND city!='all' )  [ RunTime:0.0428s ]
INFO: [ view_parse ] --START--
INFO: [ template_filter ] --START--
INFO: Run Behavior\ContentReplaceBehavior [ RunTime:0.000096s ]
INFO: [ template_filter ] --END-- [ RunTime:0.000193s ]
NOTIC: [8] Use of undefined constant id - assumed 'id' D:\xampp\htdocs\csqx\Runtime\Cache\Admin\8f3ce6564fe3e0828521e5cce9f3aabe.php 第 73 行.
NOTIC: [8] Use of undefined constant id - assumed 'id' D:\xampp\htdocs\csqx\Runtime\Cache\Admin\8f3ce6564fe3e0828521e5cce9f3aabe.php 第 73 行.
NOTIC: [8] Use of undefined constant id - assumed 'id' D:\xampp\htdocs\csqx\Runtime\Cache\Admin\8f3ce6564fe3e0828521e5cce9f3aabe.php 第 73 行.
NOTIC: [8] Use of undefined constant id - assumed 'id' D:\xampp\htdocs\csqx\Runtime\Cache\Admin\8f3ce6564fe3e0828521e5cce9f3aabe.php 第 73 行.
NOTIC: [8] Use of undefined constant id - assumed 'id' D:\xampp\htdocs\csqx\Runtime\Cache\Admin\8f3ce6564fe3e0828521e5cce9f3aabe.php 第 73 行.
NOTIC: [8] Use of undefined constant id - assumed 'id' D:\xampp\htdocs\csqx\Runtime\Cache\Admin\8f3ce6564fe3e0828521e5cce9f3aabe.php 第 73 行.
INFO: Run Behavior\ParseTemplateBehavior [ RunTime:0.026366s ]
INFO: [ view_parse ] --END-- [ RunTime:0.026568s ]
INFO: [ view_filter ] --START--
INFO: Run Behavior\WriteHtmlCacheBehavior [ RunTime:0.000826s ]
INFO: [ view_filter ] --END-- [ RunTime:0.000892s ]
INFO: [ app_end ] --START--
INFO: Run Behavior\ShowPageTraceBehavior [ RunTime:0.000852s ]
INFO: [ app_end ] --END-- [ RunTime:0.000909s ]

[ 2017-06-16T23:43:39+08:00 ] ::1 /csqx/index.php/admin/warn/passWarn/id/47.html
INFO: [ app_init ] --START--
INFO: Run Behavior\BuildLiteBehavior [ RunTime:0.000012s ]
INFO: [ app_init ] --END-- [ RunTime:0.000530s ]
INFO: [ app_begin ] --START--
INFO: Run Behavior\ReadHtmlCacheBehavior [ RunTime:0.000608s ]
INFO: [ app_begin ] --END-- [ RunTime:0.000653s ]
SQL: SHOW COLUMNS FROM `warn` [ RunTime:0.0453s ]
SQL: SHOW COLUMNS FROM `warn` [ RunTime:0.0446s ]
SQL: UPDATE `warn` SET `now`='PASS' WHERE `id` = 47 [ RunTime:0.0443s ]
INFO: [ app_end ] --START--
INFO: Run Behavior\ShowPageTraceBehavior [ RunTime:0.000717s ]
INFO: [ app_end ] --END-- [ RunTime:0.000755s ]

[ 2017-06-16T23:43:39+08:00 ] ::1 /csqx/index.php/admin/warn/passWarn/warnlist.html
INFO: [ app_init ] --START--
INFO: Run Behavior\BuildLiteBehavior [ RunTime:0.000012s ]
INFO: [ app_init ] --END-- [ RunTime:0.000528s ]
INFO: [ app_begin ] --START--
INFO: Run Behavior\ReadHtmlCacheBehavior [ RunTime:0.000592s ]
INFO: [ app_begin ] --END-- [ RunTime:0.000638s ]
SQL: SHOW COLUMNS FROM `warn` [ RunTime:0.0438s ]
SQL: SHOW COLUMNS FROM `warn` [ RunTime:0.0446s ]
NOTIC: [8] Undefined index: id D:\xampp\htdocs\csqx\Admin\Model\WarnModel.class.php 第 104 行.
INFO: [ app_end ] --START--
INFO: Run Behavior\ShowPageTraceBehavior [ RunTime:0.000784s ]
INFO: [ app_end ] --END-- [ RunTime:0.000841s ]

[ 2017-06-16T23:43:40+08:00 ] ::1 /csqx/index.php/admin/warn/warnlist.html
INFO: [ app_init ] --START--
INFO: Run Behavior\BuildLiteBehavior [ RunTime:0.000013s ]
INFO: [ app_init ] --END-- [ RunTime:0.000501s ]
INFO: [ app_begin ] --START--
INFO: Run Behavior\ReadHtmlCacheBehavior [ RunTime:0.000790s ]
INFO: [ app_begin ] --END-- [ RunTime:0.000858s ]
SQL: SHOW COLUMNS FROM `warn` [ RunTime:0.0434s ]
SQL: SHOW COLUMNS FROM `warn` [ RunTime:0.0437s ]
SQL: SELECT * FROM `warn` WHERE ( city='all' AND now='NOW' )  [ RunTime:0.0432s ]
SQL: SELECT * FROM `warn` WHERE ( now='NOW' AND city!='all' )  [ RunTime:0.0428s ]
INFO: [ view_parse ] --START--
INFO: [ template_filter ] --START--
INFO: Run Behavior\ContentReplaceBehavior [ RunTime:0.000040s ]
INFO: [ template_filter ] --END-- [ RunTime:0.000084s ]
NOTIC: [8] Use of undefined constant id - assumed 'id' D:\xampp\htdocs\csqx\Runtime\Cache\Admin\8f3ce6564fe3e0828521e5cce9f3aabe.php 第 73 行.
NOTIC: [8] Use of undefined constant id - assumed 'id' D:\xampp\htdocs\csqx\Runtime\Cache\Admin\8f3ce6564fe3e0828521e5cce9f3aabe.php 第 73 行.
NOTIC: [8] Use of undefined constant id - assumed 'id' D:\xampp\htdocs\csqx\Runtime\Cache\Admin\8f3ce6564fe3e0828521e5cce9f3aabe.php 第 73 行.
NOTIC: [8] Use of undefined constant id - assumed 'id' D:\xampp\htdocs\csqx\Runtime\Cache\Admin\8f3ce6564fe3e0828521e5cce9f3aabe.php 第 73 行.
NOTIC: [8] Use of undefined constant id - assumed 'id' D:\xampp\htdocs\csqx\Runtime\Cache\Admin\8f3ce6564fe3e0828521e5cce9f3aabe.php 第 73 行.
INFO: Run Behavior\ParseTemplateBehavior [ RunTime:0.007784s ]
INFO: [ view_parse ] --END-- [ RunTime:0.007838s ]
INFO: [ view_filter ] --START--
INFO: Run Behavior\WriteHtmlCacheBehavior [ RunTime:0.000459s ]
INFO: [ view_filter ] --END-- [ RunTime:0.000493s ]
INFO: [ app_end ] --START--
INFO: Run Behavior\ShowPageTraceBehavior [ RunTime:0.000626s ]
INFO: [ app_end ] --END-- [ RunTime:0.000663s ]

[ 2017-06-16T23:43:42+08:00 ] ::1 /csqx/index.php/admin/warn/passWarn/id/53.html
INFO: [ app_init ] --START--
INFO: Run Behavior\BuildLiteBehavior [ RunTime:0.000012s ]
INFO: [ app_init ] --END-- [ RunTime:0.000402s ]
INFO: [ app_begin ] --START--
INFO: Run Behavior\ReadHtmlCacheBehavior [ RunTime:0.000470s ]
INFO: [ app_begin ] --END-- [ RunTime:0.000518s ]
SQL: SHOW COLUMNS FROM `warn` [ RunTime:0.0446s ]
SQL: SHOW COLUMNS FROM `warn` [ RunTime:0.0438s ]
SQL: UPDATE `warn` SET `now`='PASS' WHERE `id` = 53 [ RunTime:0.0434s ]
INFO: [ app_end ] --START--
INFO: Run Behavior\ShowPageTraceBehavior [ RunTime:0.000723s ]
INFO: [ app_end ] --END-- [ RunTime:0.000781s ]

[ 2017-06-16T23:43:42+08:00 ] ::1 /csqx/index.php/admin/warn/passWarn/warnlist.html
INFO: [ app_init ] --START--
INFO: Run Behavior\BuildLiteBehavior [ RunTime:0.000011s ]
INFO: [ app_init ] --END-- [ RunTime:0.000563s ]
INFO: [ app_begin ] --START--
INFO: Run Behavior\ReadHtmlCacheBehavior [ RunTime:0.000583s ]
INFO: [ app_begin ] --END-- [ RunTime:0.000625s ]
SQL: SHOW COLUMNS FROM `warn` [ RunTime:0.0438s ]
SQL: SHOW COLUMNS FROM `warn` [ RunTime:0.0434s ]
NOTIC: [8] Undefined index: id D:\xampp\htdocs\csqx\Admin\Model\WarnModel.class.php 第 104 行.
INFO: [ app_end ] --START--
INFO: Run Behavior\ShowPageTraceBehavior [ RunTime:0.000801s ]
INFO: [ app_end ] --END-- [ RunTime:0.000840s ]

[ 2017-06-16T23:43:43+08:00 ] ::1 /csqx/index.php/admin/warn/warnlist.html
INFO: [ app_init ] --START--
INFO: Run Behavior\BuildLiteBehavior [ RunTime:0.000020s ]
INFO: [ app_init ] --END-- [ RunTime:0.000622s ]
INFO: [ app_begin ] --START--
INFO: Run Behavior\ReadHtmlCacheBehavior [ RunTime:0.000888s ]
INFO: [ app_begin ] --END-- [ RunTime:0.000989s ]
SQL: SHOW COLUMNS FROM `warn` [ RunTime:0.0437s ]
SQL: SHOW COLUMNS FROM `warn` [ RunTime:0.0441s ]
SQL: SELECT * FROM `warn` WHERE ( city='all' AND now='NOW' )  [ RunTime:0.0430s ]
SQL: SELECT * FROM `warn` WHERE ( now='NOW' AND city!='all' )  [ RunTime:0.0437s ]
INFO: [ view_parse ] --START--
INFO: [ template_filter ] --START--
INFO: Run Behavior\ContentReplaceBehavior [ RunTime:0.000038s ]
INFO: [ template_filter ] --END-- [ RunTime:0.000080s ]
NOTIC: [8] Use of undefined constant id - assumed 'id' D:\xampp\htdocs\csqx\Runtime\Cache\Admin\8f3ce6564fe3e0828521e5cce9f3aabe.php 第 73 行.
NOTIC: [8] Use of undefined constant id - assumed 'id' D:\xampp\htdocs\csqx\Runtime\Cache\Admin\8f3ce6564fe3e0828521e5cce9f3aabe.php 第 73 行.
NOTIC: [8] Use of undefined constant id - assumed 'id' D:\xampp\htdocs\csqx\Runtime\Cache\Admin\8f3ce6564fe3e0828521e5cce9f3aabe.php 第 73 行.
NOTIC: [8] Use of undefined constant id - assumed 'id' D:\xampp\htdocs\csqx\Runtime\Cache\Admin\8f3ce6564fe3e0828521e5cce9f3aabe.php 第 73 行.
INFO: Run Behavior\ParseTemplateBehavior [ RunTime:0.007154s ]
INFO: [ view_parse ] --END-- [ RunTime:0.007205s ]
INFO: [ view_filter ] --START--
INFO: Run Behavior\WriteHtmlCacheBehavior [ RunTime:0.000333s ]
INFO: [ view_filter ] --END-- [ RunTime:0.000369s ]
INFO: [ app_end ] --START--
INFO: Run Behavior\ShowPageTraceBehavior [ RunTime:0.000512s ]
INFO: [ app_end ] --END-- [ RunTime:0.000552s ]

[ 2017-06-16T23:43:48+08:00 ] ::1 /csqx/index.php/admin/warn/passWarn/id/52.html
INFO: [ app_init ] --START--
INFO: Run Behavior\BuildLiteBehavior [ RunTime:0.000011s ]
INFO: [ app_init ] --END-- [ RunTime:0.000538s ]
INFO: [ app_begin ] --START--
INFO: Run Behavior\ReadHtmlCacheBehavior [ RunTime:0.000605s ]
INFO: [ app_begin ] --END-- [ RunTime:0.000649s ]
SQL: SHOW COLUMNS FROM `warn` [ RunTime:0.0444s ]
SQL: SHOW COLUMNS FROM `warn` [ RunTime:0.0453s ]
SQL: UPDATE `warn` SET `now`='PASS' WHERE `id` = 52 [ RunTime:0.0446s ]
INFO: [ app_end ] --START--
INFO: Run Behavior\ShowPageTraceBehavior [ RunTime:0.002727s ]
INFO: [ app_end ] --END-- [ RunTime:0.002933s ]

[ 2017-06-16T23:43:48+08:00 ] ::1 /csqx/index.php/admin/warn/passWarn/warnlist.html
INFO: [ app_init ] --START--
INFO: Run Behavior\BuildLiteBehavior [ RunTime:0.000012s ]
INFO: [ app_init ] --END-- [ RunTime:0.000606s ]
INFO: [ app_begin ] --START--
INFO: Run Behavior\ReadHtmlCacheBehavior [ RunTime:0.000638s ]
INFO: [ app_begin ] --END-- [ RunTime:0.000681s ]
SQL: SHOW COLUMNS FROM `warn` [ RunTime:0.0436s ]
SQL: SHOW COLUMNS FROM `warn` [ RunTime:0.0435s ]
NOTIC: [8] Undefined index: id D:\xampp\htdocs\csqx\Admin\Model\WarnModel.class.php 第 104 行.
INFO: [ app_end ] --START--
INFO: Run Behavior\ShowPageTraceBehavior [ RunTime:0.001014s ]
INFO: [ app_end ] --END-- [ RunTime:0.001079s ]

[ 2017-06-16T23:43:48+08:00 ] ::1 /csqx/index.php/admin/warn/warnlist.html
INFO: [ app_init ] --START--
INFO: Run Behavior\BuildLiteBehavior [ RunTime:0.000025s ]
INFO: [ app_init ] --END-- [ RunTime:0.000552s ]
INFO: [ app_begin ] --START--
INFO: Run Behavior\ReadHtmlCacheBehavior [ RunTime:0.000638s ]
INFO: [ app_begin ] --END-- [ RunTime:0.000688s ]
SQL: SHOW COLUMNS FROM `warn` [ RunTime:0.0426s ]
SQL: SHOW COLUMNS FROM `warn` [ RunTime:0.0429s ]
SQL: SELECT * FROM `warn` WHERE ( city='all' AND now='NOW' )  [ RunTime:0.0429s ]
SQL: SELECT * FROM `warn` WHERE ( now='NOW' AND city!='all' )  [ RunTime:0.0425s ]
INFO: [ view_parse ] --START--
INFO: [ template_filter ] --START--
INFO: Run Behavior\ContentReplaceBehavior [ RunTime:0.000043s ]
INFO: [ template_filter ] --END-- [ RunTime:0.000091s ]
NOTIC: [8] Use of undefined constant id - assumed 'id' D:\xampp\htdocs\csqx\Runtime\Cache\Admin\8f3ce6564fe3e0828521e5cce9f3aabe.php 第 73 行.
NOTIC: [8] Use of undefined constant id - assumed 'id' D:\xampp\htdocs\csqx\Runtime\Cache\Admin\8f3ce6564fe3e0828521e5cce9f3aabe.php 第 73 行.
NOTIC: [8] Use of undefined constant id - assumed 'id' D:\xampp\htdocs\csqx\Runtime\Cache\Admin\8f3ce6564fe3e0828521e5cce9f3aabe.php 第 73 行.
INFO: Run Behavior\ParseTemplateBehavior [ RunTime:0.008295s ]
INFO: [ view_parse ] --END-- [ RunTime:0.008351s ]
INFO: [ view_filter ] --START--
INFO: Run Behavior\WriteHtmlCacheBehavior [ RunTime:0.000511s ]
INFO: [ view_filter ] --END-- [ RunTime:0.000570s ]
INFO: [ app_end ] --START--
INFO: Run Behavior\ShowPageTraceBehavior [ RunTime:0.000730s ]
INFO: [ app_end ] --END-- [ RunTime:0.000776s ]

[ 2017-06-16T23:43:50+08:00 ] ::1 /csqx/index.php/admin/warn/passWarn/id/54.html
INFO: [ app_init ] --START--
INFO: Run Behavior\BuildLiteBehavior [ RunTime:0.000011s ]
INFO: [ app_init ] --END-- [ RunTime:0.000380s ]
INFO: [ app_begin ] --START--
INFO: Run Behavior\ReadHtmlCacheBehavior [ RunTime:0.000443s ]
INFO: [ app_begin ] --END-- [ RunTime:0.000486s ]
SQL: SHOW COLUMNS FROM `warn` [ RunTime:0.0433s ]
SQL: SHOW COLUMNS FROM `warn` [ RunTime:0.0431s ]
SQL: UPDATE `warn` SET `now`='PASS' WHERE `id` = 54 [ RunTime:0.0423s ]
INFO: [ app_end ] --START--
INFO: Run Behavior\ShowPageTraceBehavior [ RunTime:0.000616s ]
INFO: [ app_end ] --END-- [ RunTime:0.000664s ]

[ 2017-06-16T23:43:51+08:00 ] ::1 /csqx/index.php/admin/warn/passWarn/warnlist.html
INFO: [ app_init ] --START--
INFO: Run Behavior\BuildLiteBehavior [ RunTime:0.000013s ]
INFO: [ app_init ] --END-- [ RunTime:0.000610s ]
INFO: [ app_begin ] --START--
INFO: Run Behavior\ReadHtmlCacheBehavior [ RunTime:0.001055s ]
INFO: [ app_begin ] --END-- [ RunTime:0.001148s ]
SQL: SHOW COLUMNS FROM `warn` [ RunTime:0.0438s ]
SQL: SHOW COLUMNS FROM `warn` [ RunTime:0.0436s ]
NOTIC: [8] Undefined index: id D:\xampp\htdocs\csqx\Admin\Model\WarnModel.class.php 第 104 行.
INFO: [ app_end ] --START--
INFO: Run Behavior\ShowPageTraceBehavior [ RunTime:0.000810s ]
INFO: [ app_end ] --END-- [ RunTime:0.000849s ]

[ 2017-06-16T23:43:51+08:00 ] ::1 /csqx/index.php/admin/warn/warnlist.html
INFO: [ app_init ] --START--
INFO: Run Behavior\BuildLiteBehavior [ RunTime:0.000014s ]
INFO: [ app_init ] --END-- [ RunTime:0.000638s ]
INFO: [ app_begin ] --START--
INFO: Run Behavior\ReadHtmlCacheBehavior [ RunTime:0.000852s ]
INFO: [ app_begin ] --END-- [ RunTime:0.000970s ]
SQL: SHOW COLUMNS FROM `warn` [ RunTime:0.0424s ]
SQL: SHOW COLUMNS FROM `warn` [ RunTime:0.0426s ]
SQL: SELECT * FROM `warn` WHERE ( city='all' AND now='NOW' )  [ RunTime:0.0413s ]
SQL: SELECT * FROM `warn` WHERE ( now='NOW' AND city!='all' )  [ RunTime:0.0419s ]
INFO: [ view_parse ] --START--
INFO: [ template_filter ] --START--
INFO: Run Behavior\ContentReplaceBehavior [ RunTime:0.000052s ]
INFO: [ template_filter ] --END-- [ RunTime:0.000111s ]
NOTIC: [8] Use of undefined constant id - assumed 'id' D:\xampp\htdocs\csqx\Runtime\Cache\Admin\8f3ce6564fe3e0828521e5cce9f3aabe.php 第 73 行.
NOTIC: [8] Use of undefined constant id - assumed 'id' D:\xampp\htdocs\csqx\Runtime\Cache\Admin\8f3ce6564fe3e0828521e5cce9f3aabe.php 第 73 行.
INFO: Run Behavior\ParseTemplateBehavior [ RunTime:0.010017s ]
INFO: [ view_parse ] --END-- [ RunTime:0.010102s ]
INFO: [ view_filter ] --START--
INFO: Run Behavior\WriteHtmlCacheBehavior [ RunTime:0.000418s ]
INFO: [ view_filter ] --END-- [ RunTime:0.000462s ]
INFO: [ app_end ] --START--
INFO: Run Behavior\ShowPageTraceBehavior [ RunTime:0.000744s ]
INFO: [ app_end ] --END-- [ RunTime:0.000802s ]

[ 2017-06-16T23:43:52+08:00 ] ::1 /csqx/index.php/admin/warn/passWarn/id/55.html
INFO: [ app_init ] --START--
INFO: Run Behavior\BuildLiteBehavior [ RunTime:0.000016s ]
INFO: [ app_init ] --END-- [ RunTime:0.000621s ]
INFO: [ app_begin ] --START--
INFO: Run Behavior\ReadHtmlCacheBehavior [ RunTime:0.000751s ]
INFO: [ app_begin ] --END-- [ RunTime:0.000820s ]
SQL: SHOW COLUMNS FROM `warn` [ RunTime:0.0428s ]
SQL: SHOW COLUMNS FROM `warn` [ RunTime:0.0425s ]
SQL: UPDATE `warn` SET `now`='PASS' WHERE `id` = 55 [ RunTime:0.0420s ]
INFO: [ app_end ] --START--
INFO: Run Behavior\ShowPageTraceBehavior [ RunTime:0.000690s ]
INFO: [ app_end ] --END-- [ RunTime:0.000730s ]

[ 2017-06-16T23:43:52+08:00 ] ::1 /csqx/index.php/admin/warn/passWarn/warnlist.html
INFO: [ app_init ] --START--
INFO: Run Behavior\BuildLiteBehavior [ RunTime:0.000013s ]
INFO: [ app_init ] --END-- [ RunTime:0.000460s ]
INFO: [ app_begin ] --START--
INFO: Run Behavior\ReadHtmlCacheBehavior [ RunTime:0.000605s ]
INFO: [ app_begin ] --END-- [ RunTime:0.000650s ]
SQL: SHOW COLUMNS FROM `warn` [ RunTime:0.0446s ]
SQL: SHOW COLUMNS FROM `warn` [ RunTime:0.0444s ]
NOTIC: [8] Undefined index: id D:\xampp\htdocs\csqx\Admin\Model\WarnModel.class.php 第 104 行.
INFO: [ app_end ] --START--
INFO: Run Behavior\ShowPageTraceBehavior [ RunTime:0.000654s ]
INFO: [ app_end ] --END-- [ RunTime:0.000701s ]

[ 2017-06-16T23:43:53+08:00 ] ::1 /csqx/index.php/admin/warn/warnlist.html
INFO: [ app_init ] --START--
INFO: Run Behavior\BuildLiteBehavior [ RunTime:0.000011s ]
INFO: [ app_init ] --END-- [ RunTime:0.000522s ]
INFO: [ app_begin ] --START--
INFO: Run Behavior\ReadHtmlCacheBehavior [ RunTime:0.000595s ]
INFO: [ app_begin ] --END-- [ RunTime:0.000646s ]
SQL: SHOW COLUMNS FROM `warn` [ RunTime:0.0462s ]
SQL: SHOW COLUMNS FROM `warn` [ RunTime:0.0472s ]
SQL: SELECT * FROM `warn` WHERE ( city='all' AND now='NOW' )  [ RunTime:0.0459s ]
SQL: SELECT * FROM `warn` WHERE ( now='NOW' AND city!='all' )  [ RunTime:0.0439s ]
INFO: [ view_parse ] --START--
INFO: [ template_filter ] --START--
INFO: Run Behavior\ContentReplaceBehavior [ RunTime:0.000046s ]
INFO: [ template_filter ] --END-- [ RunTime:0.000095s ]
NOTIC: [8] Use of undefined constant id - assumed 'id' D:\xampp\htdocs\csqx\Runtime\Cache\Admin\8f3ce6564fe3e0828521e5cce9f3aabe.php 第 73 行.
INFO: Run Behavior\ParseTemplateBehavior [ RunTime:0.008684s ]
INFO: [ view_parse ] --END-- [ RunTime:0.008765s ]
INFO: [ view_filter ] --START--
INFO: Run Behavior\WriteHtmlCacheBehavior [ RunTime:0.000478s ]
INFO: [ view_filter ] --END-- [ RunTime:0.000524s ]
INFO: [ app_end ] --START--
INFO: Run Behavior\ShowPageTraceBehavior [ RunTime:0.000727s ]
INFO: [ app_end ] --END-- [ RunTime:0.000769s ]

[ 2017-06-16T23:43:54+08:00 ] ::1 /csqx/index.php/admin/warn/passWarn/id/56.html
INFO: [ app_init ] --START--
INFO: Run Behavior\BuildLiteBehavior [ RunTime:0.000014s ]
INFO: [ app_init ] --END-- [ RunTime:0.000482s ]
INFO: [ app_begin ] --START--
INFO: Run Behavior\ReadHtmlCacheBehavior [ RunTime:0.000608s ]
INFO: [ app_begin ] --END-- [ RunTime:0.000653s ]
SQL: SHOW COLUMNS FROM `warn` [ RunTime:0.0446s ]
SQL: SHOW COLUMNS FROM `warn` [ RunTime:0.0448s ]
SQL: UPDATE `warn` SET `now`='PASS' WHERE `id` = 56 [ RunTime:0.0441s ]
INFO: [ app_end ] --START--
INFO: Run Behavior\ShowPageTraceBehavior [ RunTime:0.002734s ]
INFO: [ app_end ] --END-- [ RunTime:0.002959s ]

[ 2017-06-16T23:43:54+08:00 ] ::1 /csqx/index.php/admin/warn/passWarn/warnlist.html
INFO: [ app_init ] --START--
INFO: Run Behavior\BuildLiteBehavior [ RunTime:0.000012s ]
INFO: [ app_init ] --END-- [ RunTime:0.000546s ]
INFO: [ app_begin ] --START--
INFO: Run Behavior\ReadHtmlCacheBehavior [ RunTime:0.000702s ]
INFO: [ app_begin ] --END-- [ RunTime:0.000759s ]
SQL: SHOW COLUMNS FROM `warn` [ RunTime:0.0449s ]
SQL: SHOW COLUMNS FROM `warn` [ RunTime:0.0453s ]
NOTIC: [8] Undefined index: id D:\xampp\htdocs\csqx\Admin\Model\WarnModel.class.php 第 104 行.
INFO: [ app_end ] --START--
INFO: Run Behavior\ShowPageTraceBehavior [ RunTime:0.000740s ]
INFO: [ app_end ] --END-- [ RunTime:0.000809s ]

[ 2017-06-16T23:43:54+08:00 ] ::1 /csqx/index.php/admin/warn/warnlist.html
INFO: [ app_init ] --START--
INFO: Run Behavior\BuildLiteBehavior [ RunTime:0.000011s ]
INFO: [ app_init ] --END-- [ RunTime:0.000547s ]
INFO: [ app_begin ] --START--
INFO: Run Behavior\ReadHtmlCacheBehavior [ RunTime:0.000595s ]
INFO: [ app_begin ] --END-- [ RunTime:0.000636s ]
SQL: SHOW COLUMNS FROM `warn` [ RunTime:0.0437s ]
SQL: SHOW COLUMNS FROM `warn` [ RunTime:0.0435s ]
SQL: SELECT * FROM `warn` WHERE ( city='all' AND now='NOW' )  [ RunTime:0.0458s ]
SQL: SELECT * FROM `warn` WHERE ( now='NOW' AND city!='all' )  [ RunTime:0.0432s ]
INFO: [ view_parse ] --START--
INFO: [ template_filter ] --START--
INFO: Run Behavior\ContentReplaceBehavior [ RunTime:0.000054s ]
INFO: [ template_filter ] --END-- [ RunTime:0.000113s ]
INFO: Run Behavior\ParseTemplateBehavior [ RunTime:0.008405s ]
INFO: [ view_parse ] --END-- [ RunTime:0.008475s ]
INFO: [ view_filter ] --START--
INFO: Run Behavior\WriteHtmlCacheBehavior [ RunTime:0.000439s ]
INFO: [ view_filter ] --END-- [ RunTime:0.000488s ]
INFO: [ app_end ] --START--
INFO: Run Behavior\ShowPageTraceBehavior [ RunTime:0.001044s ]
INFO: [ app_end ] --END-- [ RunTime:0.001104s ]

